  Using 'git status' to determine working set for adaptive non-unity build (C:\Users\Kristof\Documents\GitHub\CPP_Tank).
  Creating makefile for Tank_CPPEditor (no existing makefile)
  Performing full C++ include scan (no include cache file)
  Using Visual Studio 2017 14.16.27023 toolchain (C:\Program Files (x86)\Microsoft Visual Studio\2017\Community\VC\Tools\MSVC\14.16.27023) and Windows 10.0.16299.0 SDK (C:\Program Files (x86)\Windows Kits\10).
  Parsing headers for Tank_CPPEditor
    Running UnrealHeaderTool "C:\Users\Kristof\Documents\GitHub\CPP_Tank\Tank_CPP\Tank_CPP.uproject" "C:\Users\Kristof\Documents\GitHub\CPP_Tank\Tank_CPP\Intermediate\Build\Win64\Tank_CPPEditor\Development\Tank_CPPEditor.uhtmanifest" -LogCmds="loginit warning, logexit warning, logdatabase error" -Unattended -WarningsAsErrors -installed
  Reflection code generated for Tank_CPPEditor in 10.3687292 seconds
  Building 18 actions with 8 processes...
    [1/18] PCLaunch.rc
    [2/18] SharedPCH.Engine.cpp
    [3/18] TankAimingComponent.cpp
    [4/18] TankAimingComponent.gen.cpp
    [5/18] TankPlayerController.gen.cpp
    [6/18] TankAimComponent.gen.cpp
    [7/18] TankBarrel.gen.cpp
    [8/18] Tank.gen.cpp
    [9/18] TankAimComponent.cpp
    [10/18] Tank_CPP.cpp
    [11/18] Tank.cpp
    [12/18] TankPlayerController.cpp
    [13/18] TankBarrel.cpp
    [14/18] Tank_CPP.init.gen.cpp
    [15/18] TankAIController.gen.cpp
    [16/18] TankAIController.cpp
    [17/18] UE4Editor-Tank_CPP.lib
       Creating library C:\Users\Kristof\Documents\GitHub\CPP_Tank\Tank_CPP\Intermediate\Build\Win64\UE4Editor\Development\Tank_CPP\UE4Editor-Tank_CPP.lib and object C:\Users\Kristof\Documents\GitHub\CPP_Tank\Tank_CPP\Intermediate\Build\Win64\UE4Editor\Development\Tank_CPP\UE4Editor-Tank_CPP.exp
    [18/18] UE4Editor-Tank_CPP.dll
       Creating library C:\Users\Kristof\Documents\GitHub\CPP_Tank\Tank_CPP\Intermediate\Build\Win64\UE4Editor\Development\Tank_CPP\UE4Editor-Tank_CPP.suppressed.lib and object C:\Users\Kristof\Documents\GitHub\CPP_Tank\Tank_CPP\Intermediate\Build\Win64\UE4Editor\Development\Tank_CPP\UE4Editor-Tank_CPP.suppressed.exp
  Deploying Tank_CPPEditor Win64 Development...
  Total build time: 81.26 seconds (Parallel executor: 29.46 seconds)
