Log file open, 01/10/19 17:08:01
LogWindows: Failed to load 'aqProf.dll' (GetLastError=126)
LogWindows: File 'aqProf.dll' does not exist
LogWindows: Failed to load 'VtuneApi.dll' (GetLastError=126)
LogWindows: File 'VtuneApi.dll' does not exist
LogWindows: Failed to load 'VtuneApi32e.dll' (GetLastError=126)
LogWindows: File 'VtuneApi32e.dll' does not exist
LogConsoleResponse: Display: Failed to find resolution value strings in scalability ini. Falling back to default.
LogInit: Display: Running engine for game: Tank_CPP
LogPakFile: Registered encryption key '00000000000000000000000000000000': 0 pak files mounted, 0 remain pending
LogPlatformFile: Not using cached read wrapper
LogTaskGraph: Started task graph with 5 named threads and 35 total threads with 3 sets of task threads.
LogStats: Stats thread started at 0.605356
LogD3D11RHI: Loaded GFSDK_Aftermath_Lib.x64.dll
LogICUInternationalization: ICU TimeZone Detection - Raw Offset: +1:00, Platform Override: ''
LogPluginManager: Mounting plugin Paper2D
LogPluginManager: Mounting plugin AISupport
LogPluginManager: Mounting plugin LightPropagationVolume
LogPluginManager: Mounting plugin ActorLayerUtilities
LogPluginManager: Mounting plugin CLionSourceCodeAccess
LogPluginManager: Mounting plugin CodeLiteSourceCodeAccess
LogPluginManager: Mounting plugin GitSourceControl
LogPluginManager: Mounting plugin KDevelopSourceCodeAccess
LogPluginManager: Mounting plugin NullSourceCodeAccess
LogPluginManager: Mounting plugin PerforceSourceControl
LogPluginManager: Mounting plugin SubversionSourceControl
LogPluginManager: Mounting plugin UObjectPlugin
LogPluginManager: Mounting plugin VisualStudioCodeSourceCodeAccess
LogPluginManager: Mounting plugin VisualStudioSourceCodeAccess
LogPluginManager: Mounting plugin XCodeSourceCodeAccess
LogPluginManager: Mounting plugin AssetManagerEditor
LogPluginManager: Mounting plugin CryptoKeys
LogPluginManager: Mounting plugin DataValidation
LogPluginManager: Mounting plugin FacialAnimation
LogPluginManager: Mounting plugin GameplayTagsEditor
LogPluginManager: Mounting plugin MacGraphicsSwitching
LogPluginManager: Mounting plugin MeshEditor
LogPluginManager: Mounting plugin MobileLauncherProfileWizard
LogPluginManager: Mounting plugin PluginBrowser
LogPluginManager: Mounting plugin SpeedTreeImporter
LogPluginManager: Mounting plugin DatasmithContent
LogPluginManager: Mounting plugin VariantManagerContent
LogPluginManager: Mounting plugin AlembicImporter
LogPluginManager: Mounting plugin AppleImageUtils
LogPluginManager: Mounting plugin AppleVision
LogPluginManager: Mounting plugin BackChannel
LogPluginManager: Mounting plugin CharacterAI
LogPluginManager: Mounting plugin GeometryCache
LogPluginManager: Mounting plugin HTML5Networking
LogPluginManager: Mounting plugin ProxyLODPlugin
LogPluginManager: Mounting plugin MagicLeap
LogPluginManager: Mounting plugin MagicLeapMedia
LogPluginManager: Mounting plugin AndroidMedia
LogPluginManager: Mounting plugin AvfMedia
LogPluginManager: Mounting plugin ImgMedia
LogPluginManager: Mounting plugin LinearTimecode
LogPluginManager: Mounting plugin MediaCompositing
LogPluginManager: Mounting plugin MediaPlayerEditor
LogPluginManager: Mounting plugin WebMMedia
LogPluginManager: Mounting plugin WmfMedia
LogPluginManager: Mounting plugin TcpMessaging
LogPluginManager: Mounting plugin UdpMessaging
LogPluginManager: Mounting plugin ActorSequence
LogPluginManager: Mounting plugin LevelSequenceEditor
LogPluginManager: Mounting plugin MatineeToLevelSequence
LogPluginManager: Mounting plugin NetcodeUnitTest
LogPluginManager: Mounting plugin NUTUnrealEngine4
LogPluginManager: Mounting plugin OnlineSubsystemGooglePlay
LogPluginManager: Mounting plugin OnlineSubsystemIOS
LogPluginManager: Mounting plugin OnlineSubsystem
LogPluginManager: Mounting plugin OnlineSubsystemNull
LogPluginManager: Mounting plugin OnlineSubsystemUtils
LogPluginManager: Mounting plugin LauncherChunkInstaller
LogPluginManager: Mounting plugin AndroidDeviceProfileSelector
LogPluginManager: Mounting plugin AndroidMoviePlayer
LogPluginManager: Mounting plugin AndroidPermission
LogPluginManager: Mounting plugin AppleMoviePlayer
LogPluginManager: Mounting plugin ArchVisCharacter
LogPluginManager: Mounting plugin AudioCapture
LogPluginManager: Mounting plugin CableComponent
LogPluginManager: Mounting plugin CustomMeshComponent
LogPluginManager: Mounting plugin EditableMesh
LogPluginManager: Mounting plugin ExampleDeviceProfileSelector
LogPluginManager: Mounting plugin Firebase
LogPluginManager: Mounting plugin GoogleCloudMessaging
LogPluginManager: Mounting plugin IOSDeviceProfileSelector
LogPluginManager: Mounting plugin LinuxDeviceProfileSelector
LogPluginManager: Mounting plugin LocationServicesBPLibrary
LogPluginManager: Mounting plugin MobilePatchingUtils
LogPluginManager: Mounting plugin OculusVR
LogPluginManager: Mounting plugin PhysXVehicles
LogPluginManager: Mounting plugin ProceduralMeshComponent
LogPluginManager: Mounting plugin RuntimePhysXCooking
LogPluginManager: Mounting plugin SteamVR
LogPluginManager: Mounting plugin WebMMoviePlayer
LogPluginManager: Mounting plugin WindowsMoviePlayer
LogStreaming: Display: Took  0.078s to configure plugins.
LogInit: Using libcurl 7.55.1-DEV
LogInit:  - built for x86_64-pc-win32
LogInit:  - supports SSL with OpenSSL/1.0.2h
LogInit:  - supports HTTP deflate (compression) using libz 1.2.8
LogInit:  - other features:
LogInit:      CURL_VERSION_SSL
LogInit:      CURL_VERSION_LIBZ
LogInit:      CURL_VERSION_IPV6
LogInit:      CURL_VERSION_ASYNCHDNS
LogInit:      CURL_VERSION_LARGEFILE
LogInit:      CURL_VERSION_IDN
LogInit:  CurlRequestOptions (configurable via config and command line):
LogInit:  - bVerifyPeer = true  - Libcurl will verify peer certificate
LogInit:  - bUseHttpProxy = false  - Libcurl will NOT use HTTP proxy
LogInit:  - bDontReuseConnections = false  - Libcurl will reuse connections
LogInit:  - MaxHostConnections = 16  - Libcurl will limit the number of connections to a host
LogInit:  - LocalHostAddr = Default
LogInit:  - BufferSize = 65536
LogInit: WinSock: version 1.1 (2.2), MaxSocks=32767, MaxUdp=65467
LogInit: Build: ++UE4+Release-4.21-CL-4613538
LogInit: Engine Version: 4.21.1-4613538+++UE4+Release-4.21
LogInit: Compatible Engine Version: 4.21.0-4541578+++UE4+Release-4.21
LogInit: Net CL: 4541578
LogInit: OS: Windows 10 (), CPU: Intel(R) Core(TM) i7-8700K CPU @ 3.70GHz, GPU: NVIDIA GeForce GTX 1080 Ti
LogInit: Compiled (64-bit): Nov 30 2018 04:13:25
LogInit: Compiled with Visual C++: 19.13.26129.00
LogInit: Build Configuration: Development
LogInit: Branch Name: ++UE4+Release-4.21
LogInit: Command Line:  -skipcompile
LogInit: Base Directory: G:/Unreal Editor Versions/UE_4.21/Engine/Binaries/Win64/
LogInit: Installed Engine Build: 1
LogDevObjectVersion: Number of dev versions registered: 22
LogDevObjectVersion:   Dev-Blueprints (B0D832E4-1F89-4F0D-ACCF-7EB736FD4AA2): 10
LogDevObjectVersion:   Dev-Build (E1C64328-A22C-4D53-A36C-8E866417BD8C): 0
LogDevObjectVersion:   Dev-Core (375EC13C-06E4-48FB-B500-84F0262A717E): 2
LogDevObjectVersion:   Dev-Editor (E4B068ED-F494-42E9-A231-DA0B2E46BB41): 26
LogDevObjectVersion:   Dev-Framework (CFFC743F-43B0-4480-9391-14DF171D2073): 34
LogDevObjectVersion:   Dev-Mobile (B02B49B5-BB20-44E9-A304-32B752E40360): 2
LogDevObjectVersion:   Dev-Networking (A4E4105C-59A1-49B5-A7C5-40C4547EDFEE): 0
LogDevObjectVersion:   Dev-Online (39C831C9-5AE6-47DC-9A44-9C173E1C8E7C): 0
LogDevObjectVersion:   Dev-Physics (78F01B33-EBEA-4F98-B9B4-84EACCB95AA2): 0
LogDevObjectVersion:   Dev-Platform (6631380F-2D4D-43E0-8009-CF276956A95A): 0
LogDevObjectVersion:   Dev-Rendering (12F88B9F-8875-4AFC-A67C-D90C383ABD29): 27
LogDevObjectVersion:   Dev-Sequencer (7B5AE74C-D270-4C10-A958-57980B212A5A): 9
LogDevObjectVersion:   Dev-VR (D7296918-1DD6-4BDD-9DE2-64A83CC13884): 2
LogDevObjectVersion:   Dev-LoadTimes (C2A15278-BFE7-4AFE-6C17-90FF531DF755): 1
LogDevObjectVersion:   Private-Geometry (6EACA3D4-40EC-4CC1-B786-8BED09428FC5): 3
LogDevObjectVersion:   Dev-AnimPhys (29E575DD-E0A3-4627-9D10-D276232CDCEA): 17
LogDevObjectVersion:   Dev-Anim (AF43A65D-7FD3-4947-9873-3E8ED9C1BB05): 2
LogDevObjectVersion:   Dev-ReflectionCapture (6B266CEC-1EC7-4B8F-A30B-E4D90942FC07): 1
LogDevObjectVersion:   Dev-Automation (0DF73D61-A23F-47EA-B727-89E90C41499A): 1
LogDevObjectVersion:   FortniteMain (601D1886-AC64-4F84-AA16-D3DE0DEAC7D6): 17
LogDevObjectVersion:   Dev-Enterprise (9DFFBCD6-494F-0158-E221-12823C92A888): 4
LogDevObjectVersion:   Dev-Niagara (F2AED0AC-9AFE-416F-8664-AA7FFA26D6FC): 1
LogStreaming: Display: Took  0.000s to delete old logs.
LogInit: Presizing for max 8388607 objects, including 0 objects not considered by GC, pre-allocating 0 bytes for permanent pool.
LogInit: Object subsystem initialized
LogConfig: Setting CVar [[con.DebugEarlyDefault:1]]
LogConfig: Setting CVar [[r.setres:1280x720]]
[2019.01.10-16.08.02:152][  0]LogConfig: Setting CVar [[r.VSync:0]]
[2019.01.10-16.08.02:152][  0]LogConfig: Setting CVar [[r.RHICmdBypass:0]]
[2019.01.10-16.08.02:152][  0]LogConfig: Applying CVar settings from Section [/Script/Engine.RendererSettings] File [E:/Unreal Projects/CPP_Tank/Tank_CPP/Saved/Config/Windows/Engine.ini]
[2019.01.10-16.08.02:152][  0]LogConfig: Setting CVar [[r.GPUCrashDebugging:0]]
[2019.01.10-16.08.02:152][  0]LogConfig: Applying CVar settings from Section [/Script/Engine.RendererOverrideSettings] File [E:/Unreal Projects/CPP_Tank/Tank_CPP/Saved/Config/Windows/Engine.ini]
[2019.01.10-16.08.02:153][  0]LogConfig: Applying CVar settings from Section [/Script/Engine.StreamingSettings] File [E:/Unreal Projects/CPP_Tank/Tank_CPP/Saved/Config/Windows/Engine.ini]
[2019.01.10-16.08.02:153][  0]LogConfig: Setting CVar [[s.MinBulkDataSizeForAsyncLoading:131072]]
[2019.01.10-16.08.02:153][  0]LogConfig: Setting CVar [[s.AsyncLoadingThreadEnabled:0]]
[2019.01.10-16.08.02:153][  0]LogConfig: Setting CVar [[s.EventDrivenLoaderEnabled:1]]
[2019.01.10-16.08.02:153][  0]LogConfig: Setting CVar [[s.WarnIfTimeLimitExceeded:0]]
[2019.01.10-16.08.02:153][  0]LogConfig: Setting CVar [[s.TimeLimitExceededMultiplier:1.5]]
[2019.01.10-16.08.02:153][  0]LogConfig: Setting CVar [[s.TimeLimitExceededMinTime:0.005]]
[2019.01.10-16.08.02:153][  0]LogConfig: Setting CVar [[s.UseBackgroundLevelStreaming:1]]
[2019.01.10-16.08.02:153][  0]LogConfig: Setting CVar [[s.PriorityAsyncLoadingExtraTime:15.0]]
[2019.01.10-16.08.02:153][  0]LogConfig: Setting CVar [[s.LevelStreamingActorsUpdateTimeLimit:5.0]]
[2019.01.10-16.08.02:153][  0]LogConfig: Setting CVar [[s.PriorityLevelStreamingActorsUpdateExtraTime:5.0]]
[2019.01.10-16.08.02:153][  0]LogConfig: Setting CVar [[s.LevelStreamingComponentsRegistrationGranularity:10]]
[2019.01.10-16.08.02:153][  0]LogConfig: Setting CVar [[s.UnregisterComponentsTimeLimit:1.0]]
[2019.01.10-16.08.02:153][  0]LogConfig: Setting CVar [[s.LevelStreamingComponentsUnregistrationGranularity:5]]
[2019.01.10-16.08.02:153][  0]LogConfig: Applying CVar settings from Section [/Script/Engine.GarbageCollectionSettings] File [E:/Unreal Projects/CPP_Tank/Tank_CPP/Saved/Config/Windows/Engine.ini]
[2019.01.10-16.08.02:153][  0]LogConfig: Setting CVar [[gc.MaxObjectsNotConsideredByGC:1]]
[2019.01.10-16.08.02:154][  0]LogConfig: Setting CVar [[gc.SizeOfPermanentObjectPool:0]]
[2019.01.10-16.08.02:154][  0]LogConfig: Setting CVar [[gc.FlushStreamingOnGC:0]]
[2019.01.10-16.08.02:154][  0]LogConfig: Setting CVar [[gc.NumRetriesBeforeForcingGC:10]]
[2019.01.10-16.08.02:154][  0]LogConfig: Setting CVar [[gc.AllowParallelGC:1]]
[2019.01.10-16.08.02:154][  0]LogConfig: Setting CVar [[gc.TimeBetweenPurgingPendingKillObjects:61.1]]
[2019.01.10-16.08.02:154][  0]LogConfig: Setting CVar [[gc.MaxObjectsInEditor:8388607]]
[2019.01.10-16.08.02:154][  0]LogConfig: Setting CVar [[gc.IncrementalBeginDestroyEnabled:1]]
[2019.01.10-16.08.02:154][  0]LogConfig: Setting CVar [[gc.CreateGCClusters:1]]
[2019.01.10-16.08.02:154][  0]LogConfig: Setting CVar [[gc.MergeGCClusters:0]]
[2019.01.10-16.08.02:154][  0]LogConfig: Setting CVar [[gc.MinGCClusterSize:5]]
[2019.01.10-16.08.02:154][  0]LogConfig: Setting CVar [[gc.ActorClusteringEnabled:0]]
[2019.01.10-16.08.02:154][  0]LogConfig: Setting CVar [[gc.BlueprintClusteringEnabled:0]]
[2019.01.10-16.08.02:154][  0]LogConfig: Setting CVar [[gc.UseDisregardForGCOnDedicatedServers:0]]
[2019.01.10-16.08.02:154][  0]LogConfig: Applying CVar settings from Section [/Script/Engine.NetworkSettings] File [E:/Unreal Projects/CPP_Tank/Tank_CPP/Saved/Config/Windows/Engine.ini]
[2019.01.10-16.08.02:154][  0]LogConfig: Applying CVar settings from Section [/Script/UnrealEd.CookerSettings] File [E:/Unreal Projects/CPP_Tank/Tank_CPP/Saved/Config/Windows/Engine.ini]
[2019.01.10-16.08.02:165][  0]LogConfig: Applying CVar settings from Section [ViewDistanceQuality@3] File [E:/Unreal Projects/CPP_Tank/Tank_CPP/Saved/Config/Windows/Scalability.ini]
[2019.01.10-16.08.02:165][  0]LogConfig: Setting CVar [[r.SkeletalMeshLODBias:0]]
[2019.01.10-16.08.02:165][  0]LogConfig: Setting CVar [[r.ViewDistanceScale:1.0]]
[2019.01.10-16.08.02:165][  0]LogConfig: Applying CVar settings from Section [AntiAliasingQuality@3] File [E:/Unreal Projects/CPP_Tank/Tank_CPP/Saved/Config/Windows/Scalability.ini]
[2019.01.10-16.08.02:165][  0]LogConfig: Setting CVar [[r.PostProcessAAQuality:4]]
[2019.01.10-16.08.02:165][  0]LogConfig: Applying CVar settings from Section [ShadowQuality@3] File [E:/Unreal Projects/CPP_Tank/Tank_CPP/Saved/Config/Windows/Scalability.ini]
[2019.01.10-16.08.02:165][  0]LogConfig: Setting CVar [[r.LightFunctionQuality:1]]
[2019.01.10-16.08.02:165][  0]LogConfig: Setting CVar [[r.ShadowQuality:5]]
[2019.01.10-16.08.02:165][  0]LogConfig: Setting CVar [[r.Shadow.CSM.MaxCascades:10]]
[2019.01.10-16.08.02:165][  0]LogConfig: Setting CVar [[r.Shadow.MaxResolution:2048]]
[2019.01.10-16.08.02:165][  0]LogConfig: Setting CVar [[r.Shadow.MaxCSMResolution:2048]]
[2019.01.10-16.08.02:166][  0]LogConfig: Setting CVar [[r.Shadow.RadiusThreshold:0.01]]
[2019.01.10-16.08.02:166][  0]LogConfig: Setting CVar [[r.Shadow.DistanceScale:1.0]]
[2019.01.10-16.08.02:166][  0]LogConfig: Setting CVar [[r.Shadow.CSM.TransitionScale:1.0]]
[2019.01.10-16.08.02:166][  0]LogConfig: Setting CVar [[r.Shadow.PreShadowResolutionFactor:1.0]]
[2019.01.10-16.08.02:166][  0]LogConfig: Setting CVar [[r.DistanceFieldShadowing:1]]
[2019.01.10-16.08.02:166][  0]LogConfig: Setting CVar [[r.DistanceFieldAO:1]]
[2019.01.10-16.08.02:166][  0]LogConfig: Setting CVar [[r.AOQuality:2]]
[2019.01.10-16.08.02:166][  0]LogConfig: Setting CVar [[r.VolumetricFog:1]]
[2019.01.10-16.08.02:166][  0]LogConfig: Setting CVar [[r.VolumetricFog.GridPixelSize:8]]
[2019.01.10-16.08.02:166][  0]LogConfig: Setting CVar [[r.VolumetricFog.GridSizeZ:128]]
[2019.01.10-16.08.02:166][  0]LogConfig: Setting CVar [[r.VolumetricFog.HistoryMissSupersampleCount:4]]
[2019.01.10-16.08.02:166][  0]LogConfig: Setting CVar [[r.LightMaxDrawDistanceScale:1]]
[2019.01.10-16.08.02:166][  0]LogConfig: Setting CVar [[r.CapsuleShadows:1]]
[2019.01.10-16.08.02:166][  0]LogConfig: Applying CVar settings from Section [PostProcessQuality@3] File [E:/Unreal Projects/CPP_Tank/Tank_CPP/Saved/Config/Windows/Scalability.ini]
[2019.01.10-16.08.02:166][  0]LogConfig: Setting CVar [[r.MotionBlurQuality:4]]
[2019.01.10-16.08.02:166][  0]LogConfig: Setting CVar [[r.AmbientOcclusionMipLevelFactor:0.4]]
[2019.01.10-16.08.02:167][  0]LogConfig: Setting CVar [[r.AmbientOcclusionMaxQuality:100]]
[2019.01.10-16.08.02:167][  0]LogConfig: Setting CVar [[r.AmbientOcclusionLevels:-1]]
[2019.01.10-16.08.02:167][  0]LogConfig: Setting CVar [[r.AmbientOcclusionRadiusScale:1.0]]
[2019.01.10-16.08.02:167][  0]LogConfig: Setting CVar [[r.DepthOfFieldQuality:2]]
[2019.01.10-16.08.02:167][  0]LogConfig: Setting CVar [[r.RenderTargetPoolMin:400]]
[2019.01.10-16.08.02:167][  0]LogConfig: Setting CVar [[r.LensFlareQuality:2]]
[2019.01.10-16.08.02:167][  0]LogConfig: Setting CVar [[r.SceneColorFringeQuality:1]]
[2019.01.10-16.08.02:167][  0]LogConfig: Setting CVar [[r.EyeAdaptationQuality:2]]
[2019.01.10-16.08.02:167][  0]LogConfig: Setting CVar [[r.BloomQuality:5]]
[2019.01.10-16.08.02:167][  0]LogConfig: Setting CVar [[r.FastBlurThreshold:100]]
[2019.01.10-16.08.02:167][  0]LogConfig: Setting CVar [[r.Upscale.Quality:3]]
[2019.01.10-16.08.02:167][  0]LogConfig: Setting CVar [[r.Tonemapper.GrainQuantization:1]]
[2019.01.10-16.08.02:167][  0]LogConfig: Setting CVar [[r.LightShaftQuality:1]]
[2019.01.10-16.08.02:167][  0]LogConfig: Setting CVar [[r.Filter.SizeScale:1]]
[2019.01.10-16.08.02:167][  0]LogConfig: Setting CVar [[r.Tonemapper.Quality:5]]
[2019.01.10-16.08.02:168][  0]LogConfig: Setting CVar [[r.DOF.Gather.AccumulatorQuality:1        ; higher gathering accumulator quality]]
[2019.01.10-16.08.02:168][  0]LogConfig: Setting CVar [[r.DOF.Gather.PostfilterMethod:1          ; Median3x3 postfilering method]]
[2019.01.10-16.08.02:168][  0]LogConfig: Setting CVar [[r.DOF.Gather.EnableBokehSettings:0       ; no bokeh simulation when gathering]]
[2019.01.10-16.08.02:168][  0]LogConfig: Setting CVar [[r.DOF.Gather.RingCount:4                 ; medium number of samples when gathering]]
[2019.01.10-16.08.02:168][  0]LogConfig: Setting CVar [[r.DOF.Scatter.ForegroundCompositing:1    ; additive foreground scattering]]
[2019.01.10-16.08.02:168][  0]LogConfig: Setting CVar [[r.DOF.Scatter.BackgroundCompositing:2    ; additive background scattering]]
[2019.01.10-16.08.02:168][  0]LogConfig: Setting CVar [[r.DOF.Scatter.EnableBokehSettings:1      ; bokeh simulation when scattering]]
[2019.01.10-16.08.02:168][  0]LogConfig: Setting CVar [[r.DOF.Scatter.MaxSpriteRatio:0.1         ; only a maximum of 10% of scattered bokeh]]
[2019.01.10-16.08.02:168][  0]LogConfig: Setting CVar [[r.DOF.Recombine.Quality:1                ; cheap slight out of focus]]
[2019.01.10-16.08.02:168][  0]LogConfig: Setting CVar [[r.DOF.Recombine.EnableBokehSettings:0    ; no bokeh simulation on slight out of focus]]
[2019.01.10-16.08.02:168][  0]LogConfig: Setting CVar [[r.DOF.TemporalAAQuality:1                ; more stable temporal accumulation]]
[2019.01.10-16.08.02:168][  0]LogConfig: Setting CVar [[r.DOF.Kernel.MaxForegroundRadius:0.025]]
[2019.01.10-16.08.02:168][  0]LogConfig: Setting CVar [[r.DOF.Kernel.MaxBackgroundRadius:0.025]]
[2019.01.10-16.08.02:168][  0]LogConfig: Applying CVar settings from Section [TextureQuality@3] File [E:/Unreal Projects/CPP_Tank/Tank_CPP/Saved/Config/Windows/Scalability.ini]
[2019.01.10-16.08.02:168][  0]LogConfig: Setting CVar [[r.Streaming.MipBias:0]]
[2019.01.10-16.08.02:169][  0]LogConfig: Setting CVar [[r.Streaming.AmortizeCPUToGPUCopy:0]]
[2019.01.10-16.08.02:169][  0]LogConfig: Setting CVar [[r.Streaming.MaxNumTexturesToStreamPerFrame:0]]
[2019.01.10-16.08.02:169][  0]LogConfig: Setting CVar [[r.Streaming.Boost:1]]
[2019.01.10-16.08.02:169][  0]LogConfig: Setting CVar [[r.MaxAnisotropy:8]]
[2019.01.10-16.08.02:169][  0]LogConfig: Setting CVar [[r.Streaming.LimitPoolSizeToVRAM:0]]
[2019.01.10-16.08.02:169][  0]LogConfig: Setting CVar [[r.Streaming.PoolSize:1000]]
[2019.01.10-16.08.02:169][  0]LogConfig: Setting CVar [[r.Streaming.MaxEffectiveScreenSize:0]]
[2019.01.10-16.08.02:169][  0]LogConfig: Applying CVar settings from Section [EffectsQuality@3] File [E:/Unreal Projects/CPP_Tank/Tank_CPP/Saved/Config/Windows/Scalability.ini]
[2019.01.10-16.08.02:169][  0]LogConfig: Setting CVar [[r.TranslucencyLightingVolumeDim:64]]
[2019.01.10-16.08.02:169][  0]LogConfig: Setting CVar [[r.RefractionQuality:2]]
[2019.01.10-16.08.02:169][  0]LogConfig: Setting CVar [[r.SSR.Quality:3]]
[2019.01.10-16.08.02:169][  0]LogConfig: Setting CVar [[r.SceneColorFormat:4]]
[2019.01.10-16.08.02:169][  0]LogConfig: Setting CVar [[r.DetailMode:2]]
[2019.01.10-16.08.02:169][  0]LogConfig: Setting CVar [[r.TranslucencyVolumeBlur:1]]
[2019.01.10-16.08.02:169][  0]LogConfig: Setting CVar [[r.MaterialQualityLevel:1 ; High quality]]
[2019.01.10-16.08.02:170][  0]LogConfig: Setting CVar [[r.SSS.Scale:1]]
[2019.01.10-16.08.02:170][  0]LogConfig: Setting CVar [[r.SSS.SampleSet:2]]
[2019.01.10-16.08.02:170][  0]LogConfig: Setting CVar [[r.SSS.Quality:1]]
[2019.01.10-16.08.02:170][  0]LogConfig: Setting CVar [[r.SSS.HalfRes:1]]
[2019.01.10-16.08.02:170][  0]LogConfig: Setting CVar [[r.EmitterSpawnRateScale:1.0]]
[2019.01.10-16.08.02:170][  0]LogConfig: Setting CVar [[r.ParticleLightQuality:2]]
[2019.01.10-16.08.02:170][  0]LogConfig: Applying CVar settings from Section [FoliageQuality@3] File [E:/Unreal Projects/CPP_Tank/Tank_CPP/Saved/Config/Windows/Scalability.ini]
[2019.01.10-16.08.02:170][  0]LogConfig: Setting CVar [[foliage.DensityScale:1.0]]
[2019.01.10-16.08.02:170][  0]LogConfig: Setting CVar [[grass.DensityScale:1.0]]
[2019.01.10-16.08.02:170][  0]LogInit: Selected Device Profile: [Windows]
[2019.01.10-16.08.02:170][  0]LogInit: Applying CVar settings loaded from the selected device profile: [Windows]
[2019.01.10-16.08.02:184][  0]LogHAL: Display: Platform has ~ 32 GB [34312249344 / 34359738368 / 32], which maps to Largest [LargestMinGB=32, LargerMinGB=12, DefaultMinGB=8, SmallerMinGB=6, SmallestMinGB=0)
[2019.01.10-16.08.02:184][  0]LogConfig: Setting CVar [[r.Vulkan.UseRealUBs:1]]
[2019.01.10-16.08.02:184][  0]LogInit: Going up to parent DeviceProfile []
[2019.01.10-16.08.02:184][  0]LogConfig: Applying CVar settings from Section [ViewDistanceQuality@3] File [E:/Unreal Projects/CPP_Tank/Tank_CPP/Saved/Config/Windows/Scalability.ini]
[2019.01.10-16.08.02:185][  0]LogConfig: Setting CVar [[r.SkeletalMeshLODBias:0]]
[2019.01.10-16.08.02:185][  0]LogConfig: Setting CVar [[r.ViewDistanceScale:1.0]]
[2019.01.10-16.08.02:185][  0]LogConfig: Applying CVar settings from Section [AntiAliasingQuality@3] File [E:/Unreal Projects/CPP_Tank/Tank_CPP/Saved/Config/Windows/Scalability.ini]
[2019.01.10-16.08.02:185][  0]LogConfig: Setting CVar [[r.PostProcessAAQuality:4]]
[2019.01.10-16.08.02:185][  0]LogConfig: Applying CVar settings from Section [ShadowQuality@3] File [E:/Unreal Projects/CPP_Tank/Tank_CPP/Saved/Config/Windows/Scalability.ini]
[2019.01.10-16.08.02:185][  0]LogConfig: Setting CVar [[r.LightFunctionQuality:1]]
[2019.01.10-16.08.02:185][  0]LogConfig: Setting CVar [[r.ShadowQuality:5]]
[2019.01.10-16.08.02:185][  0]LogConfig: Setting CVar [[r.Shadow.CSM.MaxCascades:10]]
[2019.01.10-16.08.02:185][  0]LogConfig: Setting CVar [[r.Shadow.MaxResolution:2048]]
[2019.01.10-16.08.02:185][  0]LogConfig: Setting CVar [[r.Shadow.MaxCSMResolution:2048]]
[2019.01.10-16.08.02:185][  0]LogConfig: Setting CVar [[r.Shadow.RadiusThreshold:0.01]]
[2019.01.10-16.08.02:185][  0]LogConfig: Setting CVar [[r.Shadow.DistanceScale:1.0]]
[2019.01.10-16.08.02:185][  0]LogConfig: Setting CVar [[r.Shadow.CSM.TransitionScale:1.0]]
[2019.01.10-16.08.02:185][  0]LogConfig: Setting CVar [[r.Shadow.PreShadowResolutionFactor:1.0]]
[2019.01.10-16.08.02:185][  0]LogConfig: Setting CVar [[r.DistanceFieldShadowing:1]]
[2019.01.10-16.08.02:185][  0]LogConfig: Setting CVar [[r.DistanceFieldAO:1]]
[2019.01.10-16.08.02:185][  0]LogConfig: Setting CVar [[r.AOQuality:2]]
[2019.01.10-16.08.02:185][  0]LogConfig: Setting CVar [[r.VolumetricFog:1]]
[2019.01.10-16.08.02:185][  0]LogConfig: Setting CVar [[r.VolumetricFog.GridPixelSize:8]]
[2019.01.10-16.08.02:185][  0]LogConfig: Setting CVar [[r.VolumetricFog.GridSizeZ:128]]
[2019.01.10-16.08.02:185][  0]LogConfig: Setting CVar [[r.VolumetricFog.HistoryMissSupersampleCount:4]]
[2019.01.10-16.08.02:185][  0]LogConfig: Setting CVar [[r.LightMaxDrawDistanceScale:1]]
[2019.01.10-16.08.02:185][  0]LogConfig: Setting CVar [[r.CapsuleShadows:1]]
[2019.01.10-16.08.02:185][  0]LogConfig: Applying CVar settings from Section [PostProcessQuality@3] File [E:/Unreal Projects/CPP_Tank/Tank_CPP/Saved/Config/Windows/Scalability.ini]
[2019.01.10-16.08.02:185][  0]LogConfig: Setting CVar [[r.MotionBlurQuality:4]]
[2019.01.10-16.08.02:186][  0]LogConfig: Setting CVar [[r.AmbientOcclusionMipLevelFactor:0.4]]
[2019.01.10-16.08.02:186][  0]LogConfig: Setting CVar [[r.AmbientOcclusionMaxQuality:100]]
[2019.01.10-16.08.02:186][  0]LogConfig: Setting CVar [[r.AmbientOcclusionLevels:-1]]
[2019.01.10-16.08.02:186][  0]LogConfig: Setting CVar [[r.AmbientOcclusionRadiusScale:1.0]]
[2019.01.10-16.08.02:186][  0]LogConfig: Setting CVar [[r.DepthOfFieldQuality:2]]
[2019.01.10-16.08.02:186][  0]LogConfig: Setting CVar [[r.RenderTargetPoolMin:400]]
[2019.01.10-16.08.02:186][  0]LogConfig: Setting CVar [[r.LensFlareQuality:2]]
[2019.01.10-16.08.02:186][  0]LogConfig: Setting CVar [[r.SceneColorFringeQuality:1]]
[2019.01.10-16.08.02:186][  0]LogConfig: Setting CVar [[r.EyeAdaptationQuality:2]]
[2019.01.10-16.08.02:186][  0]LogConfig: Setting CVar [[r.BloomQuality:5]]
[2019.01.10-16.08.02:186][  0]LogConfig: Setting CVar [[r.FastBlurThreshold:100]]
[2019.01.10-16.08.02:186][  0]LogConfig: Setting CVar [[r.Upscale.Quality:3]]
[2019.01.10-16.08.02:186][  0]LogConfig: Setting CVar [[r.Tonemapper.GrainQuantization:1]]
[2019.01.10-16.08.02:186][  0]LogConfig: Setting CVar [[r.LightShaftQuality:1]]
[2019.01.10-16.08.02:186][  0]LogConfig: Setting CVar [[r.Filter.SizeScale:1]]
[2019.01.10-16.08.02:186][  0]LogConfig: Setting CVar [[r.Tonemapper.Quality:5]]
[2019.01.10-16.08.02:187][  0]LogConfig: Setting CVar [[r.DOF.Gather.AccumulatorQuality:1        ; higher gathering accumulator quality]]
[2019.01.10-16.08.02:187][  0]LogConfig: Setting CVar [[r.DOF.Gather.PostfilterMethod:1          ; Median3x3 postfilering method]]
[2019.01.10-16.08.02:187][  0]LogConfig: Setting CVar [[r.DOF.Gather.EnableBokehSettings:0       ; no bokeh simulation when gathering]]
[2019.01.10-16.08.02:187][  0]LogConfig: Setting CVar [[r.DOF.Gather.RingCount:4                 ; medium number of samples when gathering]]
[2019.01.10-16.08.02:187][  0]LogConfig: Setting CVar [[r.DOF.Scatter.ForegroundCompositing:1    ; additive foreground scattering]]
[2019.01.10-16.08.02:187][  0]LogConfig: Setting CVar [[r.DOF.Scatter.BackgroundCompositing:2    ; additive background scattering]]
[2019.01.10-16.08.02:187][  0]LogConfig: Setting CVar [[r.DOF.Scatter.EnableBokehSettings:1      ; bokeh simulation when scattering]]
[2019.01.10-16.08.02:187][  0]LogConfig: Setting CVar [[r.DOF.Scatter.MaxSpriteRatio:0.1         ; only a maximum of 10% of scattered bokeh]]
[2019.01.10-16.08.02:187][  0]LogConfig: Setting CVar [[r.DOF.Recombine.Quality:1                ; cheap slight out of focus]]
[2019.01.10-16.08.02:187][  0]LogConfig: Setting CVar [[r.DOF.Recombine.EnableBokehSettings:0    ; no bokeh simulation on slight out of focus]]
[2019.01.10-16.08.02:187][  0]LogConfig: Setting CVar [[r.DOF.TemporalAAQuality:1                ; more stable temporal accumulation]]
[2019.01.10-16.08.02:187][  0]LogConfig: Setting CVar [[r.DOF.Kernel.MaxForegroundRadius:0.025]]
[2019.01.10-16.08.02:187][  0]LogConfig: Setting CVar [[r.DOF.Kernel.MaxBackgroundRadius:0.025]]
[2019.01.10-16.08.02:187][  0]LogConfig: Applying CVar settings from Section [TextureQuality@3] File [E:/Unreal Projects/CPP_Tank/Tank_CPP/Saved/Config/Windows/Scalability.ini]
[2019.01.10-16.08.02:187][  0]LogConfig: Setting CVar [[r.Streaming.MipBias:0]]
[2019.01.10-16.08.02:188][  0]LogConfig: Setting CVar [[r.Streaming.AmortizeCPUToGPUCopy:0]]
[2019.01.10-16.08.02:188][  0]LogConfig: Setting CVar [[r.Streaming.MaxNumTexturesToStreamPerFrame:0]]
[2019.01.10-16.08.02:188][  0]LogConfig: Setting CVar [[r.Streaming.Boost:1]]
[2019.01.10-16.08.02:188][  0]LogConfig: Setting CVar [[r.MaxAnisotropy:8]]
[2019.01.10-16.08.02:188][  0]LogConfig: Setting CVar [[r.Streaming.LimitPoolSizeToVRAM:0]]
[2019.01.10-16.08.02:188][  0]LogConfig: Setting CVar [[r.Streaming.PoolSize:1000]]
[2019.01.10-16.08.02:188][  0]LogConfig: Setting CVar [[r.Streaming.MaxEffectiveScreenSize:0]]
[2019.01.10-16.08.02:188][  0]LogConfig: Applying CVar settings from Section [EffectsQuality@3] File [E:/Unreal Projects/CPP_Tank/Tank_CPP/Saved/Config/Windows/Scalability.ini]
[2019.01.10-16.08.02:188][  0]LogConfig: Setting CVar [[r.TranslucencyLightingVolumeDim:64]]
[2019.01.10-16.08.02:188][  0]LogConfig: Setting CVar [[r.RefractionQuality:2]]
[2019.01.10-16.08.02:188][  0]LogConfig: Setting CVar [[r.SSR.Quality:3]]
[2019.01.10-16.08.02:188][  0]LogConfig: Setting CVar [[r.SceneColorFormat:4]]
[2019.01.10-16.08.02:188][  0]LogConfig: Setting CVar [[r.DetailMode:2]]
[2019.01.10-16.08.02:188][  0]LogConfig: Setting CVar [[r.TranslucencyVolumeBlur:1]]
[2019.01.10-16.08.02:188][  0]LogConfig: Setting CVar [[r.MaterialQualityLevel:1 ; High quality]]
[2019.01.10-16.08.02:188][  0]LogConfig: Setting CVar [[r.SSS.Scale:1]]
[2019.01.10-16.08.02:188][  0]LogConfig: Setting CVar [[r.SSS.SampleSet:2]]
[2019.01.10-16.08.02:188][  0]LogConfig: Setting CVar [[r.SSS.Quality:1]]
[2019.01.10-16.08.02:189][  0]LogConfig: Setting CVar [[r.SSS.HalfRes:1]]
[2019.01.10-16.08.02:189][  0]LogConfig: Setting CVar [[r.EmitterSpawnRateScale:1.0]]
[2019.01.10-16.08.02:189][  0]LogConfig: Setting CVar [[r.ParticleLightQuality:2]]
[2019.01.10-16.08.02:189][  0]LogConfig: Applying CVar settings from Section [FoliageQuality@3] File [E:/Unreal Projects/CPP_Tank/Tank_CPP/Saved/Config/Windows/Scalability.ini]
[2019.01.10-16.08.02:189][  0]LogConfig: Setting CVar [[foliage.DensityScale:1.0]]
[2019.01.10-16.08.02:189][  0]LogConfig: Setting CVar [[grass.DensityScale:1.0]]
[2019.01.10-16.08.02:189][  0]LogConfig: Applying CVar settings from Section [Startup] File [../../../Engine/Config/ConsoleVariables.ini]
[2019.01.10-16.08.02:189][  0]LogConfig: Setting CVar [[net.UseAdaptiveNetUpdateFrequency:0]]
[2019.01.10-16.08.02:189][  0]LogConfig: Applying CVar settings from Section [ConsoleVariables] File [E:/Unreal Projects/CPP_Tank/Tank_CPP/Saved/Config/Windows/Engine.ini]
[2019.01.10-16.08.02:189][  0]LogInit: Computer: PC1017
[2019.01.10-16.08.02:189][  0]LogInit: User: KristoferKlipfel
[2019.01.10-16.08.02:189][  0]LogInit: CPU Page size=4096, Cores=6
[2019.01.10-16.08.02:189][  0]LogInit: High frequency timer resolution =3.609372 MHz
[2019.01.10-16.08.02:190][  0]LogMemory: Memory total: Physical=32.0GB (32GB approx)
[2019.01.10-16.08.02:190][  0]LogMemory: Platform Memory Stats for Windows
[2019.01.10-16.08.02:190][  0]LogMemory: Process Physical Memory: 103.79 MB used, 103.79 MB peak
[2019.01.10-16.08.02:190][  0]LogMemory: Process Virtual Memory: 86.59 MB used, 86.59 MB peak
[2019.01.10-16.08.02:190][  0]LogMemory: Physical Memory: 8422.09 MB used,  24300.63 MB free, 32722.71 MB total
[2019.01.10-16.08.02:190][  0]LogMemory: Virtual Memory: 4660.10 MB used,  134213064.00 MB free, 134217728.00 MB total
[2019.01.10-16.08.02:295][  0]LogInit: Using OS detected language (en-US).
[2019.01.10-16.08.02:295][  0]LogInit: Using OS detected locale (en-US).
[2019.01.10-16.08.02:296][  0]LogTextLocalizationManager: No specific localization for 'en-US' exists, so the 'en' localization will be used.
[2019.01.10-16.08.02:704][  0]LogStreaming: Display: Took  0.410s to InitEngineTextLocalization.
[2019.01.10-16.08.02:704][  0]LogInit: Setting process to per monitor DPI aware
[2019.01.10-16.08.02:752][  0]LogSlate: New Slate User Created.  User Index 0, Is Virtual User: 0
[2019.01.10-16.08.02:752][  0]LogSlate: Slate User Registered.  User Index 0, Is Virtual User: 0
[2019.01.10-16.08.03:014][  0]LogHMD: Failed to initialize OpenVR with code 126
[2019.01.10-16.08.03:014][  0]LogD3D11RHI: D3D11 adapters:
[2019.01.10-16.08.03:117][  0]LogD3D11RHI:    0. 'NVIDIA GeForce GTX 1080 Ti' (Feature Level 11_0)
[2019.01.10-16.08.03:117][  0]LogD3D11RHI:       11127/0/16361 MB DedicatedVideo/DedicatedSystem/SharedSystem, Outputs:2, VendorId:0x10de
[2019.01.10-16.08.03:122][  0]LogD3D11RHI:    1. 'Microsoft Basic Render Driver' (Feature Level 11_0)
[2019.01.10-16.08.03:122][  0]LogD3D11RHI:       0/0/16361 MB DedicatedVideo/DedicatedSystem/SharedSystem, Outputs:0, VendorId:0x1414
[2019.01.10-16.08.03:122][  0]LogD3D11RHI: Chosen D3D11 Adapter: 0
[2019.01.10-16.08.03:130][  0]LogD3D11RHI: Creating new Direct3DDevice
[2019.01.10-16.08.03:130][  0]LogD3D11RHI:     GPU DeviceId: 0x1b06 (for the marketing name, search the web for "GPU Device Id")
[2019.01.10-16.08.03:130][  0]LogWindows: EnumDisplayDevices:
[2019.01.10-16.08.03:131][  0]LogWindows:    0. 'NVIDIA GeForce GTX 1080 Ti' (P:1 D:1)
[2019.01.10-16.08.03:131][  0]LogWindows:    1. 'NVIDIA GeForce GTX 1080 Ti' (P:0 D:1)
[2019.01.10-16.08.03:131][  0]LogWindows:    2. 'NVIDIA GeForce GTX 1080 Ti' (P:0 D:0)
[2019.01.10-16.08.03:132][  0]LogWindows:    3. 'NVIDIA GeForce GTX 1080 Ti' (P:0 D:0)
[2019.01.10-16.08.03:132][  0]LogWindows: DebugString: FoundDriverCount:4 
[2019.01.10-16.08.03:132][  0]LogD3D11RHI:     Adapter Name: NVIDIA GeForce GTX 1080 Ti
[2019.01.10-16.08.03:132][  0]LogD3D11RHI:   Driver Version: 398.36 (internal:24.21.13.9836, unified:398.36)
[2019.01.10-16.08.03:132][  0]LogD3D11RHI:      Driver Date: 6-24-2018
[2019.01.10-16.08.03:132][  0]LogRHI: Texture pool is 7788 MB (70% of 11127 MB)
[2019.01.10-16.08.03:186][  0]LogD3D11RHI: Async texture creation enabled
[2019.01.10-16.08.03:226][  0]LogD3D11RHI: GPU Timing Frequency: 1000.000000 (Debug: 2 2)
[2019.01.10-16.08.03:632][  0]LogTemp: Display: Loaded TP AllDesktopTargetPlatform
[2019.01.10-16.08.03:651][  0]LogTemp: Display: Loaded TP MacClientTargetPlatform
[2019.01.10-16.08.03:668][  0]LogTemp: Display: Loaded TP MacNoEditorTargetPlatform
[2019.01.10-16.08.03:686][  0]LogTemp: Display: Loaded TP MacServerTargetPlatform
[2019.01.10-16.08.03:704][  0]LogTemp: Display: Loaded TP MacTargetPlatform
[2019.01.10-16.08.03:722][  0]LogTemp: Display: Loaded TP WindowsClientTargetPlatform
[2019.01.10-16.08.03:741][  0]LogTemp: Display: Loaded TP WindowsNoEditorTargetPlatform
[2019.01.10-16.08.03:759][  0]LogTemp: Display: Loaded TP WindowsServerTargetPlatform
[2019.01.10-16.08.03:768][  0]LogTemp: Display: Loaded TP WindowsTargetPlatform
[2019.01.10-16.08.03:870][  0]LogTemp: Display: Loaded TP AndroidTargetPlatform
[2019.01.10-16.08.03:870][  0]LogTemp: Display: Loaded TP AndroidTargetPlatform
[2019.01.10-16.08.03:870][  0]LogTemp: Display: Loaded TP AndroidTargetPlatform
[2019.01.10-16.08.03:870][  0]LogTemp: Display: Loaded TP AndroidTargetPlatform
[2019.01.10-16.08.03:870][  0]LogTemp: Display: Loaded TP AndroidTargetPlatform
[2019.01.10-16.08.03:870][  0]LogTemp: Display: Loaded TP AndroidTargetPlatform
[2019.01.10-16.08.03:870][  0]LogTemp: Display: Loaded TP AndroidTargetPlatform
[2019.01.10-16.08.03:870][  0]LogTemp: Display: Loaded TP AndroidTargetPlatform
[2019.01.10-16.08.03:870][  0]LogTemp: Display: Loaded TP AndroidTargetPlatform
[2019.01.10-16.08.03:870][  0]LogTemp: Display: Loaded TP AndroidTargetPlatform
[2019.01.10-16.08.03:870][  0]LogTemp: Display: Loaded TP AndroidTargetPlatform
[2019.01.10-16.08.03:871][  0]LogTemp: Display: Loaded TP AndroidTargetPlatform
[2019.01.10-16.08.03:871][  0]LogTemp: Display: Loaded TP AndroidTargetPlatform
[2019.01.10-16.08.03:871][  0]LogTemp: Display: Loaded TP AndroidTargetPlatform
[2019.01.10-16.08.03:871][  0]LogTemp: Display: Loaded TP AndroidTargetPlatform
[2019.01.10-16.08.03:871][  0]LogTemp: Display: Loaded TP AndroidTargetPlatform
[2019.01.10-16.08.03:871][  0]LogTemp: Display: Loaded TP AndroidTargetPlatform
[2019.01.10-16.08.03:871][  0]LogTemp: Display: Loaded TP AndroidTargetPlatform
[2019.01.10-16.08.03:875][  0]LogTemp: Display: Loaded TP HTML5TargetPlatform
[2019.01.10-16.08.03:948][  0]LogTemp: Display: Loaded TP IOSTargetPlatform
[2019.01.10-16.08.03:949][  0]LogTemp: Display: Loaded TP IOSTargetPlatform
[2019.01.10-16.08.03:982][  0]LogTemp: Display: Loaded TP TVOSTargetPlatform
[2019.01.10-16.08.03:982][  0]LogTemp: Display: Loaded TP TVOSTargetPlatform
[2019.01.10-16.08.03:998][  0]LogTemp: Display: Loaded TP LinuxClientTargetPlatform
[2019.01.10-16.08.04:015][  0]LogTemp: Display: Loaded TP LinuxNoEditorTargetPlatform
[2019.01.10-16.08.04:033][  0]LogTemp: Display: Loaded TP LinuxServerTargetPlatform
[2019.01.10-16.08.04:051][  0]LogTemp: Display: Loaded TP LinuxTargetPlatform
[2019.01.10-16.08.04:110][  0]LogTemp: Display: Loaded TP LuminTargetPlatform
[2019.01.10-16.08.04:110][  0]LogTemp: Display: Loaded TP LuminTargetPlatform
[2019.01.10-16.08.04:110][  0]LogTargetPlatformManager: Display: Building Assets For Windows
[2019.01.10-16.08.04:209][  0]LogShaderCompilers: Guid format shader working directory is 21 characters bigger than the processId version (E:/Unreal Projects/CPP_Tank/Tank_CPP/Intermediate/Shaders/WorkingDirectory/13508/).
[2019.01.10-16.08.04:209][  0]LogShaderCompilers: Cleaned the shader compiler working directory 'C:/Users/Kristofer.Klipfel/AppData/Local/Temp/UnrealShaderWorkingDir/5F2CABDA42312AE3B1B99AB690B0A4EA/'.
[2019.01.10-16.08.04:211][  0]LogXGEController: Cleaning working directory: C:/Users/Kristofer.Klipfel/AppData/Local/Temp/UnrealXGEWorkingDir/
[2019.01.10-16.08.04:211][  0]LogXGEController: Cannot use XGE Controller as Incredibuild is not installed on this machine.
[2019.01.10-16.08.04:211][  0]LogShaderCompilers: Cannot use XGE Shader Compiler as Incredibuild is not installed on this machine.
[2019.01.10-16.08.04:211][  0]LogShaderCompilers: Display: Using Local Shader Compiler.
[2019.01.10-16.08.04:877][  0]LogDerivedDataCache: Display: Max Cache Size: 512 MB
[2019.01.10-16.08.04:930][  0]LogDerivedDataCache: Loaded boot cache 0.05s 71MB C:/Users/Kristofer.Klipfel/AppData/Local/UnrealEngine/4.21/DerivedDataCache/Boot.ddc.
[2019.01.10-16.08.04:930][  0]LogDerivedDataCache: Display: Loaded Boot cache: C:/Users/Kristofer.Klipfel/AppData/Local/UnrealEngine/4.21/DerivedDataCache/Boot.ddc
[2019.01.10-16.08.04:930][  0]LogDerivedDataCache: FDerivedDataBackendGraph:  Pak pak cache file E:/Unreal Projects/CPP_Tank/Tank_CPP/DerivedDataCache/DDC.ddp not found, will not use a pak cache.
[2019.01.10-16.08.04:930][  0]LogDerivedDataCache: Unable to find inner node Pak for hierarchical cache Hierarchy.
[2019.01.10-16.08.04:930][  0]LogDerivedDataCache: FDerivedDataBackendGraph:  CompressedPak pak cache file E:/Unreal Projects/CPP_Tank/Tank_CPP/DerivedDataCache/Compressed.ddp not found, will not use a pak cache.
[2019.01.10-16.08.04:931][  0]LogDerivedDataCache: Unable to find inner node CompressedPak for hierarchical cache Hierarchy.
[2019.01.10-16.08.04:945][  0]LogDerivedDataCache: Display: Pak cache opened for reading ../../../Engine/DerivedDataCache/Compressed.ddp.
[2019.01.10-16.08.04:946][  0]LogDerivedDataCache: FDerivedDataBackendGraph:  EnterprisePak pak cache file ../../../Enterprise/DerivedDataCache/Compressed.ddp not found, will not use a pak cache.
[2019.01.10-16.08.04:946][  0]LogDerivedDataCache: Unable to find inner node EnterprisePak for hierarchical cache Hierarchy.
[2019.01.10-16.08.04:958][  0]LogDerivedDataCache: Using Local data cache path C:/Users/Kristofer.Klipfel/AppData/Local/UnrealEngine/Common/DerivedDataCache: Writable
[2019.01.10-16.08.04:958][  0]LogDerivedDataCache: Shared data cache path not found in *engine.ini, will not use an Shared cache.
[2019.01.10-16.08.04:959][  0]LogDerivedDataCache: Unable to find inner node Shared for hierarchical cache Hierarchy.
[2019.01.10-16.08.04:987][  0]LogMaterial: Verifying Global Shaders for PCD3D_SM5
[2019.01.10-16.08.04:989][  0]LogSlate: Using FreeType 2.6.0
[2019.01.10-16.08.04:990][  0]LogSlate: SlateFontServices - WITH_FREETYPE: 1, WITH_HARFBUZZ: 1
[2019.01.10-16.08.05:085][  0]LogAssetRegistry: FAssetRegistry took 0.0384 seconds to start up
[2019.01.10-16.08.05:455][  0]LogInit: Selected Device Profile: [Windows]
[2019.01.10-16.08.05:644][  0]LogSimplygon: Simplygon DLL not present - disabling.
[2019.01.10-16.08.05:652][  0]LogMeshReduction: Using SimplygonSwarm for distributed automatic mesh merging
[2019.01.10-16.08.05:652][  0]LogMeshReduction: Using ProxyLODMeshReduction for automatic mesh merging
[2019.01.10-16.08.05:652][  0]LogMeshReduction: Using QuadricMeshReduction for automatic static mesh reduction
[2019.01.10-16.08.05:652][  0]LogMeshReduction: No automatic skeletal mesh reduction module available
[2019.01.10-16.08.05:665][  0]LogNetVersion: Tank_CPP 1.0.0, NetCL: 4541578, EngineNetVer: 5, GameNetVer: 0 (Checksum: 1725376667)
[2019.01.10-16.08.06:189][  0]LogPackageLocalizationCache: Processed 11 localized package path(s) for 2 prioritized culture(s) in 0.090333 seconds
[2019.01.10-16.08.06:195][  0]LogUObjectArray: 39775 objects as part of root set at end of initial load.
[2019.01.10-16.08.06:195][  0]LogUObjectAllocator: 6914656 out of 0 bytes used by permanent object pool.
[2019.01.10-16.08.06:195][  0]LogUObjectArray: CloseDisregardForGC: 0/0 objects in disregard for GC pool
[2019.01.10-16.08.07:221][  0]LogTcpMessaging: Initializing TcpMessaging bridge
[2019.01.10-16.08.07:237][  0]LogUdpMessaging: Initializing bridge on interface 0.0.0.0:0 to multicast group 230.0.0.1:6666.
[2019.01.10-16.08.08:061][  0]SourceControl: Source control is disabled
[2019.01.10-16.08.08:061][  0]SourceControl: Source control is disabled
[2019.01.10-16.08.08:065][  0]SourceControl: Source control is disabled
[2019.01.10-16.08.08:067][  0]SourceControl: Source control is disabled
[2019.01.10-16.08.08:298][  0]LogAndroidPermission: UAndroidPermissionCallbackProxy::GetInstance
[2019.01.10-16.08.08:403][  0]LogOcInput: OculusInput pre-init called
[2019.01.10-16.08.08:556][  0]LogEngine: Initializing Engine...
[2019.01.10-16.08.08:585][  0]LogHMD: Failed to initialize OpenVR with code 126
[2019.01.10-16.08.08:586][  0]LogStats: UGameplayTagsManager::ConstructGameplayTagTree: ImportINI prefixes -  0.000 s
[2019.01.10-16.08.08:586][  0]LogStats: UGameplayTagsManager::ConstructGameplayTagTree: Construct from data asset -  0.000 s
[2019.01.10-16.08.08:586][  0]LogStats: UGameplayTagsManager::ConstructGameplayTagTree: ImportINI -  0.000 s
[2019.01.10-16.08.08:586][  0]LogStats: UGameplayTagsManager::ConstructGameplayTagTree: GameplayTagTreeChangedEvent.Broadcast -  0.000 s
[2019.01.10-16.08.08:833][  0]LogInit: Initializing FReadOnlyCVARCache
[2019.01.10-16.08.08:845][  0]LogAIModule: Creating AISystem for world Untitled
[2019.01.10-16.08.08:872][  0]LogInit: XAudio2 using 'Headphones (High Definition Audio Device)' : 2 channels at 48 kHz using 16 bits per sample (channel mask 0x3)
[2019.01.10-16.08.08:894][  0]LogInit: FAudioDevice initialized.
[2019.01.10-16.08.08:894][  0]LogNetVersion: Set ProjectVersion to 1.0.0.0. Version Checksum will be recalculated on next use.
[2019.01.10-16.08.09:040][  0]LogDerivedDataCache: Saved boot cache 0.15s 71MB C:/Users/Kristofer.Klipfel/AppData/Local/UnrealEngine/4.21/DerivedDataCache/Boot.ddc.
[2019.01.10-16.08.09:056][  0]LogInit: Texture streaming: Enabled
[2019.01.10-16.08.09:079][  0]LogEngineSessionManager: EngineSessionManager initialized
[2019.01.10-16.08.09:079][  0]LogEngineSessionManager: EngineSessionManager sent abnormal shutdown report. Type=Debugger, SessionId={2A0A2230-405D-69D8-4B67-05934279A167}
[2019.01.10-16.08.09:079][  0]LogEngineSessionManager: EngineSessionManager sent abnormal shutdown report. Type=Debugger, SessionId={F4E4F2F2-4372-3FEF-64A0-28A302C9580D}
[2019.01.10-16.08.09:093][  0]LogInit: Transaction tracking system initialized
[2019.01.10-16.08.09:128][  0]BlueprintLog: New page: Editor Load
[2019.01.10-16.08.09:236][  0]LocalizationService: Localization service is disabled
[2019.01.10-16.08.09:540][  0]LogLinker: Warning: Can't find file '/Game/ThirdPersonBP/ThirdPersonOverview'
[2019.01.10-16.08.09:540][  0]LogLinker: Warning: Can't find file '/Game/ThirdPersonBP/ThirdPersonOverview'
[2019.01.10-16.08.09:540][  0]LogUObjectGlobals: Warning: Failed to find object 'Class /Game/ThirdPersonBP/ThirdPersonOverview.ThirdPersonOverview_C'
[2019.01.10-16.08.09:763][  0]LogFileCache: Scanning file cache for directory 'E:/Unreal Projects/CPP_Tank/Tank_CPP/Content/' took 0.01s
[2019.01.10-16.08.09:763][  0]LogCook: Display: Max memory allowance for cook 16384mb min free memory 0mb
[2019.01.10-16.08.09:763][  0]LogCook: Display: Mobile HDR setting 1
[2019.01.10-16.08.09:763][  0]LogGameplayTags: Display: UGameplayTagsManager::DoneAddingNativeTags. DelegateIsBound: 0
[2019.01.10-16.08.09:763][  0]LogStats: UGameplayTagsManager::ConstructGameplayTagTree: ImportINI prefixes -  0.000 s
[2019.01.10-16.08.09:764][  0]LogStats: UGameplayTagsManager::ConstructGameplayTagTree: Construct from data asset -  0.000 s
[2019.01.10-16.08.09:764][  0]LogStats: UGameplayTagsManager::ConstructGameplayTagTree: ImportINI -  0.000 s
[2019.01.10-16.08.09:764][  0]LogStats: UGameplayTagsManager::ConstructGameplayTagTree: GameplayTagTreeChangedEvent.Broadcast -  0.000 s
[2019.01.10-16.08.09:934][  0]SourceControl: Source control is disabled
[2019.01.10-16.08.09:934][  0]Cmd: MAP LOAD FILE="E:/Unreal Projects/CPP_Tank/Tank_CPP/Content/Battleground.umap" TEMPLATE=0 SHOWPROGRESS=1 FEATURELEVEL=3
[2019.01.10-16.08.09:934][  0]LightingResults: New page: Lighting Build
[2019.01.10-16.08.09:936][  0]MapCheck: New page: Map Check
[2019.01.10-16.08.09:936][  0]LightingResults: New page: Lighting Build
[2019.01.10-16.08.10:330][  0]LogAIModule: Creating AISystem for world Battleground
[2019.01.10-16.08.10:415][  0]LogEditorServer: Finished looking for orphan Actors (0.000 secs)
[2019.01.10-16.08.10:444][  0]Cmd: MAP CHECKDEP NOCLEARLOG
[2019.01.10-16.08.10:444][  0]MapCheck: Map check complete: 0 Error(s), 0 Warning(s), took 0.101ms to complete.
[2019.01.10-16.08.10:444][  0]LogFileHelpers: Loading map 'Battleground' took 0.511
[2019.01.10-16.08.10:546][  0]LogSlate: Updating window title bar state: overlay mode, drag disabled, window buttons hidden, title bar hidden
[2019.01.10-16.08.10:554][  0]LogSlate: Updating window title bar state: overlay mode, drag disabled, window buttons hidden, title bar hidden
[2019.01.10-16.08.10:562][  0]LogSlate: Updating window title bar state: overlay mode, drag disabled, window buttons hidden, title bar hidden
[2019.01.10-16.08.10:570][  0]LogSlate: Updating window title bar state: overlay mode, drag disabled, window buttons hidden, title bar hidden
[2019.01.10-16.08.10:577][  0]LogCollectionManager: Loaded 0 collections in 0.001201 seconds
[2019.01.10-16.08.10:619][  0]LogFileCache: Scanning file cache for directory 'E:/Unreal Projects/CPP_Tank/Tank_CPP/Saved/Collections/' took 0.01s
[2019.01.10-16.08.10:619][  0]LogFileCache: Scanning file cache for directory 'E:/Unreal Projects/CPP_Tank/Tank_CPP/Content/Developers/KristoferKlipfel/Collections/' took 0.01s
[2019.01.10-16.08.10:620][  0]LogFileCache: Scanning file cache for directory 'E:/Unreal Projects/CPP_Tank/Tank_CPP/Content/Collections/' took 0.01s
[2019.01.10-16.08.10:620][  0]LogCollectionManager: Rebuilt the GUID cache for 0 collections in 0.000001 seconds
[2019.01.10-16.08.10:631][  0]LogContentBrowser: Native class hierarchy populated in 0.0107 seconds. Added 2653 classes and 623 folders.
[2019.01.10-16.08.10:636][  0]LogContentBrowser: Native class hierarchy updated for 'WidgetCarousel' in 0.0004 seconds. Added 0 classes and 0 folders.
[2019.01.10-16.08.10:637][  0]LogPakFile: Registered encryption key '00000000000000000000000000000000': 0 pak files mounted, 0 remain pending
[2019.01.10-16.08.10:638][  0]LogPakFile: Registered encryption key '00000000000000000000000000000000': 0 pak files mounted, 0 remain pending
[2019.01.10-16.08.10:639][  0]LogPakFile: Registered encryption key '00000000000000000000000000000000': 0 pak files mounted, 0 remain pending
[2019.01.10-16.08.10:639][  0]LogPakFile: Registered encryption key '00000000000000000000000000000000': 0 pak files mounted, 0 remain pending
[2019.01.10-16.08.10:640][  0]LogPakFile: Registered encryption key '00000000000000000000000000000000': 0 pak files mounted, 0 remain pending
[2019.01.10-16.08.10:640][  0]LogPakFile: Registered encryption key '00000000000000000000000000000000': 0 pak files mounted, 0 remain pending
[2019.01.10-16.08.10:641][  0]LogPakFile: Registered encryption key '00000000000000000000000000000000': 0 pak files mounted, 0 remain pending
[2019.01.10-16.08.10:641][  0]LogPakFile: Registered encryption key '00000000000000000000000000000000': 0 pak files mounted, 0 remain pending
[2019.01.10-16.08.10:642][  0]LogPakFile: Registered encryption key '00000000000000000000000000000000': 0 pak files mounted, 0 remain pending
[2019.01.10-16.08.10:642][  0]LogPakFile: Registered encryption key '00000000000000000000000000000000': 0 pak files mounted, 0 remain pending
[2019.01.10-16.08.10:643][  0]LogPakFile: Registered encryption key '00000000000000000000000000000000': 0 pak files mounted, 0 remain pending
[2019.01.10-16.08.10:643][  0]LogPakFile: Registered encryption key '00000000000000000000000000000000': 0 pak files mounted, 0 remain pending
[2019.01.10-16.08.10:644][  0]LogPakFile: Registered encryption key '00000000000000000000000000000000': 0 pak files mounted, 0 remain pending
[2019.01.10-16.08.10:644][  0]LogPakFile: Registered encryption key '00000000000000000000000000000000': 0 pak files mounted, 0 remain pending
[2019.01.10-16.08.10:645][  0]LogPakFile: Registered encryption key '00000000000000000000000000000000': 0 pak files mounted, 0 remain pending
[2019.01.10-16.08.10:645][  0]LogPakFile: Registered encryption key '00000000000000000000000000000000': 0 pak files mounted, 0 remain pending
[2019.01.10-16.08.10:646][  0]LogPakFile: Registered encryption key '00000000000000000000000000000000': 0 pak files mounted, 0 remain pending
[2019.01.10-16.08.10:647][  0]LogPakFile: Registered encryption key '00000000000000000000000000000000': 0 pak files mounted, 0 remain pending
[2019.01.10-16.08.10:647][  0]LogPakFile: Registered encryption key '00000000000000000000000000000000': 0 pak files mounted, 0 remain pending
[2019.01.10-16.08.10:648][  0]LogPakFile: Registered encryption key '00000000000000000000000000000000': 0 pak files mounted, 0 remain pending
[2019.01.10-16.08.10:648][  0]LogPakFile: Registered encryption key '00000000000000000000000000000000': 0 pak files mounted, 0 remain pending
[2019.01.10-16.08.10:649][  0]LogPakFile: Registered encryption key '00000000000000000000000000000000': 0 pak files mounted, 0 remain pending
[2019.01.10-16.08.10:650][  0]LogPakFile: Registered encryption key '00000000000000000000000000000000': 0 pak files mounted, 0 remain pending
[2019.01.10-16.08.10:650][  0]LogPakFile: Registered encryption key '00000000000000000000000000000000': 0 pak files mounted, 0 remain pending
[2019.01.10-16.08.10:651][  0]LogPakFile: Registered encryption key '00000000000000000000000000000000': 0 pak files mounted, 0 remain pending
[2019.01.10-16.08.10:651][  0]LogPakFile: Registered encryption key '00000000000000000000000000000000': 0 pak files mounted, 0 remain pending
[2019.01.10-16.08.10:680][  0]LogContentBrowser: Native class hierarchy updated for 'AddContentDialog' in 0.0004 seconds. Added 0 classes and 0 folders.
[2019.01.10-16.08.10:689][  0]LogContentBrowser: Native class hierarchy updated for 'SceneOutliner' in 0.0005 seconds. Added 1 classes and 2 folders.
[2019.01.10-16.08.10:844][  0]LogSlate: Took 0.000138 seconds to synchronously load lazily loaded font '../../../Engine/Content/Slate/Fonts/Roboto-Regular.ttf' (155K)
[2019.01.10-16.08.10:847][  0]LogSlate: Took 0.000144 seconds to synchronously load lazily loaded font '../../../Engine/Content/Slate/Fonts/Roboto-Bold.ttf' (160K)
[2019.01.10-16.08.10:855][  0]LogSlate: Took 0.000152 seconds to synchronously load lazily loaded font '../../../Engine/Content/Editor/Slate/Fonts/FontAwesome.ttf' (139K)
[2019.01.10-16.08.10:951][  0]LogRenderer: Reallocating scene render targets to support 1440x548 Format 10 NumSamples 1 (Frame:1).
[2019.01.10-16.08.10:993][  0]LogSlate: Took 0.000143 seconds to synchronously load lazily loaded font '../../../Engine/Content/Slate/Fonts/Roboto-Light.ttf' (167K)
[2019.01.10-16.08.11:067][  0]LogContentBrowser: Native class hierarchy updated for 'HierarchicalLODOutliner' in 0.0005 seconds. Added 0 classes and 0 folders.
[2019.01.10-16.08.11:068][  0]LogLoad: (Engine Initialization) Total time: 10.82 seconds
[2019.01.10-16.08.11:068][  0]LogLoad: (Engine Initialization) Total Blueprint compile time: 0.00 seconds
[2019.01.10-16.08.11:078][  0]LogWindowsTextInputMethodSystem: Display: IME system now deactivated.
[2019.01.10-16.08.11:138][  0]LogContentStreaming: Texture pool size now 1000 MB
[2019.01.10-16.08.11:241][  2]LogAssetRegistry: Asset discovery search completed in 6.1802 seconds
[2019.01.10-16.08.11:243][  2]LogCollectionManager: Rebuilt the object cache for 0 collections in 0.000000 seconds (found 0 objects)
[2019.01.10-16.08.11:243][  2]LogCollectionManager: Fixed up redirectors for 0 collections in 0.000145 seconds (updated 0 objects)
[2019.01.10-16.08.12:471][145]LogSlate: FSceneViewport::OnFocusLost() reason 0
[2019.01.10-16.08.12:473][145]LogSlate: Took 0.000134 seconds to synchronously load lazily loaded font '../../../Engine/Content/Slate/Fonts/DroidSansMono.ttf' (77K)
[2019.01.10-16.08.14:293][356]LogTemp: Repeating last play command: Selected Viewport
[2019.01.10-16.08.14:309][356]LogBlueprintUserMessages: Early PlayInEditor Detection: Level '/Game/Battleground.Battleground:PersistentLevel' has LevelScriptBlueprint '/Game/Battleground.Battleground:PersistentLevel.Battleground' with GeneratedClass '/Game/Battleground.Battleground_C' with ClassGeneratedBy '/Game/Battleground.Battleground:PersistentLevel.Battleground'
[2019.01.10-16.08.14:309][356]LogPlayLevel: PlayLevel: No blueprints needed recompiling
[2019.01.10-16.08.14:310][356]PIE: New page: PIE session: Battleground (Jan 10, 2019, 6:08:14 PM)
[2019.01.10-16.08.14:323][356]LogPlayLevel: Creating play world package: /Game/UEDPIE_0_Battleground
[2019.01.10-16.08.14:432][356]LogPlayLevel: PIE: StaticDuplicateObject took: (0.108625s)
[2019.01.10-16.08.14:433][356]LogAIModule: Creating AISystem for world Battleground
[2019.01.10-16.08.14:433][356]LogPlayLevel: PIE: World Init took: (0.000807s)
[2019.01.10-16.08.14:434][356]LogPlayLevel: PIE: Created PIE world by copying editor world from /Game/Battleground.Battleground to /Game/UEDPIE_0_Battleground.Battleground (0.110390s)
[2019.01.10-16.08.14:488][356]LogInit: XAudio2 using 'Headphones (High Definition Audio Device)' : 2 channels at 48 kHz using 16 bits per sample (channel mask 0x3)
[2019.01.10-16.08.14:502][356]LogInit: FAudioDevice initialized.
[2019.01.10-16.08.14:551][356]LogLoad: Game class is 'BattleTankGameMode_BP_C'
[2019.01.10-16.08.14:555][356]LogWorld: Bringing World /Game/UEDPIE_0_Battleground.Battleground up for play (max tick rate 0) at 2019.01.10-17.08.14
[2019.01.10-16.08.14:555][356]LogWorld: Bringing up level for play took: 0.002614
[2019.01.10-16.08.14:572][356]LogContentBrowser: Native class hierarchy updated for 'MovieSceneCapture' in 0.0005 seconds. Added 20 classes and 0 folders.
[2019.01.10-16.08.14:575][356]PIE: Play in editor start time for /Game/UEDPIE_0_Battleground 0.722
[2019.01.10-16.08.14:575][356]LogBlueprintUserMessages: Late PlayInEditor Detection: Level '/Game/Battleground.Battleground:PersistentLevel' has LevelScriptBlueprint '/Game/Battleground.Battleground:PersistentLevel.Battleground' with GeneratedClass '/Game/Battleground.Battleground_C' with ClassGeneratedBy '/Game/Battleground.Battleground:PersistentLevel.Battleground'
[2019.01.10-16.08.32:103][456]LogBlueprintUserMessages: Early EndPlayMap Detection: Level '/Game/Battleground.Battleground:PersistentLevel' has LevelScriptBlueprint '/Game/Battleground.Battleground:PersistentLevel.Battleground' with GeneratedClass '/Game/Battleground.Battleground_C' with ClassGeneratedBy '/Game/Battleground.Battleground:PersistentLevel.Battleground'
[2019.01.10-16.08.32:104][456]LogSlate: Updating window title bar state: overlay mode, drag disabled, window buttons hidden, title bar hidden
[2019.01.10-16.08.32:139][456]LogPlayLevel: Display: Shutting down PIE online subsystems
[2019.01.10-16.08.32:140][456]LogBlueprintUserMessages: Late EndPlayMap Detection: Level '/Game/Battleground.Battleground:PersistentLevel' has LevelScriptBlueprint '/Game/Battleground.Battleground:PersistentLevel.Battleground' with GeneratedClass '/Game/Battleground.Battleground_C' with ClassGeneratedBy '/Game/Battleground.Battleground:PersistentLevel.Battleground'
[2019.01.10-16.08.32:171][456]LogSlate: Updating window title bar state: overlay mode, drag disabled, window buttons hidden, title bar hidden
[2019.01.10-16.08.32:205][459]LogPlayLevel: Display: Destroying online subsystem :Context_1
[2019.01.10-16.09.39:915][553]LogTemp: Repeating last play command: Selected Viewport
[2019.01.10-16.09.39:932][553]LogBlueprintUserMessages: Early PlayInEditor Detection: Level '/Game/Battleground.Battleground:PersistentLevel' has LevelScriptBlueprint '/Game/Battleground.Battleground:PersistentLevel.Battleground' with GeneratedClass '/Game/Battleground.Battleground_C' with ClassGeneratedBy '/Game/Battleground.Battleground:PersistentLevel.Battleground'
[2019.01.10-16.09.39:933][553]LogPlayLevel: PlayLevel: No blueprints needed recompiling
[2019.01.10-16.09.39:933][553]PIE: New page: PIE session: Battleground (Jan 10, 2019, 6:09:39 PM)
[2019.01.10-16.09.39:933][553]LogPlayLevel: Creating play world package: /Game/UEDPIE_0_Battleground
[2019.01.10-16.09.40:027][553]LogPlayLevel: PIE: StaticDuplicateObject took: (0.093607s)
[2019.01.10-16.09.40:028][553]LogAIModule: Creating AISystem for world Battleground
[2019.01.10-16.09.40:029][553]LogPlayLevel: PIE: World Init took: (0.001540s)
[2019.01.10-16.09.40:029][553]LogPlayLevel: PIE: Created PIE world by copying editor world from /Game/Battleground.Battleground to /Game/UEDPIE_0_Battleground.Battleground (0.095909s)
[2019.01.10-16.09.40:077][553]LogInit: XAudio2 using 'Headphones (High Definition Audio Device)' : 2 channels at 48 kHz using 16 bits per sample (channel mask 0x3)
[2019.01.10-16.09.40:091][553]LogInit: FAudioDevice initialized.
[2019.01.10-16.09.40:124][553]LogLoad: Game class is 'BattleTankGameMode_BP_C'
[2019.01.10-16.09.40:127][553]LogWorld: Bringing World /Game/UEDPIE_0_Battleground.Battleground up for play (max tick rate 0) at 2019.01.10-17.09.40
[2019.01.10-16.09.40:127][553]LogWorld: Bringing up level for play took: 0.002638
[2019.01.10-16.09.40:143][553]PIE: Play in editor start time for /Game/UEDPIE_0_Battleground 0.29
[2019.01.10-16.09.40:143][553]LogBlueprintUserMessages: Late PlayInEditor Detection: Level '/Game/Battleground.Battleground:PersistentLevel' has LevelScriptBlueprint '/Game/Battleground.Battleground:PersistentLevel.Battleground' with GeneratedClass '/Game/Battleground.Battleground_C' with ClassGeneratedBy '/Game/Battleground.Battleground:PersistentLevel.Battleground'
[2019.01.10-16.09.55:117][346]LogBlueprintUserMessages: Early EndPlayMap Detection: Level '/Game/Battleground.Battleground:PersistentLevel' has LevelScriptBlueprint '/Game/Battleground.Battleground:PersistentLevel.Battleground' with GeneratedClass '/Game/Battleground.Battleground_C' with ClassGeneratedBy '/Game/Battleground.Battleground:PersistentLevel.Battleground'
[2019.01.10-16.09.55:117][346]LogSlate: Updating window title bar state: overlay mode, drag disabled, window buttons hidden, title bar hidden
[2019.01.10-16.09.55:156][346]LogPlayLevel: Display: Shutting down PIE online subsystems
[2019.01.10-16.09.55:156][346]LogBlueprintUserMessages: Late EndPlayMap Detection: Level '/Game/Battleground.Battleground:PersistentLevel' has LevelScriptBlueprint '/Game/Battleground.Battleground:PersistentLevel.Battleground' with GeneratedClass '/Game/Battleground.Battleground_C' with ClassGeneratedBy '/Game/Battleground.Battleground:PersistentLevel.Battleground'
[2019.01.10-16.09.55:185][346]LogSlate: Updating window title bar state: overlay mode, drag disabled, window buttons hidden, title bar hidden
[2019.01.10-16.09.55:217][349]LogPlayLevel: Display: Destroying online subsystem :Context_2
[2019.01.10-16.10.19:416][835]LogSlate: FSceneViewport::OnFocusLost() reason 0
[2019.01.10-16.10.22:010][145]LogSlate: Took 0.000143 seconds to synchronously load lazily loaded font '../../../Engine/Content/Slate/Fonts/Roboto-Light.ttf' (167K)
[2019.01.10-16.10.22:017][145]LogAssetEditorManager: Opening Asset editor for Blueprint /Game/Core/TankPlayerController_BP.TankPlayerController_BP
[2019.01.10-16.10.22:553][145]LogContentBrowser: Native class hierarchy updated for 'BlueprintGraph' in 0.0008 seconds. Added 117 classes and 0 folders.
[2019.01.10-16.10.25:556][391]LogSlate: Window 'TankPlayerController_BP' being destroyed
[2019.01.10-16.10.26:963][553]LogAssetEditorManager: Opening Asset editor for Blueprint /Game/Core/TankPlayerController_BP.TankPlayerController_BP
[2019.01.10-16.10.27:345][553]LogSlate: Took 0.000163 seconds to synchronously load lazily loaded font '../../../Engine/Content/Slate/Fonts/Roboto-BoldCondensed.ttf' (158K)
[2019.01.10-16.10.30:660][861]LogSlate: Window 'TankPlayerController_BP' being destroyed
[2019.01.10-16.10.33:109][154]LogSlate: Took 0.000150 seconds to synchronously load lazily loaded font '../../../Engine/Content/Slate/Fonts/Roboto-Italic.ttf' (157K)
[2019.01.10-16.10.44:955][554]LogTemp: Repeating last play command: Selected Viewport
[2019.01.10-16.10.44:975][554]LogBlueprintUserMessages: Early PlayInEditor Detection: Level '/Game/Battleground.Battleground:PersistentLevel' has LevelScriptBlueprint '/Game/Battleground.Battleground:PersistentLevel.Battleground' with GeneratedClass '/Game/Battleground.Battleground_C' with ClassGeneratedBy '/Game/Battleground.Battleground:PersistentLevel.Battleground'
[2019.01.10-16.10.44:975][554]LogPlayLevel: PlayLevel: No blueprints needed recompiling
[2019.01.10-16.10.44:975][554]PIE: New page: PIE session: Battleground (Jan 10, 2019, 6:10:44 PM)
[2019.01.10-16.10.44:975][554]LogPlayLevel: Creating play world package: /Game/UEDPIE_0_Battleground
[2019.01.10-16.10.45:068][554]LogPlayLevel: PIE: StaticDuplicateObject took: (0.092820s)
[2019.01.10-16.10.45:068][554]LogAIModule: Creating AISystem for world Battleground
[2019.01.10-16.10.45:069][554]LogPlayLevel: PIE: World Init took: (0.000644s)
[2019.01.10-16.10.45:069][554]LogPlayLevel: PIE: Created PIE world by copying editor world from /Game/Battleground.Battleground to /Game/UEDPIE_0_Battleground.Battleground (0.093865s)
[2019.01.10-16.10.45:123][554]LogInit: XAudio2 using 'Headphones (High Definition Audio Device)' : 2 channels at 48 kHz using 16 bits per sample (channel mask 0x3)
[2019.01.10-16.10.45:136][554]LogInit: FAudioDevice initialized.
[2019.01.10-16.10.45:172][554]LogLoad: Game class is 'BattleTankGameMode_BP_C'
[2019.01.10-16.10.45:175][554]LogWorld: Bringing World /Game/UEDPIE_0_Battleground.Battleground up for play (max tick rate 0) at 2019.01.10-17.10.45
[2019.01.10-16.10.45:175][554]LogWorld: Bringing up level for play took: 0.002268
[2019.01.10-16.10.45:189][554]LogTemp: Warning: Player Controller Begin Play
[2019.01.10-16.10.45:190][554]LogTemp: Warning: Possesing Tank_BP_C_0
[2019.01.10-16.10.45:190][554]PIE: Play in editor start time for /Game/UEDPIE_0_Battleground -0.662
[2019.01.10-16.10.45:190][554]LogBlueprintUserMessages: Late PlayInEditor Detection: Level '/Game/Battleground.Battleground:PersistentLevel' has LevelScriptBlueprint '/Game/Battleground.Battleground:PersistentLevel.Battleground' with GeneratedClass '/Game/Battleground.Battleground_C' with ClassGeneratedBy '/Game/Battleground.Battleground:PersistentLevel.Battleground'
[2019.01.10-16.10.47:522][831]LogBlueprintUserMessages: Early EndPlayMap Detection: Level '/Game/Battleground.Battleground:PersistentLevel' has LevelScriptBlueprint '/Game/Battleground.Battleground:PersistentLevel.Battleground' with GeneratedClass '/Game/Battleground.Battleground_C' with ClassGeneratedBy '/Game/Battleground.Battleground:PersistentLevel.Battleground'
[2019.01.10-16.10.47:522][831]LogSlate: Updating window title bar state: overlay mode, drag disabled, window buttons hidden, title bar hidden
[2019.01.10-16.10.47:559][831]LogPlayLevel: Display: Shutting down PIE online subsystems
[2019.01.10-16.10.47:559][831]LogBlueprintUserMessages: Late EndPlayMap Detection: Level '/Game/Battleground.Battleground:PersistentLevel' has LevelScriptBlueprint '/Game/Battleground.Battleground:PersistentLevel.Battleground' with GeneratedClass '/Game/Battleground.Battleground_C' with ClassGeneratedBy '/Game/Battleground.Battleground:PersistentLevel.Battleground'
[2019.01.10-16.10.47:591][831]LogSlate: Updating window title bar state: overlay mode, drag disabled, window buttons hidden, title bar hidden
[2019.01.10-16.10.47:628][833]LogPlayLevel: Display: Destroying online subsystem :Context_6
[2019.01.10-16.18.46:894][887]LogFileHelpers: Editor autosave (incl. sublevels) for '/Game/Battleground' took 0.033
[2019.01.10-16.18.46:895][887]OBJ SavePackage: Generating thumbnails for [0] asset(s) in package [/Game/Core/BattleTankGameMode_BP] ([1] browsable assets)...
[2019.01.10-16.18.46:896][887]OBJ SavePackage: Finished generating thumbnails for package [/Game/Core/BattleTankGameMode_BP]
[2019.01.10-16.18.46:896][887]Cmd: OBJ SAVEPACKAGE PACKAGE="/Game/Core/BattleTankGameMode_BP" FILE="E:/Unreal Projects/CPP_Tank/Tank_CPP/Saved/Autosaves/Game/Core/BattleTankGameMode_BP_Auto1.uasset" SILENT=false AUTOSAVING=true
[2019.01.10-16.18.46:915][887]LogSavePackage: Moving 'E:/Unreal Projects/CPP_Tank/Tank_CPP/Saved/BattleTankGameMode_BP_Auto1976886F54EF9C1FC55CBF799D9CDF201.tmp' to 'E:/Unreal Projects/CPP_Tank/Tank_CPP/Saved/Autosaves/Game/Core/BattleTankGameMode_BP_Auto1.uasset'
[2019.01.10-16.18.46:916][887]LogFileHelpers: Auto-saving content packages took 0.020
[2019.01.10-16.35.30:034][548]Running G:/Unreal Editor Versions/UE_4.21/Engine/Binaries/DotNET/UnrealBuildTool.exe Win64 Development -TargetType=Editor -Project="E:/Unreal Projects/CPP_Tank/Tank_CPP/Tank_CPP.uproject" -invalidatemakefilesonly
[2019.01.10-16.35.30:740][548]Invalidating makefiles only in this run.
[2019.01.10-16.35.30:856][548]Candidate modules for hot reload:
[2019.01.10-16.35.30:857][548]  Tank_CPP
[2019.01.10-16.35.30:857][548]Launching UnrealBuildTool... [G:/Unreal Editor Versions/UE_4.21/Engine/Binaries/DotNET/UnrealBuildTool.exe  -ModuleWithSuffix=Tank_CPP,6217 Win64 Development -TargetType=Editor -Project="E:/Unreal Projects/CPP_Tank/Tank_CPP/Tank_CPP.uproject" -canskiplink "E:/Unreal Projects/CPP_Tank/Tank_CPP/Tank_CPP.uproject" ]
[2019.01.10-16.35.51:604][548]CompilerResultsLog: New page: Compilation - Jan 10, 2019, 6:35:51 PM
[2019.01.10-16.35.51:604][548]CompilerResultsLog: Using 'git status' to determine working set for adaptive non-unity build (E:\Unreal Projects\CPP_Tank).
[2019.01.10-16.35.51:604][548]CompilerResultsLog: Creating makefile for hot reloading Tank_CPPEditor (no existing makefile)
[2019.01.10-16.35.51:604][548]CompilerResultsLog: Compiling game modules for hot reload
[2019.01.10-16.35.51:604][548]CompilerResultsLog: Using Visual Studio 2017 14.16.27023 toolchain (C:\Program Files (x86)\Microsoft Visual Studio\2017\Community\VC\Tools\MSVC\14.16.27023) and Windows 10.0.17763.0 SDK (C:\Program Files (x86)\Windows Kits\10).
[2019.01.10-16.35.51:604][548]CompilerResultsLog: Parsing headers for Tank_CPPEditor
[2019.01.10-16.35.51:604][548]CompilerResultsLog:   Running UnrealHeaderTool "E:\Unreal Projects\CPP_Tank\Tank_CPP\Tank_CPP.uproject" "E:\Unreal Projects\CPP_Tank\Tank_CPP\Intermediate\Build\Win64\Tank_CPPEditor\Development\Tank_CPPEditor.uhtmanifest" -LogCmds="loginit warning, logexit warning, logdatabase error" -Unattended -WarningsAsErrors -installed
[2019.01.10-16.35.51:604][548]CompilerResultsLog: Reflection code generated for Tank_CPPEditor in 12.3838947 seconds
[2019.01.10-16.35.51:604][548]CompilerResultsLog: Building 6 actions with 12 processes...
[2019.01.10-16.35.51:604][548]CompilerResultsLog:   [1/6] Tank_CPP.init.gen.cpp
[2019.01.10-16.35.51:605][548]CompilerResultsLog:   [2/6] TankPlayerController.cpp
[2019.01.10-16.35.51:605][548]CompilerResultsLog:   [3/6] TankAIController.cpp
[2019.01.10-16.35.51:605][548]CompilerResultsLog:   [4/6] TankAIController.gen.cpp
[2019.01.10-16.35.51:605][548]CompilerResultsLog:   [5/6] UE4Editor-Tank_CPP-6217.lib
[2019.01.10-16.35.51:605][548]CompilerResultsLog:      Creating library E:\Unreal Projects\CPP_Tank\Tank_CPP\Intermediate\Build\Win64\UE4Editor\Development\Tank_CPP\UE4Editor-Tank_CPP-6217.lib and object E:\Unreal Projects\CPP_Tank\Tank_CPP\Intermediate\Build\Win64\UE4Editor\Development\Tank_CPP\UE4Editor-Tank_CPP-6217.exp
[2019.01.10-16.35.51:605][548]CompilerResultsLog:   [6/6] UE4Editor-Tank_CPP-6217.dll
[2019.01.10-16.35.51:605][548]CompilerResultsLog:      Creating library E:\Unreal Projects\CPP_Tank\Tank_CPP\Intermediate\Build\Win64\UE4Editor\Development\Tank_CPP\UE4Editor-Tank_CPP-6217.suppressed.lib and object E:\Unreal Projects\CPP_Tank\Tank_CPP\Intermediate\Build\Win64\UE4Editor\Development\Tank_CPP\UE4Editor-Tank_CPP-6217.suppressed.exp
[2019.01.10-16.35.51:605][548]CompilerResultsLog: Total build time: 20.48 seconds (Parallel executor: 2.44 seconds)
[2019.01.10-16.35.51:605][548]LogMainFrame: MainFrame: Module compiling took 20.752 seconds
[2019.01.10-16.35.51:664][548]LogClass: Could not find existing class TankAIController in package /Script/Tank_CPP for HotReload, assuming new class
[2019.01.10-16.35.51:668][548]LogContentBrowser: Native class hierarchy updated for 'Tank_CPP' in 0.0005 seconds. Added 3 classes and 3 folders.
[2019.01.10-16.35.51:672][548]Display: HotReload successful (0 functions remapped  0 scriptstructs remapped)
[2019.01.10-16.35.52:194][548]LogContentBrowser: Native class hierarchy populated in 0.0111 seconds. Added 2655 classes and 625 folders.
[2019.01.10-16.35.52:396][548]Display: HotReload took 21.5s.
[2019.01.10-16.35.52:398][548]Warning: HotReload operation took 21.6s.
[2019.01.10-16.35.52:615][548]LogSlate: Window 'Add C++ Class' being destroyed
[2019.01.10-16.35.52:625][548]LogHotReload: New module detected: UE4Editor-Tank_CPP-6217.dll
[2019.01.10-16.35.52:657][549]LogHotReload: Starting Hot-Reload from IDE
[2019.01.10-16.35.52:735][549]LogContentBrowser: Native class hierarchy updated for 'Tank_CPP' in 0.0004 seconds. Added 3 classes and 3 folders.
[2019.01.10-16.35.52:740][549]Display: HotReload successful (0 functions remapped  0 scriptstructs remapped)
[2019.01.10-16.35.53:107][549]LogContentBrowser: Native class hierarchy populated in 0.0119 seconds. Added 2655 classes and 625 folders.
[2019.01.10-16.35.53:110][549]Display: HotReload took  0.5s.
[2019.01.10-16.37.05:051][340]LogAssetEditorManager: Opening Asset editor for Blueprint /Game/Tank/Tank_BP.Tank_BP
[2019.01.10-16.37.10:590][940]LogSlate: Prevented a slow task dialog from being summoned while a context menu was open
[2019.01.10-16.37.16:294][617]BlueprintLog: New page: Compile Tank_BP
[2019.01.10-16.37.16:777][629]Cmd: OBJ SAVEPACKAGE PACKAGE="/Game/Tank/Tank_BP" FILE="E:/Unreal Projects/CPP_Tank/Tank_CPP/Content/Tank/Tank_BP.uasset" SILENT=true
[2019.01.10-16.37.16:822][629]LogSavePackage: Moving 'E:/Unreal Projects/CPP_Tank/Tank_CPP/Saved/Tank_BPEF3DFD064CB3CC738926ADAC57D3A4E0.tmp' to 'E:/Unreal Projects/CPP_Tank/Tank_CPP/Content/Tank/Tank_BP.uasset'
[2019.01.10-16.40.15:341][763]Candidate modules for hot reload:
[2019.01.10-16.40.15:341][763]  Tank_CPP
[2019.01.10-16.40.15:341][763]Launching UnrealBuildTool... [G:/Unreal Editor Versions/UE_4.21/Engine/Binaries/DotNET/UnrealBuildTool.exe  -ModuleWithSuffix=Tank_CPP,1651 Win64 Development -TargetType=Editor -Project="E:/Unreal Projects/CPP_Tank/Tank_CPP/Tank_CPP.uproject" -canskiplink "E:/Unreal Projects/CPP_Tank/Tank_CPP/Tank_CPP.uproject" ]
[2019.01.10-16.40.15:346][763]Warning: Starting HotReload took  0.0s.
[2019.01.10-16.40.36:170][162]CompilerResultsLog: New page: Compilation - Jan 10, 2019, 6:40:36 PM
[2019.01.10-16.40.36:170][162]CompilerResultsLog: Using 'git status' to determine working set for adaptive non-unity build (E:\Unreal Projects\CPP_Tank).
[2019.01.10-16.40.36:170][162]CompilerResultsLog: Creating makefile for hot reloading Tank_CPPEditor (source directory changed)
[2019.01.10-16.40.36:170][162]CompilerResultsLog: Compiling game modules for hot reload
[2019.01.10-16.40.36:170][162]CompilerResultsLog: Using Visual Studio 2017 14.16.27023 toolchain (C:\Program Files (x86)\Microsoft Visual Studio\2017\Community\VC\Tools\MSVC\14.16.27023) and Windows 10.0.17763.0 SDK (C:\Program Files (x86)\Windows Kits\10).
[2019.01.10-16.40.36:170][162]CompilerResultsLog: Parsing headers for Tank_CPPEditor
[2019.01.10-16.40.36:170][162]CompilerResultsLog:   Running UnrealHeaderTool "E:\Unreal Projects\CPP_Tank\Tank_CPP\Tank_CPP.uproject" "E:\Unreal Projects\CPP_Tank\Tank_CPP\Intermediate\Build\Win64\Tank_CPPEditor\Development\Tank_CPPEditor.uhtmanifest" -LogCmds="loginit warning, logexit warning, logdatabase error" -Unattended -WarningsAsErrors -installed
[2019.01.10-16.40.36:170][162]CompilerResultsLog: Reflection code generated for Tank_CPPEditor in 12.2560636 seconds
[2019.01.10-16.40.36:171][162]CompilerResultsLog: Building 4 actions with 12 processes...
[2019.01.10-16.40.36:171][162]CompilerResultsLog:   [1/4] TankAIController.cpp
[2019.01.10-16.40.36:171][162]CompilerResultsLog:   [2/4] TankAIController.gen.cpp
[2019.01.10-16.40.36:171][162]CompilerResultsLog:   [3/4] UE4Editor-Tank_CPP-1651.lib
[2019.01.10-16.40.36:171][162]CompilerResultsLog:      Creating library E:\Unreal Projects\CPP_Tank\Tank_CPP\Intermediate\Build\Win64\UE4Editor\Development\Tank_CPP\UE4Editor-Tank_CPP-1651.lib and object E:\Unreal Projects\CPP_Tank\Tank_CPP\Intermediate\Build\Win64\UE4Editor\Development\Tank_CPP\UE4Editor-Tank_CPP-1651.exp
[2019.01.10-16.40.36:171][162]CompilerResultsLog:   [4/4] UE4Editor-Tank_CPP-1651.dll
[2019.01.10-16.40.36:171][162]CompilerResultsLog:      Creating library E:\Unreal Projects\CPP_Tank\Tank_CPP\Intermediate\Build\Win64\UE4Editor\Development\Tank_CPP\UE4Editor-Tank_CPP-1651.suppressed.lib and object E:\Unreal Projects\CPP_Tank\Tank_CPP\Intermediate\Build\Win64\UE4Editor\Development\Tank_CPP\UE4Editor-Tank_CPP-1651.suppressed.exp
[2019.01.10-16.40.36:171][162]CompilerResultsLog: Total build time: 20.52 seconds (Parallel executor: 2.39 seconds)
[2019.01.10-16.40.36:171][162]LogMainFrame: MainFrame: Module compiling took 20.833 seconds
[2019.01.10-16.40.36:242][162]LogContentBrowser: Native class hierarchy updated for 'Tank_CPP' in 0.0005 seconds. Added 3 classes and 3 folders.
[2019.01.10-16.40.36:247][162]Display: HotReload successful (0 functions remapped  0 scriptstructs remapped)
[2019.01.10-16.40.36:629][162]LogContentBrowser: Native class hierarchy populated in 0.0108 seconds. Added 2655 classes and 625 folders.
[2019.01.10-16.40.36:629][162]Display: HotReload took 21.3s.
[2019.01.10-16.40.40:090][264]LogTemp: Repeating last play command: Selected Viewport
[2019.01.10-16.40.40:117][264]LogBlueprintUserMessages: Early PlayInEditor Detection: Level '/Game/Battleground.Battleground:PersistentLevel' has LevelScriptBlueprint '/Game/Battleground.Battleground:PersistentLevel.Battleground' with GeneratedClass '/Game/Battleground.Battleground_C' with ClassGeneratedBy '/Game/Battleground.Battleground:PersistentLevel.Battleground'
[2019.01.10-16.40.40:117][264]LogPlayLevel: PlayLevel: No blueprints needed recompiling
[2019.01.10-16.40.40:118][264]PIE: New page: PIE session: Battleground (Jan 10, 2019, 6:40:40 PM)
[2019.01.10-16.40.40:118][264]LogPlayLevel: Creating play world package: /Game/UEDPIE_0_Battleground
[2019.01.10-16.40.40:211][264]LogPlayLevel: PIE: StaticDuplicateObject took: (0.092926s)
[2019.01.10-16.40.40:211][264]LogAIModule: Creating AISystem for world Battleground
[2019.01.10-16.40.40:211][264]LogPlayLevel: PIE: World Init took: (0.000728s)
[2019.01.10-16.40.40:212][264]LogPlayLevel: PIE: Created PIE world by copying editor world from /Game/Battleground.Battleground to /Game/UEDPIE_0_Battleground.Battleground (0.094055s)
[2019.01.10-16.40.40:289][264]LogInit: XAudio2 using 'Headphones (High Definition Audio Device)' : 2 channels at 48 kHz using 16 bits per sample (channel mask 0x3)
[2019.01.10-16.40.40:303][264]LogInit: FAudioDevice initialized.
[2019.01.10-16.40.40:340][264]LogLoad: Game class is 'BattleTankGameMode_BP_C'
[2019.01.10-16.40.40:343][264]LogWorld: Bringing World /Game/UEDPIE_0_Battleground.Battleground up for play (max tick rate 0) at 2019.01.10-17.40.40
[2019.01.10-16.40.40:344][264]LogWorld: Bringing up level for play took: 0.002498
[2019.01.10-16.40.40:358][264]LogTemp: Warning: Player Controller Begin Play
[2019.01.10-16.40.40:358][264]LogTemp: Warning: Possesing Tank_BP_C_0
[2019.01.10-16.40.40:359][264]PIE: Play in editor start time for /Game/UEDPIE_0_Battleground 0.515
[2019.01.10-16.40.40:359][264]LogBlueprintUserMessages: Late PlayInEditor Detection: Level '/Game/Battleground.Battleground:PersistentLevel' has LevelScriptBlueprint '/Game/Battleground.Battleground:PersistentLevel.Battleground' with GeneratedClass '/Game/Battleground.Battleground_C' with ClassGeneratedBy '/Game/Battleground.Battleground:PersistentLevel.Battleground'
[2019.01.10-16.40.41:905][448]LogBlueprintUserMessages: Early EndPlayMap Detection: Level '/Game/Battleground.Battleground:PersistentLevel' has LevelScriptBlueprint '/Game/Battleground.Battleground:PersistentLevel.Battleground' with GeneratedClass '/Game/Battleground.Battleground_C' with ClassGeneratedBy '/Game/Battleground.Battleground:PersistentLevel.Battleground'
[2019.01.10-16.40.41:906][448]LogSlate: Updating window title bar state: overlay mode, drag disabled, window buttons hidden, title bar hidden
[2019.01.10-16.40.41:948][448]LogPlayLevel: Display: Shutting down PIE online subsystems
[2019.01.10-16.40.41:948][448]LogBlueprintUserMessages: Late EndPlayMap Detection: Level '/Game/Battleground.Battleground:PersistentLevel' has LevelScriptBlueprint '/Game/Battleground.Battleground:PersistentLevel.Battleground' with GeneratedClass '/Game/Battleground.Battleground_C' with ClassGeneratedBy '/Game/Battleground.Battleground:PersistentLevel.Battleground'
[2019.01.10-16.40.41:986][448]LogSlate: Updating window title bar state: overlay mode, drag disabled, window buttons hidden, title bar hidden
[2019.01.10-16.40.42:007][449]LogPlayLevel: Display: Destroying online subsystem :Context_9
[2019.01.10-16.40.46:535][990]Cmd: SELECT NONE
[2019.01.10-16.40.56:363][134]LogSlate: FSceneViewport::OnFocusLost() reason 0
[2019.01.10-16.40.56:446][144]LogTemp: Repeating last play command: Selected Viewport
[2019.01.10-16.40.56:470][144]LogBlueprintUserMessages: Early PlayInEditor Detection: Level '/Game/Battleground.Battleground:PersistentLevel' has LevelScriptBlueprint '/Game/Battleground.Battleground:PersistentLevel.Battleground' with GeneratedClass '/Game/Battleground.Battleground_C' with ClassGeneratedBy '/Game/Battleground.Battleground:PersistentLevel.Battleground'
[2019.01.10-16.40.56:471][144]LogPlayLevel: PlayLevel: No blueprints needed recompiling
[2019.01.10-16.40.56:471][144]PIE: New page: PIE session: Battleground (Jan 10, 2019, 6:40:56 PM)
[2019.01.10-16.40.56:471][144]LogPlayLevel: Creating play world package: /Game/UEDPIE_0_Battleground
[2019.01.10-16.40.56:568][144]LogPlayLevel: PIE: StaticDuplicateObject took: (0.096815s)
[2019.01.10-16.40.56:568][144]LogAIModule: Creating AISystem for world Battleground
[2019.01.10-16.40.56:568][144]LogPlayLevel: PIE: World Init took: (0.000687s)
[2019.01.10-16.40.56:569][144]LogPlayLevel: PIE: Created PIE world by copying editor world from /Game/Battleground.Battleground to /Game/UEDPIE_0_Battleground.Battleground (0.097910s)
[2019.01.10-16.40.56:659][144]LogInit: XAudio2 using 'Headphones (High Definition Audio Device)' : 2 channels at 48 kHz using 16 bits per sample (channel mask 0x3)
[2019.01.10-16.40.56:672][144]LogInit: FAudioDevice initialized.
[2019.01.10-16.40.56:707][144]LogLoad: Game class is 'BattleTankGameMode_BP_C'
[2019.01.10-16.40.56:710][144]LogWorld: Bringing World /Game/UEDPIE_0_Battleground.Battleground up for play (max tick rate 0) at 2019.01.10-17.40.56
[2019.01.10-16.40.56:710][144]LogWorld: Bringing up level for play took: 0.002833
[2019.01.10-16.40.56:725][144]LogTemp: Warning: AI Controller Begin Play
[2019.01.10-16.40.56:725][144]LogTemp: Warning: Possesing Tank_BP_2
[2019.01.10-16.40.56:726][144]LogTemp: Warning: Player Controller Begin Play
[2019.01.10-16.40.56:726][144]LogTemp: Warning: Possesing Tank_BP_C_0
[2019.01.10-16.40.56:726][144]PIE: Play in editor start time for /Game/UEDPIE_0_Battleground 0.883
[2019.01.10-16.40.56:726][144]LogBlueprintUserMessages: Late PlayInEditor Detection: Level '/Game/Battleground.Battleground:PersistentLevel' has LevelScriptBlueprint '/Game/Battleground.Battleground:PersistentLevel.Battleground' with GeneratedClass '/Game/Battleground.Battleground_C' with ClassGeneratedBy '/Game/Battleground.Battleground:PersistentLevel.Battleground'
[2019.01.10-16.40.58:571][364]LogBlueprintUserMessages: Early EndPlayMap Detection: Level '/Game/Battleground.Battleground:PersistentLevel' has LevelScriptBlueprint '/Game/Battleground.Battleground:PersistentLevel.Battleground' with GeneratedClass '/Game/Battleground.Battleground_C' with ClassGeneratedBy '/Game/Battleground.Battleground:PersistentLevel.Battleground'
[2019.01.10-16.40.58:571][364]LogSlate: Updating window title bar state: overlay mode, drag disabled, window buttons hidden, title bar hidden
[2019.01.10-16.40.58:614][364]LogPlayLevel: Display: Shutting down PIE online subsystems
[2019.01.10-16.40.58:615][364]LogBlueprintUserMessages: Late EndPlayMap Detection: Level '/Game/Battleground.Battleground:PersistentLevel' has LevelScriptBlueprint '/Game/Battleground.Battleground:PersistentLevel.Battleground' with GeneratedClass '/Game/Battleground.Battleground_C' with ClassGeneratedBy '/Game/Battleground.Battleground:PersistentLevel.Battleground'
[2019.01.10-16.40.58:655][364]LogSlate: Updating window title bar state: overlay mode, drag disabled, window buttons hidden, title bar hidden
[2019.01.10-16.40.58:674][365]LogPlayLevel: Display: Destroying online subsystem :Context_10
[2019.01.10-16.41.25:591][586]Cmd: OBJ SAVEPACKAGE PACKAGE="/Game/Battleground" FILE="E:/Unreal Projects/CPP_Tank/Tank_CPP/Saved/Autosaves/Game/Battleground_Auto2.umap" SILENT=true AUTOSAVING=true KEEPDIRTY=false
[2019.01.10-16.41.26:396][586]LogSavePackage: Moving 'E:/Unreal Projects/CPP_Tank/Tank_CPP/Saved/Battleground_Auto2436043E24AC27D6D2AE51CB58EB11409.tmp' to 'E:/Unreal Projects/CPP_Tank/Tank_CPP/Saved/Autosaves/Game/Battleground_Auto2.umap'
[2019.01.10-16.41.26:399][586]LogFileHelpers: Editor autosave (incl. sublevels) for '/Game/Battleground' took 0.846
[2019.01.10-16.41.26:399][586]LogFileHelpers: Editor autosave (incl. sublevels) for all levels took 0.846
