Log file open, 01/11/19 10:49:41
LogWindows: Failed to load 'aqProf.dll' (GetLastError=126)
LogWindows: File 'aqProf.dll' does not exist
LogWindows: Failed to load 'VtuneApi.dll' (GetLastError=126)
LogWindows: File 'VtuneApi.dll' does not exist
LogWindows: Failed to load 'VtuneApi32e.dll' (GetLastError=126)
LogWindows: File 'VtuneApi32e.dll' does not exist
LogConsoleResponse: Display: Failed to find resolution value strings in scalability ini. Falling back to default.
LogInit: Display: Running engine for game: Tank_CPP
LogPakFile: Registered encryption key '00000000000000000000000000000000': 0 pak files mounted, 0 remain pending
LogPlatformFile: Not using cached read wrapper
LogTaskGraph: Started task graph with 5 named threads and 35 total threads with 3 sets of task threads.
LogStats: Stats thread started at 0.560233
LogD3D11RHI: Loaded GFSDK_Aftermath_Lib.x64.dll
LogICUInternationalization: ICU TimeZone Detection - Raw Offset: +1:00, Platform Override: ''
LogPluginManager: Mounting plugin Paper2D
LogPluginManager: Mounting plugin AISupport
LogPluginManager: Mounting plugin LightPropagationVolume
LogPluginManager: Mounting plugin ActorLayerUtilities
LogPluginManager: Mounting plugin CLionSourceCodeAccess
LogPluginManager: Mounting plugin CodeLiteSourceCodeAccess
LogPluginManager: Mounting plugin GitSourceControl
LogPluginManager: Mounting plugin KDevelopSourceCodeAccess
LogPluginManager: Mounting plugin NullSourceCodeAccess
LogPluginManager: Mounting plugin PerforceSourceControl
LogPluginManager: Mounting plugin SubversionSourceControl
LogPluginManager: Mounting plugin UObjectPlugin
LogPluginManager: Mounting plugin VisualStudioCodeSourceCodeAccess
LogPluginManager: Mounting plugin VisualStudioSourceCodeAccess
LogPluginManager: Mounting plugin XCodeSourceCodeAccess
LogPluginManager: Mounting plugin AssetManagerEditor
LogPluginManager: Mounting plugin CryptoKeys
LogPluginManager: Mounting plugin DataValidation
LogPluginManager: Mounting plugin FacialAnimation
LogPluginManager: Mounting plugin GameplayTagsEditor
LogPluginManager: Mounting plugin MacGraphicsSwitching
LogPluginManager: Mounting plugin MeshEditor
LogPluginManager: Mounting plugin MobileLauncherProfileWizard
LogPluginManager: Mounting plugin PluginBrowser
LogPluginManager: Mounting plugin SpeedTreeImporter
LogPluginManager: Mounting plugin DatasmithContent
LogPluginManager: Mounting plugin VariantManagerContent
LogPluginManager: Mounting plugin AlembicImporter
LogPluginManager: Mounting plugin AppleImageUtils
LogPluginManager: Mounting plugin AppleVision
LogPluginManager: Mounting plugin BackChannel
LogPluginManager: Mounting plugin CharacterAI
LogPluginManager: Mounting plugin GeometryCache
LogPluginManager: Mounting plugin HTML5Networking
LogPluginManager: Mounting plugin ProxyLODPlugin
LogPluginManager: Mounting plugin MagicLeap
LogPluginManager: Mounting plugin MagicLeapMedia
LogPluginManager: Mounting plugin AndroidMedia
LogPluginManager: Mounting plugin AvfMedia
LogPluginManager: Mounting plugin ImgMedia
LogPluginManager: Mounting plugin LinearTimecode
LogPluginManager: Mounting plugin MediaCompositing
LogPluginManager: Mounting plugin MediaPlayerEditor
LogPluginManager: Mounting plugin WebMMedia
LogPluginManager: Mounting plugin WmfMedia
LogPluginManager: Mounting plugin TcpMessaging
LogPluginManager: Mounting plugin UdpMessaging
LogPluginManager: Mounting plugin ActorSequence
LogPluginManager: Mounting plugin LevelSequenceEditor
LogPluginManager: Mounting plugin MatineeToLevelSequence
LogPluginManager: Mounting plugin NetcodeUnitTest
LogPluginManager: Mounting plugin NUTUnrealEngine4
LogPluginManager: Mounting plugin OnlineSubsystemGooglePlay
LogPluginManager: Mounting plugin OnlineSubsystemIOS
LogPluginManager: Mounting plugin OnlineSubsystem
LogPluginManager: Mounting plugin OnlineSubsystemNull
LogPluginManager: Mounting plugin OnlineSubsystemUtils
LogPluginManager: Mounting plugin LauncherChunkInstaller
LogPluginManager: Mounting plugin AndroidDeviceProfileSelector
LogPluginManager: Mounting plugin AndroidMoviePlayer
LogPluginManager: Mounting plugin AndroidPermission
LogPluginManager: Mounting plugin AppleMoviePlayer
LogPluginManager: Mounting plugin ArchVisCharacter
LogPluginManager: Mounting plugin AudioCapture
LogPluginManager: Mounting plugin CableComponent
LogPluginManager: Mounting plugin CustomMeshComponent
LogPluginManager: Mounting plugin EditableMesh
LogPluginManager: Mounting plugin ExampleDeviceProfileSelector
LogPluginManager: Mounting plugin Firebase
LogPluginManager: Mounting plugin GoogleCloudMessaging
LogPluginManager: Mounting plugin IOSDeviceProfileSelector
LogPluginManager: Mounting plugin LinuxDeviceProfileSelector
LogPluginManager: Mounting plugin LocationServicesBPLibrary
LogPluginManager: Mounting plugin MobilePatchingUtils
LogPluginManager: Mounting plugin OculusVR
LogPluginManager: Mounting plugin PhysXVehicles
LogPluginManager: Mounting plugin ProceduralMeshComponent
LogPluginManager: Mounting plugin RuntimePhysXCooking
LogPluginManager: Mounting plugin SteamVR
LogPluginManager: Mounting plugin WebMMoviePlayer
LogPluginManager: Mounting plugin WindowsMoviePlayer
LogStreaming: Display: Took  0.114s to configure plugins.
LogInit: Using libcurl 7.55.1-DEV
LogInit:  - built for x86_64-pc-win32
LogInit:  - supports SSL with OpenSSL/1.0.2h
LogInit:  - supports HTTP deflate (compression) using libz 1.2.8
LogInit:  - other features:
LogInit:      CURL_VERSION_SSL
LogInit:      CURL_VERSION_LIBZ
LogInit:      CURL_VERSION_IPV6
LogInit:      CURL_VERSION_ASYNCHDNS
LogInit:      CURL_VERSION_LARGEFILE
LogInit:      CURL_VERSION_IDN
LogInit:  CurlRequestOptions (configurable via config and command line):
LogInit:  - bVerifyPeer = true  - Libcurl will verify peer certificate
LogInit:  - bUseHttpProxy = false  - Libcurl will NOT use HTTP proxy
LogInit:  - bDontReuseConnections = false  - Libcurl will reuse connections
LogInit:  - MaxHostConnections = 16  - Libcurl will limit the number of connections to a host
LogInit:  - LocalHostAddr = Default
LogInit:  - BufferSize = 65536
LogInit: WinSock: version 1.1 (2.2), MaxSocks=32767, MaxUdp=65467
LogInit: Build: ++UE4+Release-4.21-CL-4613538
LogInit: Engine Version: 4.21.1-4613538+++UE4+Release-4.21
LogInit: Compatible Engine Version: 4.21.0-4541578+++UE4+Release-4.21
LogInit: Net CL: 4541578
LogInit: OS: Windows 10 (), CPU: Intel(R) Core(TM) i7-8700K CPU @ 3.70GHz, GPU: NVIDIA GeForce GTX 1080 Ti
LogInit: Compiled (64-bit): Nov 30 2018 04:13:25
LogInit: Compiled with Visual C++: 19.13.26129.00
LogInit: Build Configuration: Development
LogInit: Branch Name: ++UE4+Release-4.21
LogInit: Command Line:  -skipcompile
LogInit: Base Directory: G:/Unreal Editor Versions/UE_4.21/Engine/Binaries/Win64/
LogInit: Installed Engine Build: 1
LogDevObjectVersion: Number of dev versions registered: 22
LogDevObjectVersion:   Dev-Blueprints (B0D832E4-1F89-4F0D-ACCF-7EB736FD4AA2): 10
LogDevObjectVersion:   Dev-Build (E1C64328-A22C-4D53-A36C-8E866417BD8C): 0
LogDevObjectVersion:   Dev-Core (375EC13C-06E4-48FB-B500-84F0262A717E): 2
LogDevObjectVersion:   Dev-Editor (E4B068ED-F494-42E9-A231-DA0B2E46BB41): 26
LogDevObjectVersion:   Dev-Framework (CFFC743F-43B0-4480-9391-14DF171D2073): 34
LogDevObjectVersion:   Dev-Mobile (B02B49B5-BB20-44E9-A304-32B752E40360): 2
LogDevObjectVersion:   Dev-Networking (A4E4105C-59A1-49B5-A7C5-40C4547EDFEE): 0
LogDevObjectVersion:   Dev-Online (39C831C9-5AE6-47DC-9A44-9C173E1C8E7C): 0
LogDevObjectVersion:   Dev-Physics (78F01B33-EBEA-4F98-B9B4-84EACCB95AA2): 0
LogDevObjectVersion:   Dev-Platform (6631380F-2D4D-43E0-8009-CF276956A95A): 0
LogDevObjectVersion:   Dev-Rendering (12F88B9F-8875-4AFC-A67C-D90C383ABD29): 27
LogDevObjectVersion:   Dev-Sequencer (7B5AE74C-D270-4C10-A958-57980B212A5A): 9
LogDevObjectVersion:   Dev-VR (D7296918-1DD6-4BDD-9DE2-64A83CC13884): 2
LogDevObjectVersion:   Dev-LoadTimes (C2A15278-BFE7-4AFE-6C17-90FF531DF755): 1
LogDevObjectVersion:   Private-Geometry (6EACA3D4-40EC-4CC1-B786-8BED09428FC5): 3
LogDevObjectVersion:   Dev-AnimPhys (29E575DD-E0A3-4627-9D10-D276232CDCEA): 17
LogDevObjectVersion:   Dev-Anim (AF43A65D-7FD3-4947-9873-3E8ED9C1BB05): 2
LogDevObjectVersion:   Dev-ReflectionCapture (6B266CEC-1EC7-4B8F-A30B-E4D90942FC07): 1
LogDevObjectVersion:   Dev-Automation (0DF73D61-A23F-47EA-B727-89E90C41499A): 1
LogDevObjectVersion:   FortniteMain (601D1886-AC64-4F84-AA16-D3DE0DEAC7D6): 17
LogDevObjectVersion:   Dev-Enterprise (9DFFBCD6-494F-0158-E221-12823C92A888): 4
LogDevObjectVersion:   Dev-Niagara (F2AED0AC-9AFE-416F-8664-AA7FFA26D6FC): 1
LogStreaming: Display: Took  0.001s to delete old logs.
LogInit: Presizing for max 8388607 objects, including 0 objects not considered by GC, pre-allocating 0 bytes for permanent pool.
LogInit: Object subsystem initialized
LogConfig: Setting CVar [[con.DebugEarlyDefault:1]]
LogConfig: Setting CVar [[r.setres:1280x720]]
[2019.01.11-09.49.42:180][  0]LogConfig: Setting CVar [[r.VSync:0]]
[2019.01.11-09.49.42:181][  0]LogConfig: Setting CVar [[r.RHICmdBypass:0]]
[2019.01.11-09.49.42:181][  0]LogConfig: Applying CVar settings from Section [/Script/Engine.RendererSettings] File [E:/Unreal Projects/CPP_Tank/Tank_CPP/Saved/Config/Windows/Engine.ini]
[2019.01.11-09.49.42:181][  0]LogConfig: Setting CVar [[r.GPUCrashDebugging:0]]
[2019.01.11-09.49.42:181][  0]LogConfig: Applying CVar settings from Section [/Script/Engine.RendererOverrideSettings] File [E:/Unreal Projects/CPP_Tank/Tank_CPP/Saved/Config/Windows/Engine.ini]
[2019.01.11-09.49.42:181][  0]LogConfig: Applying CVar settings from Section [/Script/Engine.StreamingSettings] File [E:/Unreal Projects/CPP_Tank/Tank_CPP/Saved/Config/Windows/Engine.ini]
[2019.01.11-09.49.42:181][  0]LogConfig: Setting CVar [[s.MinBulkDataSizeForAsyncLoading:131072]]
[2019.01.11-09.49.42:181][  0]LogConfig: Setting CVar [[s.AsyncLoadingThreadEnabled:0]]
[2019.01.11-09.49.42:181][  0]LogConfig: Setting CVar [[s.EventDrivenLoaderEnabled:1]]
[2019.01.11-09.49.42:181][  0]LogConfig: Setting CVar [[s.WarnIfTimeLimitExceeded:0]]
[2019.01.11-09.49.42:181][  0]LogConfig: Setting CVar [[s.TimeLimitExceededMultiplier:1.5]]
[2019.01.11-09.49.42:181][  0]LogConfig: Setting CVar [[s.TimeLimitExceededMinTime:0.005]]
[2019.01.11-09.49.42:181][  0]LogConfig: Setting CVar [[s.UseBackgroundLevelStreaming:1]]
[2019.01.11-09.49.42:181][  0]LogConfig: Setting CVar [[s.PriorityAsyncLoadingExtraTime:15.0]]
[2019.01.11-09.49.42:181][  0]LogConfig: Setting CVar [[s.LevelStreamingActorsUpdateTimeLimit:5.0]]
[2019.01.11-09.49.42:181][  0]LogConfig: Setting CVar [[s.PriorityLevelStreamingActorsUpdateExtraTime:5.0]]
[2019.01.11-09.49.42:181][  0]LogConfig: Setting CVar [[s.LevelStreamingComponentsRegistrationGranularity:10]]
[2019.01.11-09.49.42:182][  0]LogConfig: Setting CVar [[s.UnregisterComponentsTimeLimit:1.0]]
[2019.01.11-09.49.42:182][  0]LogConfig: Setting CVar [[s.LevelStreamingComponentsUnregistrationGranularity:5]]
[2019.01.11-09.49.42:182][  0]LogConfig: Applying CVar settings from Section [/Script/Engine.GarbageCollectionSettings] File [E:/Unreal Projects/CPP_Tank/Tank_CPP/Saved/Config/Windows/Engine.ini]
[2019.01.11-09.49.42:182][  0]LogConfig: Setting CVar [[gc.MaxObjectsNotConsideredByGC:1]]
[2019.01.11-09.49.42:182][  0]LogConfig: Setting CVar [[gc.SizeOfPermanentObjectPool:0]]
[2019.01.11-09.49.42:182][  0]LogConfig: Setting CVar [[gc.FlushStreamingOnGC:0]]
[2019.01.11-09.49.42:182][  0]LogConfig: Setting CVar [[gc.NumRetriesBeforeForcingGC:10]]
[2019.01.11-09.49.42:182][  0]LogConfig: Setting CVar [[gc.AllowParallelGC:1]]
[2019.01.11-09.49.42:182][  0]LogConfig: Setting CVar [[gc.TimeBetweenPurgingPendingKillObjects:61.1]]
[2019.01.11-09.49.42:182][  0]LogConfig: Setting CVar [[gc.MaxObjectsInEditor:8388607]]
[2019.01.11-09.49.42:182][  0]LogConfig: Setting CVar [[gc.IncrementalBeginDestroyEnabled:1]]
[2019.01.11-09.49.42:182][  0]LogConfig: Setting CVar [[gc.CreateGCClusters:1]]
[2019.01.11-09.49.42:182][  0]LogConfig: Setting CVar [[gc.MergeGCClusters:0]]
[2019.01.11-09.49.42:182][  0]LogConfig: Setting CVar [[gc.MinGCClusterSize:5]]
[2019.01.11-09.49.42:182][  0]LogConfig: Setting CVar [[gc.ActorClusteringEnabled:0]]
[2019.01.11-09.49.42:182][  0]LogConfig: Setting CVar [[gc.BlueprintClusteringEnabled:0]]
[2019.01.11-09.49.42:182][  0]LogConfig: Setting CVar [[gc.UseDisregardForGCOnDedicatedServers:0]]
[2019.01.11-09.49.42:183][  0]LogConfig: Applying CVar settings from Section [/Script/Engine.NetworkSettings] File [E:/Unreal Projects/CPP_Tank/Tank_CPP/Saved/Config/Windows/Engine.ini]
[2019.01.11-09.49.42:183][  0]LogConfig: Applying CVar settings from Section [/Script/UnrealEd.CookerSettings] File [E:/Unreal Projects/CPP_Tank/Tank_CPP/Saved/Config/Windows/Engine.ini]
[2019.01.11-09.49.42:193][  0]LogConfig: Applying CVar settings from Section [ViewDistanceQuality@3] File [E:/Unreal Projects/CPP_Tank/Tank_CPP/Saved/Config/Windows/Scalability.ini]
[2019.01.11-09.49.42:193][  0]LogConfig: Setting CVar [[r.SkeletalMeshLODBias:0]]
[2019.01.11-09.49.42:194][  0]LogConfig: Setting CVar [[r.ViewDistanceScale:1.0]]
[2019.01.11-09.49.42:194][  0]LogConfig: Applying CVar settings from Section [AntiAliasingQuality@3] File [E:/Unreal Projects/CPP_Tank/Tank_CPP/Saved/Config/Windows/Scalability.ini]
[2019.01.11-09.49.42:194][  0]LogConfig: Setting CVar [[r.PostProcessAAQuality:4]]
[2019.01.11-09.49.42:194][  0]LogConfig: Applying CVar settings from Section [ShadowQuality@3] File [E:/Unreal Projects/CPP_Tank/Tank_CPP/Saved/Config/Windows/Scalability.ini]
[2019.01.11-09.49.42:194][  0]LogConfig: Setting CVar [[r.LightFunctionQuality:1]]
[2019.01.11-09.49.42:194][  0]LogConfig: Setting CVar [[r.ShadowQuality:5]]
[2019.01.11-09.49.42:194][  0]LogConfig: Setting CVar [[r.Shadow.CSM.MaxCascades:10]]
[2019.01.11-09.49.42:194][  0]LogConfig: Setting CVar [[r.Shadow.MaxResolution:2048]]
[2019.01.11-09.49.42:194][  0]LogConfig: Setting CVar [[r.Shadow.MaxCSMResolution:2048]]
[2019.01.11-09.49.42:194][  0]LogConfig: Setting CVar [[r.Shadow.RadiusThreshold:0.01]]
[2019.01.11-09.49.42:194][  0]LogConfig: Setting CVar [[r.Shadow.DistanceScale:1.0]]
[2019.01.11-09.49.42:194][  0]LogConfig: Setting CVar [[r.Shadow.CSM.TransitionScale:1.0]]
[2019.01.11-09.49.42:194][  0]LogConfig: Setting CVar [[r.Shadow.PreShadowResolutionFactor:1.0]]
[2019.01.11-09.49.42:194][  0]LogConfig: Setting CVar [[r.DistanceFieldShadowing:1]]
[2019.01.11-09.49.42:194][  0]LogConfig: Setting CVar [[r.DistanceFieldAO:1]]
[2019.01.11-09.49.42:195][  0]LogConfig: Setting CVar [[r.AOQuality:2]]
[2019.01.11-09.49.42:195][  0]LogConfig: Setting CVar [[r.VolumetricFog:1]]
[2019.01.11-09.49.42:195][  0]LogConfig: Setting CVar [[r.VolumetricFog.GridPixelSize:8]]
[2019.01.11-09.49.42:195][  0]LogConfig: Setting CVar [[r.VolumetricFog.GridSizeZ:128]]
[2019.01.11-09.49.42:195][  0]LogConfig: Setting CVar [[r.VolumetricFog.HistoryMissSupersampleCount:4]]
[2019.01.11-09.49.42:195][  0]LogConfig: Setting CVar [[r.LightMaxDrawDistanceScale:1]]
[2019.01.11-09.49.42:195][  0]LogConfig: Setting CVar [[r.CapsuleShadows:1]]
[2019.01.11-09.49.42:195][  0]LogConfig: Applying CVar settings from Section [PostProcessQuality@3] File [E:/Unreal Projects/CPP_Tank/Tank_CPP/Saved/Config/Windows/Scalability.ini]
[2019.01.11-09.49.42:195][  0]LogConfig: Setting CVar [[r.MotionBlurQuality:4]]
[2019.01.11-09.49.42:195][  0]LogConfig: Setting CVar [[r.AmbientOcclusionMipLevelFactor:0.4]]
[2019.01.11-09.49.42:195][  0]LogConfig: Setting CVar [[r.AmbientOcclusionMaxQuality:100]]
[2019.01.11-09.49.42:195][  0]LogConfig: Setting CVar [[r.AmbientOcclusionLevels:-1]]
[2019.01.11-09.49.42:195][  0]LogConfig: Setting CVar [[r.AmbientOcclusionRadiusScale:1.0]]
[2019.01.11-09.49.42:195][  0]LogConfig: Setting CVar [[r.DepthOfFieldQuality:2]]
[2019.01.11-09.49.42:195][  0]LogConfig: Setting CVar [[r.RenderTargetPoolMin:400]]
[2019.01.11-09.49.42:196][  0]LogConfig: Setting CVar [[r.LensFlareQuality:2]]
[2019.01.11-09.49.42:196][  0]LogConfig: Setting CVar [[r.SceneColorFringeQuality:1]]
[2019.01.11-09.49.42:196][  0]LogConfig: Setting CVar [[r.EyeAdaptationQuality:2]]
[2019.01.11-09.49.42:196][  0]LogConfig: Setting CVar [[r.BloomQuality:5]]
[2019.01.11-09.49.42:196][  0]LogConfig: Setting CVar [[r.FastBlurThreshold:100]]
[2019.01.11-09.49.42:196][  0]LogConfig: Setting CVar [[r.Upscale.Quality:3]]
[2019.01.11-09.49.42:196][  0]LogConfig: Setting CVar [[r.Tonemapper.GrainQuantization:1]]
[2019.01.11-09.49.42:196][  0]LogConfig: Setting CVar [[r.LightShaftQuality:1]]
[2019.01.11-09.49.42:196][  0]LogConfig: Setting CVar [[r.Filter.SizeScale:1]]
[2019.01.11-09.49.42:196][  0]LogConfig: Setting CVar [[r.Tonemapper.Quality:5]]
[2019.01.11-09.49.42:196][  0]LogConfig: Setting CVar [[r.DOF.Gather.AccumulatorQuality:1        ; higher gathering accumulator quality]]
[2019.01.11-09.49.42:196][  0]LogConfig: Setting CVar [[r.DOF.Gather.PostfilterMethod:1          ; Median3x3 postfilering method]]
[2019.01.11-09.49.42:196][  0]LogConfig: Setting CVar [[r.DOF.Gather.EnableBokehSettings:0       ; no bokeh simulation when gathering]]
[2019.01.11-09.49.42:196][  0]LogConfig: Setting CVar [[r.DOF.Gather.RingCount:4                 ; medium number of samples when gathering]]
[2019.01.11-09.49.42:196][  0]LogConfig: Setting CVar [[r.DOF.Scatter.ForegroundCompositing:1    ; additive foreground scattering]]
[2019.01.11-09.49.42:196][  0]LogConfig: Setting CVar [[r.DOF.Scatter.BackgroundCompositing:2    ; additive background scattering]]
[2019.01.11-09.49.42:196][  0]LogConfig: Setting CVar [[r.DOF.Scatter.EnableBokehSettings:1      ; bokeh simulation when scattering]]
[2019.01.11-09.49.42:197][  0]LogConfig: Setting CVar [[r.DOF.Scatter.MaxSpriteRatio:0.1         ; only a maximum of 10% of scattered bokeh]]
[2019.01.11-09.49.42:197][  0]LogConfig: Setting CVar [[r.DOF.Recombine.Quality:1                ; cheap slight out of focus]]
[2019.01.11-09.49.42:197][  0]LogConfig: Setting CVar [[r.DOF.Recombine.EnableBokehSettings:0    ; no bokeh simulation on slight out of focus]]
[2019.01.11-09.49.42:197][  0]LogConfig: Setting CVar [[r.DOF.TemporalAAQuality:1                ; more stable temporal accumulation]]
[2019.01.11-09.49.42:197][  0]LogConfig: Setting CVar [[r.DOF.Kernel.MaxForegroundRadius:0.025]]
[2019.01.11-09.49.42:197][  0]LogConfig: Setting CVar [[r.DOF.Kernel.MaxBackgroundRadius:0.025]]
[2019.01.11-09.49.42:197][  0]LogConfig: Applying CVar settings from Section [TextureQuality@3] File [E:/Unreal Projects/CPP_Tank/Tank_CPP/Saved/Config/Windows/Scalability.ini]
[2019.01.11-09.49.42:197][  0]LogConfig: Setting CVar [[r.Streaming.MipBias:0]]
[2019.01.11-09.49.42:197][  0]LogConfig: Setting CVar [[r.Streaming.AmortizeCPUToGPUCopy:0]]
[2019.01.11-09.49.42:197][  0]LogConfig: Setting CVar [[r.Streaming.MaxNumTexturesToStreamPerFrame:0]]
[2019.01.11-09.49.42:197][  0]LogConfig: Setting CVar [[r.Streaming.Boost:1]]
[2019.01.11-09.49.42:197][  0]LogConfig: Setting CVar [[r.MaxAnisotropy:8]]
[2019.01.11-09.49.42:197][  0]LogConfig: Setting CVar [[r.Streaming.LimitPoolSizeToVRAM:0]]
[2019.01.11-09.49.42:197][  0]LogConfig: Setting CVar [[r.Streaming.PoolSize:1000]]
[2019.01.11-09.49.42:197][  0]LogConfig: Setting CVar [[r.Streaming.MaxEffectiveScreenSize:0]]
[2019.01.11-09.49.42:197][  0]LogConfig: Applying CVar settings from Section [EffectsQuality@3] File [E:/Unreal Projects/CPP_Tank/Tank_CPP/Saved/Config/Windows/Scalability.ini]
[2019.01.11-09.49.42:198][  0]LogConfig: Setting CVar [[r.TranslucencyLightingVolumeDim:64]]
[2019.01.11-09.49.42:198][  0]LogConfig: Setting CVar [[r.RefractionQuality:2]]
[2019.01.11-09.49.42:198][  0]LogConfig: Setting CVar [[r.SSR.Quality:3]]
[2019.01.11-09.49.42:198][  0]LogConfig: Setting CVar [[r.SceneColorFormat:4]]
[2019.01.11-09.49.42:198][  0]LogConfig: Setting CVar [[r.DetailMode:2]]
[2019.01.11-09.49.42:198][  0]LogConfig: Setting CVar [[r.TranslucencyVolumeBlur:1]]
[2019.01.11-09.49.42:198][  0]LogConfig: Setting CVar [[r.MaterialQualityLevel:1 ; High quality]]
[2019.01.11-09.49.42:198][  0]LogConfig: Setting CVar [[r.SSS.Scale:1]]
[2019.01.11-09.49.42:198][  0]LogConfig: Setting CVar [[r.SSS.SampleSet:2]]
[2019.01.11-09.49.42:198][  0]LogConfig: Setting CVar [[r.SSS.Quality:1]]
[2019.01.11-09.49.42:198][  0]LogConfig: Setting CVar [[r.SSS.HalfRes:1]]
[2019.01.11-09.49.42:198][  0]LogConfig: Setting CVar [[r.EmitterSpawnRateScale:1.0]]
[2019.01.11-09.49.42:198][  0]LogConfig: Setting CVar [[r.ParticleLightQuality:2]]
[2019.01.11-09.49.42:198][  0]LogConfig: Applying CVar settings from Section [FoliageQuality@3] File [E:/Unreal Projects/CPP_Tank/Tank_CPP/Saved/Config/Windows/Scalability.ini]
[2019.01.11-09.49.42:198][  0]LogConfig: Setting CVar [[foliage.DensityScale:1.0]]
[2019.01.11-09.49.42:198][  0]LogConfig: Setting CVar [[grass.DensityScale:1.0]]
[2019.01.11-09.49.42:199][  0]LogInit: Selected Device Profile: [Windows]
[2019.01.11-09.49.42:199][  0]LogInit: Applying CVar settings loaded from the selected device profile: [Windows]
[2019.01.11-09.49.42:223][  0]LogHAL: Display: Platform has ~ 32 GB [34312249344 / 34359738368 / 32], which maps to Largest [LargestMinGB=32, LargerMinGB=12, DefaultMinGB=8, SmallerMinGB=6, SmallestMinGB=0)
[2019.01.11-09.49.42:223][  0]LogConfig: Setting CVar [[r.Vulkan.UseRealUBs:1]]
[2019.01.11-09.49.42:223][  0]LogInit: Going up to parent DeviceProfile []
[2019.01.11-09.49.42:224][  0]LogConfig: Applying CVar settings from Section [ViewDistanceQuality@3] File [E:/Unreal Projects/CPP_Tank/Tank_CPP/Saved/Config/Windows/Scalability.ini]
[2019.01.11-09.49.42:224][  0]LogConfig: Setting CVar [[r.SkeletalMeshLODBias:0]]
[2019.01.11-09.49.42:224][  0]LogConfig: Setting CVar [[r.ViewDistanceScale:1.0]]
[2019.01.11-09.49.42:224][  0]LogConfig: Applying CVar settings from Section [AntiAliasingQuality@3] File [E:/Unreal Projects/CPP_Tank/Tank_CPP/Saved/Config/Windows/Scalability.ini]
[2019.01.11-09.49.42:224][  0]LogConfig: Setting CVar [[r.PostProcessAAQuality:4]]
[2019.01.11-09.49.42:224][  0]LogConfig: Applying CVar settings from Section [ShadowQuality@3] File [E:/Unreal Projects/CPP_Tank/Tank_CPP/Saved/Config/Windows/Scalability.ini]
[2019.01.11-09.49.42:224][  0]LogConfig: Setting CVar [[r.LightFunctionQuality:1]]
[2019.01.11-09.49.42:224][  0]LogConfig: Setting CVar [[r.ShadowQuality:5]]
[2019.01.11-09.49.42:224][  0]LogConfig: Setting CVar [[r.Shadow.CSM.MaxCascades:10]]
[2019.01.11-09.49.42:224][  0]LogConfig: Setting CVar [[r.Shadow.MaxResolution:2048]]
[2019.01.11-09.49.42:224][  0]LogConfig: Setting CVar [[r.Shadow.MaxCSMResolution:2048]]
[2019.01.11-09.49.42:224][  0]LogConfig: Setting CVar [[r.Shadow.RadiusThreshold:0.01]]
[2019.01.11-09.49.42:224][  0]LogConfig: Setting CVar [[r.Shadow.DistanceScale:1.0]]
[2019.01.11-09.49.42:224][  0]LogConfig: Setting CVar [[r.Shadow.CSM.TransitionScale:1.0]]
[2019.01.11-09.49.42:225][  0]LogConfig: Setting CVar [[r.Shadow.PreShadowResolutionFactor:1.0]]
[2019.01.11-09.49.42:225][  0]LogConfig: Setting CVar [[r.DistanceFieldShadowing:1]]
[2019.01.11-09.49.42:225][  0]LogConfig: Setting CVar [[r.DistanceFieldAO:1]]
[2019.01.11-09.49.42:225][  0]LogConfig: Setting CVar [[r.AOQuality:2]]
[2019.01.11-09.49.42:225][  0]LogConfig: Setting CVar [[r.VolumetricFog:1]]
[2019.01.11-09.49.42:225][  0]LogConfig: Setting CVar [[r.VolumetricFog.GridPixelSize:8]]
[2019.01.11-09.49.42:225][  0]LogConfig: Setting CVar [[r.VolumetricFog.GridSizeZ:128]]
[2019.01.11-09.49.42:225][  0]LogConfig: Setting CVar [[r.VolumetricFog.HistoryMissSupersampleCount:4]]
[2019.01.11-09.49.42:225][  0]LogConfig: Setting CVar [[r.LightMaxDrawDistanceScale:1]]
[2019.01.11-09.49.42:225][  0]LogConfig: Setting CVar [[r.CapsuleShadows:1]]
[2019.01.11-09.49.42:225][  0]LogConfig: Applying CVar settings from Section [PostProcessQuality@3] File [E:/Unreal Projects/CPP_Tank/Tank_CPP/Saved/Config/Windows/Scalability.ini]
[2019.01.11-09.49.42:225][  0]LogConfig: Setting CVar [[r.MotionBlurQuality:4]]
[2019.01.11-09.49.42:225][  0]LogConfig: Setting CVar [[r.AmbientOcclusionMipLevelFactor:0.4]]
[2019.01.11-09.49.42:225][  0]LogConfig: Setting CVar [[r.AmbientOcclusionMaxQuality:100]]
[2019.01.11-09.49.42:225][  0]LogConfig: Setting CVar [[r.AmbientOcclusionLevels:-1]]
[2019.01.11-09.49.42:225][  0]LogConfig: Setting CVar [[r.AmbientOcclusionRadiusScale:1.0]]
[2019.01.11-09.49.42:225][  0]LogConfig: Setting CVar [[r.DepthOfFieldQuality:2]]
[2019.01.11-09.49.42:226][  0]LogConfig: Setting CVar [[r.RenderTargetPoolMin:400]]
[2019.01.11-09.49.42:226][  0]LogConfig: Setting CVar [[r.LensFlareQuality:2]]
[2019.01.11-09.49.42:226][  0]LogConfig: Setting CVar [[r.SceneColorFringeQuality:1]]
[2019.01.11-09.49.42:226][  0]LogConfig: Setting CVar [[r.EyeAdaptationQuality:2]]
[2019.01.11-09.49.42:226][  0]LogConfig: Setting CVar [[r.BloomQuality:5]]
[2019.01.11-09.49.42:226][  0]LogConfig: Setting CVar [[r.FastBlurThreshold:100]]
[2019.01.11-09.49.42:226][  0]LogConfig: Setting CVar [[r.Upscale.Quality:3]]
[2019.01.11-09.49.42:226][  0]LogConfig: Setting CVar [[r.Tonemapper.GrainQuantization:1]]
[2019.01.11-09.49.42:226][  0]LogConfig: Setting CVar [[r.LightShaftQuality:1]]
[2019.01.11-09.49.42:226][  0]LogConfig: Setting CVar [[r.Filter.SizeScale:1]]
[2019.01.11-09.49.42:226][  0]LogConfig: Setting CVar [[r.Tonemapper.Quality:5]]
[2019.01.11-09.49.42:226][  0]LogConfig: Setting CVar [[r.DOF.Gather.AccumulatorQuality:1        ; higher gathering accumulator quality]]
[2019.01.11-09.49.42:226][  0]LogConfig: Setting CVar [[r.DOF.Gather.PostfilterMethod:1          ; Median3x3 postfilering method]]
[2019.01.11-09.49.42:226][  0]LogConfig: Setting CVar [[r.DOF.Gather.EnableBokehSettings:0       ; no bokeh simulation when gathering]]
[2019.01.11-09.49.42:226][  0]LogConfig: Setting CVar [[r.DOF.Gather.RingCount:4                 ; medium number of samples when gathering]]
[2019.01.11-09.49.42:226][  0]LogConfig: Setting CVar [[r.DOF.Scatter.ForegroundCompositing:1    ; additive foreground scattering]]
[2019.01.11-09.49.42:226][  0]LogConfig: Setting CVar [[r.DOF.Scatter.BackgroundCompositing:2    ; additive background scattering]]
[2019.01.11-09.49.42:227][  0]LogConfig: Setting CVar [[r.DOF.Scatter.EnableBokehSettings:1      ; bokeh simulation when scattering]]
[2019.01.11-09.49.42:227][  0]LogConfig: Setting CVar [[r.DOF.Scatter.MaxSpriteRatio:0.1         ; only a maximum of 10% of scattered bokeh]]
[2019.01.11-09.49.42:227][  0]LogConfig: Setting CVar [[r.DOF.Recombine.Quality:1                ; cheap slight out of focus]]
[2019.01.11-09.49.42:227][  0]LogConfig: Setting CVar [[r.DOF.Recombine.EnableBokehSettings:0    ; no bokeh simulation on slight out of focus]]
[2019.01.11-09.49.42:227][  0]LogConfig: Setting CVar [[r.DOF.TemporalAAQuality:1                ; more stable temporal accumulation]]
[2019.01.11-09.49.42:227][  0]LogConfig: Setting CVar [[r.DOF.Kernel.MaxForegroundRadius:0.025]]
[2019.01.11-09.49.42:227][  0]LogConfig: Setting CVar [[r.DOF.Kernel.MaxBackgroundRadius:0.025]]
[2019.01.11-09.49.42:227][  0]LogConfig: Applying CVar settings from Section [TextureQuality@3] File [E:/Unreal Projects/CPP_Tank/Tank_CPP/Saved/Config/Windows/Scalability.ini]
[2019.01.11-09.49.42:227][  0]LogConfig: Setting CVar [[r.Streaming.MipBias:0]]
[2019.01.11-09.49.42:227][  0]LogConfig: Setting CVar [[r.Streaming.AmortizeCPUToGPUCopy:0]]
[2019.01.11-09.49.42:227][  0]LogConfig: Setting CVar [[r.Streaming.MaxNumTexturesToStreamPerFrame:0]]
[2019.01.11-09.49.42:227][  0]LogConfig: Setting CVar [[r.Streaming.Boost:1]]
[2019.01.11-09.49.42:227][  0]LogConfig: Setting CVar [[r.MaxAnisotropy:8]]
[2019.01.11-09.49.42:227][  0]LogConfig: Setting CVar [[r.Streaming.LimitPoolSizeToVRAM:0]]
[2019.01.11-09.49.42:227][  0]LogConfig: Setting CVar [[r.Streaming.PoolSize:1000]]
[2019.01.11-09.49.42:227][  0]LogConfig: Setting CVar [[r.Streaming.MaxEffectiveScreenSize:0]]
[2019.01.11-09.49.42:227][  0]LogConfig: Applying CVar settings from Section [EffectsQuality@3] File [E:/Unreal Projects/CPP_Tank/Tank_CPP/Saved/Config/Windows/Scalability.ini]
[2019.01.11-09.49.42:228][  0]LogConfig: Setting CVar [[r.TranslucencyLightingVolumeDim:64]]
[2019.01.11-09.49.42:228][  0]LogConfig: Setting CVar [[r.RefractionQuality:2]]
[2019.01.11-09.49.42:228][  0]LogConfig: Setting CVar [[r.SSR.Quality:3]]
[2019.01.11-09.49.42:228][  0]LogConfig: Setting CVar [[r.SceneColorFormat:4]]
[2019.01.11-09.49.42:228][  0]LogConfig: Setting CVar [[r.DetailMode:2]]
[2019.01.11-09.49.42:228][  0]LogConfig: Setting CVar [[r.TranslucencyVolumeBlur:1]]
[2019.01.11-09.49.42:228][  0]LogConfig: Setting CVar [[r.MaterialQualityLevel:1 ; High quality]]
[2019.01.11-09.49.42:228][  0]LogConfig: Setting CVar [[r.SSS.Scale:1]]
[2019.01.11-09.49.42:228][  0]LogConfig: Setting CVar [[r.SSS.SampleSet:2]]
[2019.01.11-09.49.42:228][  0]LogConfig: Setting CVar [[r.SSS.Quality:1]]
[2019.01.11-09.49.42:228][  0]LogConfig: Setting CVar [[r.SSS.HalfRes:1]]
[2019.01.11-09.49.42:228][  0]LogConfig: Setting CVar [[r.EmitterSpawnRateScale:1.0]]
[2019.01.11-09.49.42:228][  0]LogConfig: Setting CVar [[r.ParticleLightQuality:2]]
[2019.01.11-09.49.42:228][  0]LogConfig: Applying CVar settings from Section [FoliageQuality@3] File [E:/Unreal Projects/CPP_Tank/Tank_CPP/Saved/Config/Windows/Scalability.ini]
[2019.01.11-09.49.42:228][  0]LogConfig: Setting CVar [[foliage.DensityScale:1.0]]
[2019.01.11-09.49.42:228][  0]LogConfig: Setting CVar [[grass.DensityScale:1.0]]
[2019.01.11-09.49.42:228][  0]LogConfig: Applying CVar settings from Section [Startup] File [../../../Engine/Config/ConsoleVariables.ini]
[2019.01.11-09.49.42:234][  0]LogConfig: Setting CVar [[net.UseAdaptiveNetUpdateFrequency:0]]
[2019.01.11-09.49.42:234][  0]LogConfig: Applying CVar settings from Section [ConsoleVariables] File [E:/Unreal Projects/CPP_Tank/Tank_CPP/Saved/Config/Windows/Engine.ini]
[2019.01.11-09.49.42:234][  0]LogInit: Computer: PC1017
[2019.01.11-09.49.42:234][  0]LogInit: User: KristoferKlipfel
[2019.01.11-09.49.42:234][  0]LogInit: CPU Page size=4096, Cores=6
[2019.01.11-09.49.42:234][  0]LogInit: High frequency timer resolution =3.609372 MHz
[2019.01.11-09.49.42:235][  0]LogMemory: Memory total: Physical=32.0GB (32GB approx)
[2019.01.11-09.49.42:235][  0]LogMemory: Platform Memory Stats for Windows
[2019.01.11-09.49.42:235][  0]LogMemory: Process Physical Memory: 103.79 MB used, 103.79 MB peak
[2019.01.11-09.49.42:235][  0]LogMemory: Process Virtual Memory: 86.51 MB used, 86.51 MB peak
[2019.01.11-09.49.42:235][  0]LogMemory: Physical Memory: 6807.31 MB used,  25915.40 MB free, 32722.71 MB total
[2019.01.11-09.49.42:235][  0]LogMemory: Virtual Memory: 4660.10 MB used,  134213064.00 MB free, 134217728.00 MB total
[2019.01.11-09.49.42:580][  0]LogInit: Using OS detected language (en-US).
[2019.01.11-09.49.42:580][  0]LogInit: Using OS detected locale (en-US).
[2019.01.11-09.49.42:582][  0]LogTextLocalizationManager: No specific localization for 'en-US' exists, so the 'en' localization will be used.
[2019.01.11-09.49.43:092][  0]LogStreaming: Display: Took  0.513s to InitEngineTextLocalization.
[2019.01.11-09.49.43:093][  0]LogInit: Setting process to per monitor DPI aware
[2019.01.11-09.49.43:204][  0]LogSlate: New Slate User Created.  User Index 0, Is Virtual User: 0
[2019.01.11-09.49.43:204][  0]LogSlate: Slate User Registered.  User Index 0, Is Virtual User: 0
[2019.01.11-09.49.45:907][  0]LogHMD: Failed to initialize OpenVR with code 126
[2019.01.11-09.49.45:907][  0]LogD3D11RHI: D3D11 adapters:
[2019.01.11-09.49.46:004][  0]LogD3D11RHI:    0. 'NVIDIA GeForce GTX 1080 Ti' (Feature Level 11_0)
[2019.01.11-09.49.46:004][  0]LogD3D11RHI:       11127/0/16361 MB DedicatedVideo/DedicatedSystem/SharedSystem, Outputs:2, VendorId:0x10de
[2019.01.11-09.49.46:011][  0]LogD3D11RHI:    1. 'Microsoft Basic Render Driver' (Feature Level 11_0)
[2019.01.11-09.49.46:011][  0]LogD3D11RHI:       0/0/16361 MB DedicatedVideo/DedicatedSystem/SharedSystem, Outputs:0, VendorId:0x1414
[2019.01.11-09.49.46:011][  0]LogD3D11RHI: Chosen D3D11 Adapter: 0
[2019.01.11-09.49.46:023][  0]LogD3D11RHI: Creating new Direct3DDevice
[2019.01.11-09.49.46:023][  0]LogD3D11RHI:     GPU DeviceId: 0x1b06 (for the marketing name, search the web for "GPU Device Id")
[2019.01.11-09.49.46:023][  0]LogWindows: EnumDisplayDevices:
[2019.01.11-09.49.46:023][  0]LogWindows:    0. 'NVIDIA GeForce GTX 1080 Ti' (P:1 D:1)
[2019.01.11-09.49.46:024][  0]LogWindows:    1. 'NVIDIA GeForce GTX 1080 Ti' (P:0 D:1)
[2019.01.11-09.49.46:024][  0]LogWindows:    2. 'NVIDIA GeForce GTX 1080 Ti' (P:0 D:0)
[2019.01.11-09.49.46:024][  0]LogWindows:    3. 'NVIDIA GeForce GTX 1080 Ti' (P:0 D:0)
[2019.01.11-09.49.46:025][  0]LogWindows: DebugString: FoundDriverCount:4 
[2019.01.11-09.49.46:025][  0]LogD3D11RHI:     Adapter Name: NVIDIA GeForce GTX 1080 Ti
[2019.01.11-09.49.46:025][  0]LogD3D11RHI:   Driver Version: 398.36 (internal:24.21.13.9836, unified:398.36)
[2019.01.11-09.49.46:025][  0]LogD3D11RHI:      Driver Date: 6-24-2018
[2019.01.11-09.49.46:025][  0]LogRHI: Texture pool is 7788 MB (70% of 11127 MB)
[2019.01.11-09.49.46:090][  0]LogD3D11RHI: Async texture creation enabled
[2019.01.11-09.49.46:144][  0]LogD3D11RHI: GPU Timing Frequency: 1000.000000 (Debug: 2 2)
[2019.01.11-09.49.46:582][  0]LogTemp: Display: Loaded TP AllDesktopTargetPlatform
[2019.01.11-09.49.46:613][  0]LogTemp: Display: Loaded TP MacClientTargetPlatform
[2019.01.11-09.49.46:646][  0]LogTemp: Display: Loaded TP MacNoEditorTargetPlatform
[2019.01.11-09.49.46:679][  0]LogTemp: Display: Loaded TP MacServerTargetPlatform
[2019.01.11-09.49.46:715][  0]LogTemp: Display: Loaded TP MacTargetPlatform
[2019.01.11-09.49.46:746][  0]LogTemp: Display: Loaded TP WindowsClientTargetPlatform
[2019.01.11-09.49.46:776][  0]LogTemp: Display: Loaded TP WindowsNoEditorTargetPlatform
[2019.01.11-09.49.46:807][  0]LogTemp: Display: Loaded TP WindowsServerTargetPlatform
[2019.01.11-09.49.46:829][  0]LogTemp: Display: Loaded TP WindowsTargetPlatform
[2019.01.11-09.49.46:954][  0]LogTemp: Display: Loaded TP AndroidTargetPlatform
[2019.01.11-09.49.46:954][  0]LogTemp: Display: Loaded TP AndroidTargetPlatform
[2019.01.11-09.49.46:954][  0]LogTemp: Display: Loaded TP AndroidTargetPlatform
[2019.01.11-09.49.46:954][  0]LogTemp: Display: Loaded TP AndroidTargetPlatform
[2019.01.11-09.49.46:954][  0]LogTemp: Display: Loaded TP AndroidTargetPlatform
[2019.01.11-09.49.46:954][  0]LogTemp: Display: Loaded TP AndroidTargetPlatform
[2019.01.11-09.49.46:954][  0]LogTemp: Display: Loaded TP AndroidTargetPlatform
[2019.01.11-09.49.46:954][  0]LogTemp: Display: Loaded TP AndroidTargetPlatform
[2019.01.11-09.49.46:954][  0]LogTemp: Display: Loaded TP AndroidTargetPlatform
[2019.01.11-09.49.46:954][  0]LogTemp: Display: Loaded TP AndroidTargetPlatform
[2019.01.11-09.49.46:954][  0]LogTemp: Display: Loaded TP AndroidTargetPlatform
[2019.01.11-09.49.46:955][  0]LogTemp: Display: Loaded TP AndroidTargetPlatform
[2019.01.11-09.49.46:955][  0]LogTemp: Display: Loaded TP AndroidTargetPlatform
[2019.01.11-09.49.46:955][  0]LogTemp: Display: Loaded TP AndroidTargetPlatform
[2019.01.11-09.49.46:955][  0]LogTemp: Display: Loaded TP AndroidTargetPlatform
[2019.01.11-09.49.46:955][  0]LogTemp: Display: Loaded TP AndroidTargetPlatform
[2019.01.11-09.49.46:955][  0]LogTemp: Display: Loaded TP AndroidTargetPlatform
[2019.01.11-09.49.46:955][  0]LogTemp: Display: Loaded TP AndroidTargetPlatform
[2019.01.11-09.49.46:970][  0]LogTemp: Display: Loaded TP HTML5TargetPlatform
[2019.01.11-09.49.47:092][  0]LogTemp: Display: Loaded TP IOSTargetPlatform
[2019.01.11-09.49.47:092][  0]LogTemp: Display: Loaded TP IOSTargetPlatform
[2019.01.11-09.49.47:137][  0]LogTemp: Display: Loaded TP TVOSTargetPlatform
[2019.01.11-09.49.47:137][  0]LogTemp: Display: Loaded TP TVOSTargetPlatform
[2019.01.11-09.49.47:168][  0]LogTemp: Display: Loaded TP LinuxClientTargetPlatform
[2019.01.11-09.49.47:197][  0]LogTemp: Display: Loaded TP LinuxNoEditorTargetPlatform
[2019.01.11-09.49.47:229][  0]LogTemp: Display: Loaded TP LinuxServerTargetPlatform
[2019.01.11-09.49.47:268][  0]LogTemp: Display: Loaded TP LinuxTargetPlatform
[2019.01.11-09.49.47:345][  0]LogTemp: Display: Loaded TP LuminTargetPlatform
[2019.01.11-09.49.47:345][  0]LogTemp: Display: Loaded TP LuminTargetPlatform
[2019.01.11-09.49.47:346][  0]LogTargetPlatformManager: Display: Building Assets For Windows
[2019.01.11-09.49.47:772][  0]LogShaderCompilers: Guid format shader working directory is 21 characters bigger than the processId version (E:/Unreal Projects/CPP_Tank/Tank_CPP/Intermediate/Shaders/WorkingDirectory/15628/).
[2019.01.11-09.49.47:772][  0]LogShaderCompilers: Cleaned the shader compiler working directory 'C:/Users/Kristofer.Klipfel/AppData/Local/Temp/UnrealShaderWorkingDir/E9AAB7E64436BF91DF88C39CDA9A0D98/'.
[2019.01.11-09.49.47:774][  0]LogXGEController: Cleaning working directory: C:/Users/Kristofer.Klipfel/AppData/Local/Temp/UnrealXGEWorkingDir/
[2019.01.11-09.49.47:774][  0]LogXGEController: Cannot use XGE Controller as Incredibuild is not installed on this machine.
[2019.01.11-09.49.47:775][  0]LogShaderCompilers: Cannot use XGE Shader Compiler as Incredibuild is not installed on this machine.
[2019.01.11-09.49.47:775][  0]LogShaderCompilers: Display: Using Local Shader Compiler.
[2019.01.11-09.49.49:848][  0]LogDerivedDataCache: Display: Max Cache Size: 512 MB
[2019.01.11-09.49.50:129][  0]LogDerivedDataCache: Loaded boot cache 0.28s 71MB C:/Users/Kristofer.Klipfel/AppData/Local/UnrealEngine/4.21/DerivedDataCache/Boot.ddc.
[2019.01.11-09.49.50:129][  0]LogDerivedDataCache: Display: Loaded Boot cache: C:/Users/Kristofer.Klipfel/AppData/Local/UnrealEngine/4.21/DerivedDataCache/Boot.ddc
[2019.01.11-09.49.50:129][  0]LogDerivedDataCache: FDerivedDataBackendGraph:  Pak pak cache file E:/Unreal Projects/CPP_Tank/Tank_CPP/DerivedDataCache/DDC.ddp not found, will not use a pak cache.
[2019.01.11-09.49.50:129][  0]LogDerivedDataCache: Unable to find inner node Pak for hierarchical cache Hierarchy.
[2019.01.11-09.49.50:129][  0]LogDerivedDataCache: FDerivedDataBackendGraph:  CompressedPak pak cache file E:/Unreal Projects/CPP_Tank/Tank_CPP/DerivedDataCache/Compressed.ddp not found, will not use a pak cache.
[2019.01.11-09.49.50:129][  0]LogDerivedDataCache: Unable to find inner node CompressedPak for hierarchical cache Hierarchy.
[2019.01.11-09.49.50:152][  0]LogDerivedDataCache: Display: Pak cache opened for reading ../../../Engine/DerivedDataCache/Compressed.ddp.
[2019.01.11-09.49.50:153][  0]LogDerivedDataCache: FDerivedDataBackendGraph:  EnterprisePak pak cache file ../../../Enterprise/DerivedDataCache/Compressed.ddp not found, will not use a pak cache.
[2019.01.11-09.49.50:153][  0]LogDerivedDataCache: Unable to find inner node EnterprisePak for hierarchical cache Hierarchy.
[2019.01.11-09.49.50:165][  0]LogDerivedDataCache: Using Local data cache path C:/Users/Kristofer.Klipfel/AppData/Local/UnrealEngine/Common/DerivedDataCache: Writable
[2019.01.11-09.49.50:166][  0]LogDerivedDataCache: Shared data cache path not found in *engine.ini, will not use an Shared cache.
[2019.01.11-09.49.50:166][  0]LogDerivedDataCache: Unable to find inner node Shared for hierarchical cache Hierarchy.
[2019.01.11-09.49.50:194][  0]LogMaterial: Verifying Global Shaders for PCD3D_SM5
[2019.01.11-09.49.50:196][  0]LogSlate: Using FreeType 2.6.0
[2019.01.11-09.49.50:215][  0]LogSlate: SlateFontServices - WITH_FREETYPE: 1, WITH_HARFBUZZ: 1
[2019.01.11-09.49.50:506][  0]LogAssetRegistry: FAssetRegistry took 0.0410 seconds to start up
[2019.01.11-09.49.50:916][  0]LogInit: Selected Device Profile: [Windows]
[2019.01.11-09.49.51:254][  0]LogSimplygon: Simplygon DLL not present - disabling.
[2019.01.11-09.49.51:295][  0]LogMeshReduction: Using SimplygonSwarm for distributed automatic mesh merging
[2019.01.11-09.49.51:296][  0]LogMeshReduction: Using ProxyLODMeshReduction for automatic mesh merging
[2019.01.11-09.49.51:296][  0]LogMeshReduction: Using QuadricMeshReduction for automatic static mesh reduction
[2019.01.11-09.49.51:296][  0]LogMeshReduction: No automatic skeletal mesh reduction module available
[2019.01.11-09.49.51:439][  0]LogNetVersion: Tank_CPP 1.0.0, NetCL: 4541578, EngineNetVer: 5, GameNetVer: 0 (Checksum: 1725376667)
[2019.01.11-09.49.52:604][  0]LogPackageLocalizationCache: Processed 11 localized package path(s) for 2 prioritized culture(s) in 0.103880 seconds
[2019.01.11-09.49.52:611][  0]LogUObjectArray: 39775 objects as part of root set at end of initial load.
[2019.01.11-09.49.52:611][  0]LogUObjectAllocator: 6914656 out of 0 bytes used by permanent object pool.
[2019.01.11-09.49.52:611][  0]LogUObjectArray: CloseDisregardForGC: 0/0 objects in disregard for GC pool
[2019.01.11-09.49.56:379][  0]LogTcpMessaging: Initializing TcpMessaging bridge
[2019.01.11-09.49.56:410][  0]LogUdpMessaging: Initializing bridge on interface 0.0.0.0:0 to multicast group 230.0.0.1:6666.
[2019.01.11-09.49.57:584][  0]SourceControl: Source control is disabled
[2019.01.11-09.49.57:585][  0]SourceControl: Source control is disabled
[2019.01.11-09.49.57:610][  0]SourceControl: Source control is disabled
[2019.01.11-09.49.57:628][  0]SourceControl: Source control is disabled
[2019.01.11-09.49.58:394][  0]LogAndroidPermission: UAndroidPermissionCallbackProxy::GetInstance
[2019.01.11-09.49.58:583][  0]LogOcInput: OculusInput pre-init called
[2019.01.11-09.49.58:833][  0]LogEngine: Initializing Engine...
[2019.01.11-09.49.58:864][  0]LogHMD: Failed to initialize OpenVR with code 126
[2019.01.11-09.49.58:865][  0]LogStats: UGameplayTagsManager::ConstructGameplayTagTree: ImportINI prefixes -  0.000 s
[2019.01.11-09.49.58:865][  0]LogStats: UGameplayTagsManager::ConstructGameplayTagTree: Construct from data asset -  0.000 s
[2019.01.11-09.49.58:866][  0]LogStats: UGameplayTagsManager::ConstructGameplayTagTree: ImportINI -  0.000 s
[2019.01.11-09.49.58:866][  0]LogStats: UGameplayTagsManager::ConstructGameplayTagTree: GameplayTagTreeChangedEvent.Broadcast -  0.000 s
[2019.01.11-09.49.59:303][  0]LogInit: Initializing FReadOnlyCVARCache
[2019.01.11-09.49.59:331][  0]LogAIModule: Creating AISystem for world Untitled
[2019.01.11-09.49.59:359][  0]LogInit: XAudio2 using 'Headphones (High Definition Audio Device)' : 2 channels at 48 kHz using 16 bits per sample (channel mask 0x3)
[2019.01.11-09.49.59:383][  0]LogInit: FAudioDevice initialized.
[2019.01.11-09.49.59:383][  0]LogNetVersion: Set ProjectVersion to 1.0.0.0. Version Checksum will be recalculated on next use.
[2019.01.11-09.49.59:541][  0]LogDerivedDataCache: Saved boot cache 0.16s 71MB C:/Users/Kristofer.Klipfel/AppData/Local/UnrealEngine/4.21/DerivedDataCache/Boot.ddc.
[2019.01.11-09.49.59:556][  0]LogInit: Texture streaming: Enabled
[2019.01.11-09.49.59:628][  0]LogEngineSessionManager: EngineSessionManager initialized
[2019.01.11-09.49.59:629][  0]LogEngineSessionManager: EngineSessionManager sent abnormal shutdown report. Type=Debugger, SessionId={6EFBFE02-49CF-FC07-04BC-DD8BB52806B3}
[2019.01.11-09.49.59:656][  0]LogInit: Transaction tracking system initialized
[2019.01.11-09.49.59:762][  0]BlueprintLog: New page: Editor Load
[2019.01.11-09.50.00:183][  0]LocalizationService: Localization service is disabled
[2019.01.11-09.50.00:687][  0]LogLinker: Warning: Can't find file '/Game/ThirdPersonBP/ThirdPersonOverview'
[2019.01.11-09.50.00:687][  0]LogLinker: Warning: Can't find file '/Game/ThirdPersonBP/ThirdPersonOverview'
[2019.01.11-09.50.00:687][  0]LogUObjectGlobals: Warning: Failed to find object 'Class /Game/ThirdPersonBP/ThirdPersonOverview.ThirdPersonOverview_C'
[2019.01.11-09.50.01:234][  0]LogFileCache: Scanning file cache for directory 'E:/Unreal Projects/CPP_Tank/Tank_CPP/Content/' took 0.02s
[2019.01.11-09.50.01:234][  0]LogCook: Display: Max memory allowance for cook 16384mb min free memory 0mb
[2019.01.11-09.50.01:234][  0]LogCook: Display: Mobile HDR setting 1
[2019.01.11-09.50.01:234][  0]LogGameplayTags: Display: UGameplayTagsManager::DoneAddingNativeTags. DelegateIsBound: 0
[2019.01.11-09.50.01:234][  0]LogStats: UGameplayTagsManager::ConstructGameplayTagTree: ImportINI prefixes -  0.000 s
[2019.01.11-09.50.01:234][  0]LogStats: UGameplayTagsManager::ConstructGameplayTagTree: Construct from data asset -  0.000 s
[2019.01.11-09.50.01:234][  0]LogStats: UGameplayTagsManager::ConstructGameplayTagTree: ImportINI -  0.000 s
[2019.01.11-09.50.01:235][  0]LogStats: UGameplayTagsManager::ConstructGameplayTagTree: GameplayTagTreeChangedEvent.Broadcast -  0.000 s
[2019.01.11-09.50.01:946][  0]SourceControl: Source control is disabled
[2019.01.11-09.50.01:946][  0]Cmd: MAP LOAD FILE="E:/Unreal Projects/CPP_Tank/Tank_CPP/Content/Battleground.umap" TEMPLATE=0 SHOWPROGRESS=1 FEATURELEVEL=3
[2019.01.11-09.50.01:952][  0]LightingResults: New page: Lighting Build
[2019.01.11-09.50.01:954][  0]MapCheck: New page: Map Check
[2019.01.11-09.50.01:954][  0]LightingResults: New page: Lighting Build
[2019.01.11-09.50.02:845][  0]LogAIModule: Creating AISystem for world Battleground
[2019.01.11-09.50.03:904][  0]LogEditorServer: Finished looking for orphan Actors (0.000 secs)
[2019.01.11-09.50.03:933][  0]Cmd: MAP CHECKDEP NOCLEARLOG
[2019.01.11-09.50.03:933][  0]MapCheck: Map check complete: 0 Error(s), 0 Warning(s), took 0.101ms to complete.
[2019.01.11-09.50.03:933][  0]LogFileHelpers: Loading map 'Battleground' took 1.990
[2019.01.11-09.50.04:060][  0]LogSlate: Updating window title bar state: overlay mode, drag disabled, window buttons hidden, title bar hidden
[2019.01.11-09.50.04:069][  0]LogSlate: Updating window title bar state: overlay mode, drag disabled, window buttons hidden, title bar hidden
[2019.01.11-09.50.04:077][  0]LogSlate: Updating window title bar state: overlay mode, drag disabled, window buttons hidden, title bar hidden
[2019.01.11-09.50.04:085][  0]LogSlate: Updating window title bar state: overlay mode, drag disabled, window buttons hidden, title bar hidden
[2019.01.11-09.50.04:110][  0]LogCollectionManager: Loaded 0 collections in 0.001104 seconds
[2019.01.11-09.50.04:154][  0]LogFileCache: Scanning file cache for directory 'E:/Unreal Projects/CPP_Tank/Tank_CPP/Saved/Collections/' took 0.01s
[2019.01.11-09.50.04:154][  0]LogFileCache: Scanning file cache for directory 'E:/Unreal Projects/CPP_Tank/Tank_CPP/Content/Developers/KristoferKlipfel/Collections/' took 0.01s
[2019.01.11-09.50.04:154][  0]LogFileCache: Scanning file cache for directory 'E:/Unreal Projects/CPP_Tank/Tank_CPP/Content/Collections/' took 0.01s
[2019.01.11-09.50.04:154][  0]LogCollectionManager: Rebuilt the GUID cache for 0 collections in 0.000001 seconds
[2019.01.11-09.50.04:165][  0]LogContentBrowser: Native class hierarchy populated in 0.0113 seconds. Added 2654 classes and 623 folders.
[2019.01.11-09.50.04:172][  0]LogContentBrowser: Native class hierarchy updated for 'WidgetCarousel' in 0.0005 seconds. Added 0 classes and 0 folders.
[2019.01.11-09.50.04:181][  0]LogPakFile: Registered encryption key '00000000000000000000000000000000': 0 pak files mounted, 0 remain pending
[2019.01.11-09.50.04:191][  0]LogPakFile: Registered encryption key '00000000000000000000000000000000': 0 pak files mounted, 0 remain pending
[2019.01.11-09.50.04:236][  0]LogPakFile: Registered encryption key '00000000000000000000000000000000': 0 pak files mounted, 0 remain pending
[2019.01.11-09.50.04:242][  0]LogPakFile: Registered encryption key '00000000000000000000000000000000': 0 pak files mounted, 0 remain pending
[2019.01.11-09.50.04:248][  0]LogPakFile: Registered encryption key '00000000000000000000000000000000': 0 pak files mounted, 0 remain pending
[2019.01.11-09.50.04:254][  0]LogPakFile: Registered encryption key '00000000000000000000000000000000': 0 pak files mounted, 0 remain pending
[2019.01.11-09.50.04:260][  0]LogPakFile: Registered encryption key '00000000000000000000000000000000': 0 pak files mounted, 0 remain pending
[2019.01.11-09.50.04:266][  0]LogPakFile: Registered encryption key '00000000000000000000000000000000': 0 pak files mounted, 0 remain pending
[2019.01.11-09.50.04:274][  0]LogPakFile: Registered encryption key '00000000000000000000000000000000': 0 pak files mounted, 0 remain pending
[2019.01.11-09.50.04:282][  0]LogPakFile: Registered encryption key '00000000000000000000000000000000': 0 pak files mounted, 0 remain pending
[2019.01.11-09.50.04:288][  0]LogPakFile: Registered encryption key '00000000000000000000000000000000': 0 pak files mounted, 0 remain pending
[2019.01.11-09.50.04:294][  0]LogPakFile: Registered encryption key '00000000000000000000000000000000': 0 pak files mounted, 0 remain pending
[2019.01.11-09.50.04:301][  0]LogPakFile: Registered encryption key '00000000000000000000000000000000': 0 pak files mounted, 0 remain pending
[2019.01.11-09.50.04:307][  0]LogPakFile: Registered encryption key '00000000000000000000000000000000': 0 pak files mounted, 0 remain pending
[2019.01.11-09.50.04:313][  0]LogPakFile: Registered encryption key '00000000000000000000000000000000': 0 pak files mounted, 0 remain pending
[2019.01.11-09.50.04:319][  0]LogPakFile: Registered encryption key '00000000000000000000000000000000': 0 pak files mounted, 0 remain pending
[2019.01.11-09.50.04:372][  0]LogPakFile: Registered encryption key '00000000000000000000000000000000': 0 pak files mounted, 0 remain pending
[2019.01.11-09.50.04:378][  0]LogPakFile: Registered encryption key '00000000000000000000000000000000': 0 pak files mounted, 0 remain pending
[2019.01.11-09.50.04:385][  0]LogPakFile: Registered encryption key '00000000000000000000000000000000': 0 pak files mounted, 0 remain pending
[2019.01.11-09.50.04:391][  0]LogPakFile: Registered encryption key '00000000000000000000000000000000': 0 pak files mounted, 0 remain pending
[2019.01.11-09.50.04:456][  0]LogPakFile: Registered encryption key '00000000000000000000000000000000': 0 pak files mounted, 0 remain pending
[2019.01.11-09.50.04:462][  0]LogPakFile: Registered encryption key '00000000000000000000000000000000': 0 pak files mounted, 0 remain pending
[2019.01.11-09.50.04:468][  0]LogPakFile: Registered encryption key '00000000000000000000000000000000': 0 pak files mounted, 0 remain pending
[2019.01.11-09.50.04:475][  0]LogPakFile: Registered encryption key '00000000000000000000000000000000': 0 pak files mounted, 0 remain pending
[2019.01.11-09.50.04:482][  0]LogPakFile: Registered encryption key '00000000000000000000000000000000': 0 pak files mounted, 0 remain pending
[2019.01.11-09.50.04:488][  0]LogPakFile: Registered encryption key '00000000000000000000000000000000': 0 pak files mounted, 0 remain pending
[2019.01.11-09.50.04:648][  0]LogContentBrowser: Native class hierarchy updated for 'AddContentDialog' in 0.0004 seconds. Added 0 classes and 0 folders.
[2019.01.11-09.50.04:671][  0]LogContentBrowser: Native class hierarchy updated for 'SceneOutliner' in 0.0005 seconds. Added 1 classes and 2 folders.
[2019.01.11-09.50.04:852][  0]LogSlate: Took 0.005617 seconds to synchronously load lazily loaded font '../../../Engine/Content/Slate/Fonts/Roboto-Regular.ttf' (155K)
[2019.01.11-09.50.04:859][  0]LogSlate: Took 0.005548 seconds to synchronously load lazily loaded font '../../../Engine/Content/Slate/Fonts/Roboto-Bold.ttf' (160K)
[2019.01.11-09.50.04:871][  0]LogSlate: Took 0.005326 seconds to synchronously load lazily loaded font '../../../Engine/Content/Editor/Slate/Fonts/FontAwesome.ttf' (139K)
[2019.01.11-09.50.05:031][  0]LogRenderer: Reallocating scene render targets to support 1440x548 Format 10 NumSamples 1 (Frame:1).
[2019.01.11-09.50.05:080][  0]LogSlate: Took 0.005362 seconds to synchronously load lazily loaded font '../../../Engine/Content/Slate/Fonts/Roboto-Light.ttf' (167K)
[2019.01.11-09.50.05:172][  0]LogContentBrowser: Native class hierarchy updated for 'HierarchicalLODOutliner' in 0.0005 seconds. Added 0 classes and 0 folders.
[2019.01.11-09.50.05:173][  0]LogLoad: (Engine Initialization) Total time: 26.03 seconds
[2019.01.11-09.50.05:173][  0]LogLoad: (Engine Initialization) Total Blueprint compile time: 0.00 seconds
[2019.01.11-09.50.05:183][  0]LogWindowsTextInputMethodSystem: Display: IME system now deactivated.
[2019.01.11-09.50.05:244][  0]LogContentStreaming: Texture pool size now 1000 MB
[2019.01.11-09.50.05:377][  2]LogAssetRegistry: Asset discovery search completed in 14.9184 seconds
[2019.01.11-09.50.05:379][  2]LogCollectionManager: Rebuilt the object cache for 0 collections in 0.000001 seconds (found 0 objects)
[2019.01.11-09.50.05:379][  2]LogCollectionManager: Fixed up redirectors for 0 collections in 0.000137 seconds (updated 0 objects)
[2019.01.11-09.50.19:613][ 45]LogSlate: FSceneViewport::OnFocusLost() reason 0
[2019.01.11-10.17.02:213][736]LogTemp: Repeating last play command: Selected Viewport
[2019.01.11-10.17.02:229][736]LogBlueprintUserMessages: Early PlayInEditor Detection: Level '/Game/Battleground.Battleground:PersistentLevel' has LevelScriptBlueprint '/Game/Battleground.Battleground:PersistentLevel.Battleground' with GeneratedClass '/Game/Battleground.Battleground_C' with ClassGeneratedBy '/Game/Battleground.Battleground:PersistentLevel.Battleground'
[2019.01.11-10.17.02:229][736]LogPlayLevel: PlayLevel: No blueprints needed recompiling
[2019.01.11-10.17.02:230][736]PIE: New page: PIE session: Battleground (Jan 11, 2019, 12:17:02 PM)
[2019.01.11-10.17.02:244][736]LogPlayLevel: Creating play world package: /Game/UEDPIE_0_Battleground
[2019.01.11-10.17.02:348][736]LogPlayLevel: PIE: StaticDuplicateObject took: (0.103784s)
[2019.01.11-10.17.02:348][736]LogAIModule: Creating AISystem for world Battleground
[2019.01.11-10.17.02:349][736]LogPlayLevel: PIE: World Init took: (0.000847s)
[2019.01.11-10.17.02:349][736]LogPlayLevel: PIE: Created PIE world by copying editor world from /Game/Battleground.Battleground to /Game/UEDPIE_0_Battleground.Battleground (0.105165s)
[2019.01.11-10.17.02:402][736]LogInit: XAudio2 using 'Headphones (High Definition Audio Device)' : 2 channels at 48 kHz using 16 bits per sample (channel mask 0x3)
[2019.01.11-10.17.02:416][736]LogInit: FAudioDevice initialized.
[2019.01.11-10.17.02:464][736]LogLoad: Game class is 'BattleTankGameMode_BP_C'
[2019.01.11-10.17.02:468][736]LogWorld: Bringing World /Game/UEDPIE_0_Battleground.Battleground up for play (max tick rate 0) at 2019.01.11-11.17.02
[2019.01.11-10.17.02:468][736]LogWorld: Bringing up level for play took: 0.002575
[2019.01.11-10.17.02:486][736]LogContentBrowser: Native class hierarchy updated for 'MovieSceneCapture' in 0.0006 seconds. Added 20 classes and 0 folders.
[2019.01.11-10.17.02:489][736]PIE: Play in editor start time for /Game/UEDPIE_0_Battleground -0.447
[2019.01.11-10.17.02:489][736]LogBlueprintUserMessages: Late PlayInEditor Detection: Level '/Game/Battleground.Battleground:PersistentLevel' has LevelScriptBlueprint '/Game/Battleground.Battleground:PersistentLevel.Battleground' with GeneratedClass '/Game/Battleground.Battleground_C' with ClassGeneratedBy '/Game/Battleground.Battleground:PersistentLevel.Battleground'
[2019.01.11-10.17.05:888][141]LogBlueprintUserMessages: Early EndPlayMap Detection: Level '/Game/Battleground.Battleground:PersistentLevel' has LevelScriptBlueprint '/Game/Battleground.Battleground:PersistentLevel.Battleground' with GeneratedClass '/Game/Battleground.Battleground_C' with ClassGeneratedBy '/Game/Battleground.Battleground:PersistentLevel.Battleground'
[2019.01.11-10.17.05:888][141]LogSlate: Updating window title bar state: overlay mode, drag disabled, window buttons hidden, title bar hidden
[2019.01.11-10.17.05:926][141]LogPlayLevel: Display: Shutting down PIE online subsystems
[2019.01.11-10.17.05:926][141]LogBlueprintUserMessages: Late EndPlayMap Detection: Level '/Game/Battleground.Battleground:PersistentLevel' has LevelScriptBlueprint '/Game/Battleground.Battleground:PersistentLevel.Battleground' with GeneratedClass '/Game/Battleground.Battleground_C' with ClassGeneratedBy '/Game/Battleground.Battleground:PersistentLevel.Battleground'
[2019.01.11-10.17.05:953][141]LogSlate: Updating window title bar state: overlay mode, drag disabled, window buttons hidden, title bar hidden
[2019.01.11-10.17.05:998][143]LogPlayLevel: Display: Destroying online subsystem :Context_1
[2019.01.11-10.17.12:608][927]LogSlate: FSceneViewport::OnFocusLost() reason 0
[2019.01.11-10.17.23:008][143]LogSlate: FSceneViewport::OnFocusLost() reason 0
[2019.01.11-10.17.23:074][151]LogTemp: Repeating last play command: Selected Viewport
[2019.01.11-10.17.23:090][151]LogBlueprintUserMessages: Early PlayInEditor Detection: Level '/Game/Battleground.Battleground:PersistentLevel' has LevelScriptBlueprint '/Game/Battleground.Battleground:PersistentLevel.Battleground' with GeneratedClass '/Game/Battleground.Battleground_C' with ClassGeneratedBy '/Game/Battleground.Battleground:PersistentLevel.Battleground'
[2019.01.11-10.17.23:090][151]LogPlayLevel: PlayLevel: No blueprints needed recompiling
[2019.01.11-10.17.23:090][151]PIE: New page: PIE session: Battleground (Jan 11, 2019, 12:17:23 PM)
[2019.01.11-10.17.23:091][151]LogPlayLevel: Creating play world package: /Game/UEDPIE_0_Battleground
[2019.01.11-10.17.23:186][151]LogPlayLevel: PIE: StaticDuplicateObject took: (0.095805s)
[2019.01.11-10.17.23:187][151]LogAIModule: Creating AISystem for world Battleground
[2019.01.11-10.17.23:187][151]LogPlayLevel: PIE: World Init took: (0.000745s)
[2019.01.11-10.17.23:187][151]LogPlayLevel: PIE: Created PIE world by copying editor world from /Game/Battleground.Battleground to /Game/UEDPIE_0_Battleground.Battleground (0.096953s)
[2019.01.11-10.17.23:269][151]LogInit: XAudio2 using 'Headphones (High Definition Audio Device)' : 2 channels at 48 kHz using 16 bits per sample (channel mask 0x3)
[2019.01.11-10.17.23:283][151]LogInit: FAudioDevice initialized.
[2019.01.11-10.17.23:315][151]LogLoad: Game class is 'BattleTankGameMode_BP_C'
[2019.01.11-10.17.23:318][151]LogWorld: Bringing World /Game/UEDPIE_0_Battleground.Battleground up for play (max tick rate 0) at 2019.01.11-11.17.23
[2019.01.11-10.17.23:318][151]LogWorld: Bringing up level for play took: 0.002749
[2019.01.11-10.17.23:332][151]LogTemp: Warning: AI Controller Begin Play
[2019.01.11-10.17.23:333][151]LogTemp: Warning: Possesing Tank_BP_2
[2019.01.11-10.17.23:333][151]PIE: Play in editor start time for /Game/UEDPIE_0_Battleground 0.397
[2019.01.11-10.17.23:333][151]LogBlueprintUserMessages: Late PlayInEditor Detection: Level '/Game/Battleground.Battleground:PersistentLevel' has LevelScriptBlueprint '/Game/Battleground.Battleground:PersistentLevel.Battleground' with GeneratedClass '/Game/Battleground.Battleground_C' with ClassGeneratedBy '/Game/Battleground.Battleground:PersistentLevel.Battleground'
[2019.01.11-10.17.29:651][907]LogBlueprintUserMessages: Early EndPlayMap Detection: Level '/Game/Battleground.Battleground:PersistentLevel' has LevelScriptBlueprint '/Game/Battleground.Battleground:PersistentLevel.Battleground' with GeneratedClass '/Game/Battleground.Battleground_C' with ClassGeneratedBy '/Game/Battleground.Battleground:PersistentLevel.Battleground'
[2019.01.11-10.17.29:651][907]LogSlate: Updating window title bar state: overlay mode, drag disabled, window buttons hidden, title bar hidden
[2019.01.11-10.17.29:685][907]LogPlayLevel: Display: Shutting down PIE online subsystems
[2019.01.11-10.17.29:685][907]LogBlueprintUserMessages: Late EndPlayMap Detection: Level '/Game/Battleground.Battleground:PersistentLevel' has LevelScriptBlueprint '/Game/Battleground.Battleground:PersistentLevel.Battleground' with GeneratedClass '/Game/Battleground.Battleground_C' with ClassGeneratedBy '/Game/Battleground.Battleground:PersistentLevel.Battleground'
[2019.01.11-10.17.29:712][907]LogSlate: Updating window title bar state: overlay mode, drag disabled, window buttons hidden, title bar hidden
[2019.01.11-10.17.29:757][911]LogPlayLevel: Display: Destroying online subsystem :Context_3
[2019.01.11-10.17.46:330][104]LogSlate: Took 0.000174 seconds to synchronously load lazily loaded font '../../../Engine/Content/Slate/Fonts/Roboto-Light.ttf' (167K)
[2019.01.11-10.17.55:041][130]Cmd: OBJ SAVEPACKAGE PACKAGE="/Game/Battleground" FILE="E:/Unreal Projects/CPP_Tank/Tank_CPP/Saved/Autosaves/Game/Battleground_Auto1.umap" SILENT=true AUTOSAVING=true KEEPDIRTY=false
[2019.01.11-10.17.55:708][130]LogSavePackage: Moving 'E:/Unreal Projects/CPP_Tank/Tank_CPP/Saved/Battleground_Auto1B7E1C6614AAE77F0E9A7A49700800BF5.tmp' to 'E:/Unreal Projects/CPP_Tank/Tank_CPP/Saved/Autosaves/Game/Battleground_Auto1.umap'
[2019.01.11-10.17.55:712][130]LogFileHelpers: Editor autosave (incl. sublevels) for '/Game/Battleground' took 0.695
[2019.01.11-10.17.55:712][130]LogFileHelpers: Editor autosave (incl. sublevels) for all levels took 0.695
[2019.01.11-10.38.38:628][957]Candidate modules for hot reload:
[2019.01.11-10.38.38:628][957]  Tank_CPP
[2019.01.11-10.38.38:628][957]Launching UnrealBuildTool... [G:/Unreal Editor Versions/UE_4.21/Engine/Binaries/DotNET/UnrealBuildTool.exe  -ModuleWithSuffix=Tank_CPP,3561 Win64 Development -TargetType=Editor -Project="E:/Unreal Projects/CPP_Tank/Tank_CPP/Tank_CPP.uproject" -canskiplink "E:/Unreal Projects/CPP_Tank/Tank_CPP/Tank_CPP.uproject" ]
[2019.01.11-10.38.38:633][957]Warning: Starting HotReload took  0.0s.
[2019.01.11-10.39.03:966][527]CompilerResultsLog: New page: Compilation - Jan 11, 2019, 12:39:03 PM
[2019.01.11-10.39.03:966][527]CompilerResultsLog: Using 'git status' to determine working set for adaptive non-unity build (E:\Unreal Projects\CPP_Tank).
[2019.01.11-10.39.03:967][527]CompilerResultsLog: Creating makefile for hot reloading Tank_CPPEditor (source directory changed)
[2019.01.11-10.39.03:967][527]CompilerResultsLog: Compiling game modules for hot reload
[2019.01.11-10.39.03:967][527]CompilerResultsLog: Using Visual Studio 2017 14.16.27023 toolchain (C:\Program Files (x86)\Microsoft Visual Studio\2017\Community\VC\Tools\MSVC\14.16.27023) and Windows 10.0.17763.0 SDK (C:\Program Files (x86)\Windows Kits\10).
[2019.01.11-10.39.03:967][527]CompilerResultsLog: Parsing headers for Tank_CPPEditor
[2019.01.11-10.39.03:967][527]CompilerResultsLog:   Running UnrealHeaderTool "E:\Unreal Projects\CPP_Tank\Tank_CPP\Tank_CPP.uproject" "E:\Unreal Projects\CPP_Tank\Tank_CPP\Intermediate\Build\Win64\Tank_CPPEditor\Development\Tank_CPPEditor.uhtmanifest" -LogCmds="loginit warning, logexit warning, logdatabase error" -Unattended -WarningsAsErrors -installed
[2019.01.11-10.39.03:967][527]CompilerResultsLog: Reflection code generated for Tank_CPPEditor in 13.0625629 seconds
[2019.01.11-10.39.03:967][527]CompilerResultsLog: Building 4 actions with 12 processes...
[2019.01.11-10.39.03:967][527]CompilerResultsLog:   [1/4] TankAIController.cpp
[2019.01.11-10.39.03:967][527]CompilerResultsLog:   [2/4] TankAIController.gen.cpp
[2019.01.11-10.39.03:968][527]CompilerResultsLog:   [3/4] UE4Editor-Tank_CPP-3561.lib
[2019.01.11-10.39.03:968][527]CompilerResultsLog:      Creating library E:\Unreal Projects\CPP_Tank\Tank_CPP\Intermediate\Build\Win64\UE4Editor\Development\Tank_CPP\UE4Editor-Tank_CPP-3561.lib and object E:\Unreal Projects\CPP_Tank\Tank_CPP\Intermediate\Build\Win64\UE4Editor\Development\Tank_CPP\UE4Editor-Tank_CPP-3561.exp
[2019.01.11-10.39.03:968][527]CompilerResultsLog:   [4/4] UE4Editor-Tank_CPP-3561.dll
[2019.01.11-10.39.03:968][527]CompilerResultsLog:      Creating library E:\Unreal Projects\CPP_Tank\Tank_CPP\Intermediate\Build\Win64\UE4Editor\Development\Tank_CPP\UE4Editor-Tank_CPP-3561.suppressed.lib and object E:\Unreal Projects\CPP_Tank\Tank_CPP\Intermediate\Build\Win64\UE4Editor\Development\Tank_CPP\UE4Editor-Tank_CPP-3561.suppressed.exp
[2019.01.11-10.39.03:968][527]CompilerResultsLog: Total build time: 24.90 seconds (Parallel executor: 5.86 seconds)
[2019.01.11-10.39.03:968][527]LogMainFrame: MainFrame: Module compiling took 25.343 seconds
[2019.01.11-10.39.04:021][527]LogContentBrowser: Native class hierarchy updated for 'Tank_CPP' in 0.0005 seconds. Added 3 classes and 3 folders.
[2019.01.11-10.39.04:024][527]Display: HotReload successful (0 functions remapped  0 scriptstructs remapped)
[2019.01.11-10.39.04:212][527]LogContentBrowser: Native class hierarchy populated in 0.0112 seconds. Added 2655 classes and 625 folders.
[2019.01.11-10.39.04:403][527]Display: HotReload took 25.8s.
[2019.01.11-10.39.20:288][676]Candidate modules for hot reload:
[2019.01.11-10.39.20:288][676]  Tank_CPP
[2019.01.11-10.39.20:288][676]Launching UnrealBuildTool... [G:/Unreal Editor Versions/UE_4.21/Engine/Binaries/DotNET/UnrealBuildTool.exe  -ModuleWithSuffix=Tank_CPP,663 Win64 Development -TargetType=Editor -Project="E:/Unreal Projects/CPP_Tank/Tank_CPP/Tank_CPP.uproject" -canskiplink "E:/Unreal Projects/CPP_Tank/Tank_CPP/Tank_CPP.uproject" ]
[2019.01.11-10.39.20:293][676]Warning: Starting HotReload took  0.0s.
[2019.01.11-10.39.28:864][705]CompilerResultsLog: New page: Compilation - Jan 11, 2019, 12:39:28 PM
[2019.01.11-10.39.28:864][705]CompilerResultsLog: Using 'git status' to determine working set for adaptive non-unity build (E:\Unreal Projects\CPP_Tank).
[2019.01.11-10.39.28:864][705]CompilerResultsLog: Creating makefile for hot reloading Tank_CPPEditor (source directory changed)
[2019.01.11-10.39.28:864][705]CompilerResultsLog: Compiling game modules for hot reload
[2019.01.11-10.39.28:864][705]CompilerResultsLog: Using Visual Studio 2017 14.16.27023 toolchain (C:\Program Files (x86)\Microsoft Visual Studio\2017\Community\VC\Tools\MSVC\14.16.27023) and Windows 10.0.17763.0 SDK (C:\Program Files (x86)\Windows Kits\10).
[2019.01.11-10.39.28:864][705]CompilerResultsLog: Building 3 actions with 12 processes...
[2019.01.11-10.39.28:865][705]CompilerResultsLog:   [1/3] TankAIController.cpp
[2019.01.11-10.39.28:865][705]CompilerResultsLog:   [2/3] UE4Editor-Tank_CPP-663.lib
[2019.01.11-10.39.28:865][705]CompilerResultsLog:      Creating library E:\Unreal Projects\CPP_Tank\Tank_CPP\Intermediate\Build\Win64\UE4Editor\Development\Tank_CPP\UE4Editor-Tank_CPP-663.lib and object E:\Unreal Projects\CPP_Tank\Tank_CPP\Intermediate\Build\Win64\UE4Editor\Development\Tank_CPP\UE4Editor-Tank_CPP-663.exp
[2019.01.11-10.39.28:865][705]CompilerResultsLog:   [3/3] UE4Editor-Tank_CPP-663.dll
[2019.01.11-10.39.28:865][705]CompilerResultsLog:      Creating library E:\Unreal Projects\CPP_Tank\Tank_CPP\Intermediate\Build\Win64\UE4Editor\Development\Tank_CPP\UE4Editor-Tank_CPP-663.suppressed.lib and object E:\Unreal Projects\CPP_Tank\Tank_CPP\Intermediate\Build\Win64\UE4Editor\Development\Tank_CPP\UE4Editor-Tank_CPP-663.suppressed.exp
[2019.01.11-10.39.28:865][705]CompilerResultsLog: Total build time: 8.29 seconds (Parallel executor: 2.47 seconds)
[2019.01.11-10.39.28:865][705]LogMainFrame: MainFrame: Module compiling took 8.580 seconds
[2019.01.11-10.39.28:920][705]LogContentBrowser: Native class hierarchy updated for 'Tank_CPP' in 0.0004 seconds. Added 3 classes and 3 folders.
[2019.01.11-10.39.28:922][705]Display: HotReload successful (0 functions remapped  0 scriptstructs remapped)
[2019.01.11-10.39.28:988][705]LogContentBrowser: Native class hierarchy populated in 0.0111 seconds. Added 2655 classes and 625 folders.
[2019.01.11-10.39.28:988][705]Display: HotReload took  8.7s.
[2019.01.11-10.39.35:940][538]LogSlate: Took 0.006642 seconds to synchronously load lazily loaded font '../../../Engine/Content/Slate/Fonts/DroidSansMono.ttf' (77K)
[2019.01.11-10.39.37:360][700]LogTemp: Repeating last play command: Selected Viewport
[2019.01.11-10.39.37:378][700]LogBlueprintUserMessages: Early PlayInEditor Detection: Level '/Game/Battleground.Battleground:PersistentLevel' has LevelScriptBlueprint '/Game/Battleground.Battleground:PersistentLevel.Battleground' with GeneratedClass '/Game/Battleground.Battleground_C' with ClassGeneratedBy '/Game/Battleground.Battleground:PersistentLevel.Battleground'
[2019.01.11-10.39.37:379][700]LogPlayLevel: PlayLevel: No blueprints needed recompiling
[2019.01.11-10.39.37:379][700]PIE: New page: PIE session: Battleground (Jan 11, 2019, 12:39:37 PM)
[2019.01.11-10.39.37:379][700]LogPlayLevel: Creating play world package: /Game/UEDPIE_0_Battleground
[2019.01.11-10.39.37:474][700]LogPlayLevel: PIE: StaticDuplicateObject took: (0.094377s)
[2019.01.11-10.39.37:475][700]LogAIModule: Creating AISystem for world Battleground
[2019.01.11-10.39.37:475][700]LogPlayLevel: PIE: World Init took: (0.000991s)
[2019.01.11-10.39.37:475][700]LogPlayLevel: PIE: Created PIE world by copying editor world from /Game/Battleground.Battleground to /Game/UEDPIE_0_Battleground.Battleground (0.096102s)
[2019.01.11-10.39.37:524][700]LogInit: XAudio2 using 'Headphones (High Definition Audio Device)' : 2 channels at 48 kHz using 16 bits per sample (channel mask 0x3)
[2019.01.11-10.39.37:538][700]LogInit: FAudioDevice initialized.
[2019.01.11-10.39.37:571][700]LogLoad: Game class is 'BattleTankGameMode_BP_C'
[2019.01.11-10.39.37:575][700]LogWorld: Bringing World /Game/UEDPIE_0_Battleground.Battleground up for play (max tick rate 0) at 2019.01.11-11.39.37
[2019.01.11-10.39.37:575][700]LogWorld: Bringing up level for play took: 0.003148
[2019.01.11-10.39.37:590][700]LogTemp: Warning: AI Controller Begin Play
[2019.01.11-10.39.37:590][700]LogTemp: Warning: Player Controller =  Tank_BP_C_0
[2019.01.11-10.39.37:591][700]PIE: Play in editor start time for /Game/UEDPIE_0_Battleground 0.662
[2019.01.11-10.39.37:591][700]LogBlueprintUserMessages: Late PlayInEditor Detection: Level '/Game/Battleground.Battleground:PersistentLevel' has LevelScriptBlueprint '/Game/Battleground.Battleground:PersistentLevel.Battleground' with GeneratedClass '/Game/Battleground.Battleground_C' with ClassGeneratedBy '/Game/Battleground.Battleground:PersistentLevel.Battleground'
[2019.01.11-10.39.43:249][376]LogBlueprintUserMessages: Early EndPlayMap Detection: Level '/Game/Battleground.Battleground:PersistentLevel' has LevelScriptBlueprint '/Game/Battleground.Battleground:PersistentLevel.Battleground' with GeneratedClass '/Game/Battleground.Battleground_C' with ClassGeneratedBy '/Game/Battleground.Battleground:PersistentLevel.Battleground'
[2019.01.11-10.39.43:249][376]LogSlate: Updating window title bar state: overlay mode, drag disabled, window buttons hidden, title bar hidden
[2019.01.11-10.39.43:287][376]LogPlayLevel: Display: Shutting down PIE online subsystems
[2019.01.11-10.39.43:287][376]LogBlueprintUserMessages: Late EndPlayMap Detection: Level '/Game/Battleground.Battleground:PersistentLevel' has LevelScriptBlueprint '/Game/Battleground.Battleground:PersistentLevel.Battleground' with GeneratedClass '/Game/Battleground.Battleground_C' with ClassGeneratedBy '/Game/Battleground.Battleground:PersistentLevel.Battleground'
[2019.01.11-10.39.43:315][376]LogSlate: Updating window title bar state: overlay mode, drag disabled, window buttons hidden, title bar hidden
[2019.01.11-10.39.43:355][380]LogPlayLevel: Display: Destroying online subsystem :Context_4
[2019.01.11-10.39.44:802][553]LogEditorViewport: Clicking on Actor (LMB): Tank_BP_C (Tank_BP)
[2019.01.11-10.39.50:007][149]LogSlate: FSceneViewport::OnFocusLost() reason 0
[2019.01.11-10.39.50:565][216]LogTemp: Repeating last play command: Selected Viewport
[2019.01.11-10.39.50:581][216]LogBlueprintUserMessages: Early PlayInEditor Detection: Level '/Game/Battleground.Battleground:PersistentLevel' has LevelScriptBlueprint '/Game/Battleground.Battleground:PersistentLevel.Battleground' with GeneratedClass '/Game/Battleground.Battleground_C' with ClassGeneratedBy '/Game/Battleground.Battleground:PersistentLevel.Battleground'
[2019.01.11-10.39.50:582][216]LogPlayLevel: PlayLevel: No blueprints needed recompiling
[2019.01.11-10.39.50:582][216]PIE: New page: PIE session: Battleground (Jan 11, 2019, 12:39:50 PM)
[2019.01.11-10.39.50:582][216]LogPlayLevel: Creating play world package: /Game/UEDPIE_0_Battleground
[2019.01.11-10.39.50:675][216]LogPlayLevel: PIE: StaticDuplicateObject took: (0.093057s)
[2019.01.11-10.39.50:676][216]LogAIModule: Creating AISystem for world Battleground
[2019.01.11-10.39.50:676][216]LogPlayLevel: PIE: World Init took: (0.000775s)
[2019.01.11-10.39.50:677][216]LogPlayLevel: PIE: Created PIE world by copying editor world from /Game/Battleground.Battleground to /Game/UEDPIE_0_Battleground.Battleground (0.094546s)
[2019.01.11-10.39.50:757][216]LogInit: XAudio2 using 'Headphones (High Definition Audio Device)' : 2 channels at 48 kHz using 16 bits per sample (channel mask 0x3)
[2019.01.11-10.39.50:771][216]LogInit: FAudioDevice initialized.
[2019.01.11-10.39.50:803][216]LogLoad: Game class is 'BattleTankGameMode_BP_C'
[2019.01.11-10.39.50:806][216]LogWorld: Bringing World /Game/UEDPIE_0_Battleground.Battleground up for play (max tick rate 0) at 2019.01.11-11.39.50
[2019.01.11-10.39.50:807][216]LogWorld: Bringing up level for play took: 0.003333
[2019.01.11-10.39.50:821][216]LogTemp: Warning: AI Controller Begin Play
[2019.01.11-10.39.50:821][216]LogTemp: Warning: Player Controller =  Tank_BP_C_0
[2019.01.11-10.39.50:822][216]LogTemp: Warning: AI Controller Begin Play
[2019.01.11-10.39.50:822][216]LogTemp: Warning: Player Controller =  Tank_BP_C_0
[2019.01.11-10.39.50:823][216]PIE: Play in editor start time for /Game/UEDPIE_0_Battleground -0.106
[2019.01.11-10.39.50:823][216]LogBlueprintUserMessages: Late PlayInEditor Detection: Level '/Game/Battleground.Battleground:PersistentLevel' has LevelScriptBlueprint '/Game/Battleground.Battleground:PersistentLevel.Battleground' with GeneratedClass '/Game/Battleground.Battleground_C' with ClassGeneratedBy '/Game/Battleground.Battleground:PersistentLevel.Battleground'
[2019.01.11-10.39.53:810][573]LogBlueprintUserMessages: Early EndPlayMap Detection: Level '/Game/Battleground.Battleground:PersistentLevel' has LevelScriptBlueprint '/Game/Battleground.Battleground:PersistentLevel.Battleground' with GeneratedClass '/Game/Battleground.Battleground_C' with ClassGeneratedBy '/Game/Battleground.Battleground:PersistentLevel.Battleground'
[2019.01.11-10.39.53:811][573]LogSlate: Updating window title bar state: overlay mode, drag disabled, window buttons hidden, title bar hidden
[2019.01.11-10.39.53:850][573]LogPlayLevel: Display: Shutting down PIE online subsystems
[2019.01.11-10.39.53:850][573]LogBlueprintUserMessages: Late EndPlayMap Detection: Level '/Game/Battleground.Battleground:PersistentLevel' has LevelScriptBlueprint '/Game/Battleground.Battleground:PersistentLevel.Battleground' with GeneratedClass '/Game/Battleground.Battleground_C' with ClassGeneratedBy '/Game/Battleground.Battleground:PersistentLevel.Battleground'
[2019.01.11-10.39.53:880][573]LogSlate: Updating window title bar state: overlay mode, drag disabled, window buttons hidden, title bar hidden
[2019.01.11-10.39.53:914][575]LogPlayLevel: Display: Destroying online subsystem :Context_5
[2019.01.11-10.40.20:183][908]Cmd: OBJ SAVEPACKAGE PACKAGE="/Game/Battleground" FILE="E:/Unreal Projects/CPP_Tank/Tank_CPP/Saved/Autosaves/Game/Battleground_Auto2.umap" SILENT=true AUTOSAVING=true KEEPDIRTY=false
[2019.01.11-10.40.20:854][908]LogSavePackage: Moving 'E:/Unreal Projects/CPP_Tank/Tank_CPP/Saved/Battleground_Auto2542142734A0FB4E524F038B895E063D2.tmp' to 'E:/Unreal Projects/CPP_Tank/Tank_CPP/Saved/Autosaves/Game/Battleground_Auto2.umap'
[2019.01.11-10.40.20:857][908]LogFileHelpers: Editor autosave (incl. sublevels) for '/Game/Battleground' took 0.700
[2019.01.11-10.40.20:857][908]LogFileHelpers: Editor autosave (incl. sublevels) for all levels took 0.700
[2019.01.11-10.41.55:086][363]Candidate modules for hot reload:
[2019.01.11-10.41.55:086][363]  Tank_CPP
[2019.01.11-10.41.55:087][363]Launching UnrealBuildTool... [G:/Unreal Editor Versions/UE_4.21/Engine/Binaries/DotNET/UnrealBuildTool.exe  -ModuleWithSuffix=Tank_CPP,4409 Win64 Development -TargetType=Editor -Project="E:/Unreal Projects/CPP_Tank/Tank_CPP/Tank_CPP.uproject" -canskiplink "E:/Unreal Projects/CPP_Tank/Tank_CPP/Tank_CPP.uproject" ]
[2019.01.11-10.41.55:091][363]Warning: Starting HotReload took  0.0s.
[2019.01.11-10.42.03:378][357]CompilerResultsLog: New page: Compilation - Jan 11, 2019, 12:42:03 PM
[2019.01.11-10.42.03:378][357]CompilerResultsLog: Using 'git status' to determine working set for adaptive non-unity build (E:\Unreal Projects\CPP_Tank).
[2019.01.11-10.42.03:378][357]CompilerResultsLog: Creating makefile for hot reloading Tank_CPPEditor (source directory changed)
[2019.01.11-10.42.03:379][357]CompilerResultsLog: Compiling game modules for hot reload
[2019.01.11-10.42.03:379][357]CompilerResultsLog: Using Visual Studio 2017 14.16.27023 toolchain (C:\Program Files (x86)\Microsoft Visual Studio\2017\Community\VC\Tools\MSVC\14.16.27023) and Windows 10.0.17763.0 SDK (C:\Program Files (x86)\Windows Kits\10).
[2019.01.11-10.42.03:379][357]CompilerResultsLog: Building 3 actions with 12 processes...
[2019.01.11-10.42.03:380][357]CompilerResultsLog:   [1/3] TankAIController.cpp
[2019.01.11-10.42.03:380][357]CompilerResultsLog:   [2/3] UE4Editor-Tank_CPP-4409.lib
[2019.01.11-10.42.03:380][357]CompilerResultsLog:      Creating library E:\Unreal Projects\CPP_Tank\Tank_CPP\Intermediate\Build\Win64\UE4Editor\Development\Tank_CPP\UE4Editor-Tank_CPP-4409.lib and object E:\Unreal Projects\CPP_Tank\Tank_CPP\Intermediate\Build\Win64\UE4Editor\Development\Tank_CPP\UE4Editor-Tank_CPP-4409.exp
[2019.01.11-10.42.03:380][357]CompilerResultsLog:   [3/3] UE4Editor-Tank_CPP-4409.dll
[2019.01.11-10.42.03:381][357]CompilerResultsLog:      Creating library E:\Unreal Projects\CPP_Tank\Tank_CPP\Intermediate\Build\Win64\UE4Editor\Development\Tank_CPP\UE4Editor-Tank_CPP-4409.suppressed.lib and object E:\Unreal Projects\CPP_Tank\Tank_CPP\Intermediate\Build\Win64\UE4Editor\Development\Tank_CPP\UE4Editor-Tank_CPP-4409.suppressed.exp
[2019.01.11-10.42.03:381][357]CompilerResultsLog: Total build time: 8.02 seconds (Parallel executor: 2.40 seconds)
[2019.01.11-10.42.03:381][357]LogMainFrame: MainFrame: Module compiling took 8.298 seconds
[2019.01.11-10.42.03:436][357]LogContentBrowser: Native class hierarchy updated for 'Tank_CPP' in 0.0005 seconds. Added 3 classes and 3 folders.
[2019.01.11-10.42.03:439][357]Display: HotReload successful (0 functions remapped  0 scriptstructs remapped)
[2019.01.11-10.42.03:506][357]LogContentBrowser: Native class hierarchy populated in 0.0107 seconds. Added 2655 classes and 625 folders.
[2019.01.11-10.42.03:506][357]Display: HotReload took  8.4s.
[2019.01.11-11.10.42:660][489]Candidate modules for hot reload:
[2019.01.11-11.10.42:660][489]  Tank_CPP
[2019.01.11-11.10.42:660][489]Launching UnrealBuildTool... [G:/Unreal Editor Versions/UE_4.21/Engine/Binaries/DotNET/UnrealBuildTool.exe  -ModuleWithSuffix=Tank_CPP,1163 Win64 Development -TargetType=Editor -Project="E:/Unreal Projects/CPP_Tank/Tank_CPP/Tank_CPP.uproject" -canskiplink "E:/Unreal Projects/CPP_Tank/Tank_CPP/Tank_CPP.uproject" ]
[2019.01.11-11.10.42:666][489]Warning: Starting HotReload took  0.0s.
[2019.01.11-11.11.03:821][ 28]CompilerResultsLog: New page: Compilation - Jan 11, 2019, 1:11:03 PM
[2019.01.11-11.11.03:821][ 28]CompilerResultsLog: Using 'git status' to determine working set for adaptive non-unity build (E:\Unreal Projects\CPP_Tank).
[2019.01.11-11.11.03:821][ 28]CompilerResultsLog: Creating makefile for hot reloading Tank_CPPEditor (source directory changed)
[2019.01.11-11.11.03:822][ 28]CompilerResultsLog: Compiling game modules for hot reload
[2019.01.11-11.11.03:822][ 28]CompilerResultsLog: Using Visual Studio 2017 14.16.27023 toolchain (C:\Program Files (x86)\Microsoft Visual Studio\2017\Community\VC\Tools\MSVC\14.16.27023) and Windows 10.0.17763.0 SDK (C:\Program Files (x86)\Windows Kits\10).
[2019.01.11-11.11.03:823][ 28]CompilerResultsLog: Parsing headers for Tank_CPPEditor
[2019.01.11-11.11.03:823][ 28]CompilerResultsLog:   Running UnrealHeaderTool "E:\Unreal Projects\CPP_Tank\Tank_CPP\Tank_CPP.uproject" "E:\Unreal Projects\CPP_Tank\Tank_CPP\Intermediate\Build\Win64\Tank_CPPEditor\Development\Tank_CPPEditor.uhtmanifest" -LogCmds="loginit warning, logexit warning, logdatabase error" -Unattended -WarningsAsErrors -installed
[2019.01.11-11.11.03:823][ 28]CompilerResultsLog: Reflection code generated for Tank_CPPEditor in 13.0656393 seconds
[2019.01.11-11.11.03:824][ 28]CompilerResultsLog: Building 4 actions with 12 processes...
[2019.01.11-11.11.03:824][ 28]CompilerResultsLog:   [1/4] TankPlayerController.cpp
[2019.01.11-11.11.03:824][ 28]CompilerResultsLog:   [2/4] TankPlayerController.gen.cpp
[2019.01.11-11.11.03:824][ 28]CompilerResultsLog:   [3/4] UE4Editor-Tank_CPP-1163.lib
[2019.01.11-11.11.03:824][ 28]CompilerResultsLog:      Creating library E:\Unreal Projects\CPP_Tank\Tank_CPP\Intermediate\Build\Win64\UE4Editor\Development\Tank_CPP\UE4Editor-Tank_CPP-1163.lib and object E:\Unreal Projects\CPP_Tank\Tank_CPP\Intermediate\Build\Win64\UE4Editor\Development\Tank_CPP\UE4Editor-Tank_CPP-1163.exp
[2019.01.11-11.11.03:825][ 28]CompilerResultsLog:   [4/4] UE4Editor-Tank_CPP-1163.dll
[2019.01.11-11.11.03:825][ 28]CompilerResultsLog:      Creating library E:\Unreal Projects\CPP_Tank\Tank_CPP\Intermediate\Build\Win64\UE4Editor\Development\Tank_CPP\UE4Editor-Tank_CPP-1163.suppressed.lib and object E:\Unreal Projects\CPP_Tank\Tank_CPP\Intermediate\Build\Win64\UE4Editor\Development\Tank_CPP\UE4Editor-Tank_CPP-1163.suppressed.exp
[2019.01.11-11.11.03:826][ 28]CompilerResultsLog: Total build time: 20.88 seconds (Parallel executor: 1.80 seconds)
[2019.01.11-11.11.03:826][ 28]LogMainFrame: MainFrame: Module compiling took 21.169 seconds
[2019.01.11-11.11.03:884][ 28]LogContentBrowser: Native class hierarchy updated for 'Tank_CPP' in 0.0005 seconds. Added 3 classes and 3 folders.
[2019.01.11-11.11.03:887][ 28]Display: HotReload successful (0 functions remapped  0 scriptstructs remapped)
[2019.01.11-11.11.03:952][ 28]LogContentBrowser: Native class hierarchy populated in 0.0108 seconds. Added 2655 classes and 625 folders.
[2019.01.11-11.11.03:953][ 28]Display: HotReload took 21.3s.
[2019.01.11-11.11.06:970][390]LogTemp: Repeating last play command: Selected Viewport
[2019.01.11-11.11.06:988][390]LogBlueprintUserMessages: Early PlayInEditor Detection: Level '/Game/Battleground.Battleground:PersistentLevel' has LevelScriptBlueprint '/Game/Battleground.Battleground:PersistentLevel.Battleground' with GeneratedClass '/Game/Battleground.Battleground_C' with ClassGeneratedBy '/Game/Battleground.Battleground:PersistentLevel.Battleground'
[2019.01.11-11.11.06:989][390]LogPlayLevel: PlayLevel: No blueprints needed recompiling
[2019.01.11-11.11.06:989][390]PIE: New page: PIE session: Battleground (Jan 11, 2019, 1:11:06 PM)
[2019.01.11-11.11.06:989][390]LogPlayLevel: Creating play world package: /Game/UEDPIE_0_Battleground
[2019.01.11-11.11.07:082][390]LogPlayLevel: PIE: StaticDuplicateObject took: (0.092677s)
[2019.01.11-11.11.07:083][390]LogAIModule: Creating AISystem for world Battleground
[2019.01.11-11.11.07:083][390]LogPlayLevel: PIE: World Init took: (0.000879s)
[2019.01.11-11.11.07:083][390]LogPlayLevel: PIE: Created PIE world by copying editor world from /Game/Battleground.Battleground to /Game/UEDPIE_0_Battleground.Battleground (0.094302s)
[2019.01.11-11.11.07:133][390]LogInit: XAudio2 using 'Headphones (High Definition Audio Device)' : 2 channels at 48 kHz using 16 bits per sample (channel mask 0x3)
[2019.01.11-11.11.07:146][390]LogInit: FAudioDevice initialized.
[2019.01.11-11.11.07:184][390]LogLoad: Game class is 'BattleTankGameMode_BP_C'
[2019.01.11-11.11.07:187][390]LogWorld: Bringing World /Game/UEDPIE_0_Battleground.Battleground up for play (max tick rate 0) at 2019.01.11-12.11.07
[2019.01.11-11.11.07:188][390]LogWorld: Bringing up level for play took: 0.003452
[2019.01.11-11.11.07:202][390]LogTemp: Warning: AI Controller Begin Play
[2019.01.11-11.11.07:202][390]LogTemp: Warning: Player Controller =  Tank_BP_C_0
[2019.01.11-11.11.07:202][390]LogTemp: Warning: AI Controller Begin Play
[2019.01.11-11.11.07:202][390]LogTemp: Warning: Player Controller =  Tank_BP_C_0
[2019.01.11-11.11.07:203][390]PIE: Play in editor start time for /Game/UEDPIE_0_Battleground 0.282
[2019.01.11-11.11.07:204][390]LogBlueprintUserMessages: Late PlayInEditor Detection: Level '/Game/Battleground.Battleground:PersistentLevel' has LevelScriptBlueprint '/Game/Battleground.Battleground:PersistentLevel.Battleground' with GeneratedClass '/Game/Battleground.Battleground_C' with ClassGeneratedBy '/Game/Battleground.Battleground:PersistentLevel.Battleground'
[2019.01.11-11.11.10:230][750]LogBlueprintUserMessages: Early EndPlayMap Detection: Level '/Game/Battleground.Battleground:PersistentLevel' has LevelScriptBlueprint '/Game/Battleground.Battleground:PersistentLevel.Battleground' with GeneratedClass '/Game/Battleground.Battleground_C' with ClassGeneratedBy '/Game/Battleground.Battleground:PersistentLevel.Battleground'
[2019.01.11-11.11.10:231][750]LogSlate: Updating window title bar state: overlay mode, drag disabled, window buttons hidden, title bar hidden
[2019.01.11-11.11.10:271][750]LogPlayLevel: Display: Shutting down PIE online subsystems
[2019.01.11-11.11.10:271][750]LogBlueprintUserMessages: Late EndPlayMap Detection: Level '/Game/Battleground.Battleground:PersistentLevel' has LevelScriptBlueprint '/Game/Battleground.Battleground:PersistentLevel.Battleground' with GeneratedClass '/Game/Battleground.Battleground_C' with ClassGeneratedBy '/Game/Battleground.Battleground:PersistentLevel.Battleground'
[2019.01.11-11.11.10:298][750]LogSlate: Updating window title bar state: overlay mode, drag disabled, window buttons hidden, title bar hidden
[2019.01.11-11.11.10:331][753]LogPlayLevel: Display: Destroying online subsystem :Context_6
[2019.01.11-11.11.31:013][632]LogTemp: Repeating last play command: Selected Viewport
[2019.01.11-11.11.31:030][632]LogBlueprintUserMessages: Early PlayInEditor Detection: Level '/Game/Battleground.Battleground:PersistentLevel' has LevelScriptBlueprint '/Game/Battleground.Battleground:PersistentLevel.Battleground' with GeneratedClass '/Game/Battleground.Battleground_C' with ClassGeneratedBy '/Game/Battleground.Battleground:PersistentLevel.Battleground'
[2019.01.11-11.11.31:031][632]LogPlayLevel: PlayLevel: No blueprints needed recompiling
[2019.01.11-11.11.31:031][632]PIE: New page: PIE session: Battleground (Jan 11, 2019, 1:11:31 PM)
[2019.01.11-11.11.31:031][632]LogPlayLevel: Creating play world package: /Game/UEDPIE_0_Battleground
[2019.01.11-11.11.31:122][632]LogPlayLevel: PIE: StaticDuplicateObject took: (0.090578s)
[2019.01.11-11.11.31:122][632]LogAIModule: Creating AISystem for world Battleground
[2019.01.11-11.11.31:123][632]LogPlayLevel: PIE: World Init took: (0.000784s)
[2019.01.11-11.11.31:123][632]LogPlayLevel: PIE: Created PIE world by copying editor world from /Game/Battleground.Battleground to /Game/UEDPIE_0_Battleground.Battleground (0.092076s)
[2019.01.11-11.11.31:171][632]LogInit: XAudio2 using 'Headphones (High Definition Audio Device)' : 2 channels at 48 kHz using 16 bits per sample (channel mask 0x3)
[2019.01.11-11.11.31:184][632]LogInit: FAudioDevice initialized.
[2019.01.11-11.11.31:217][632]LogLoad: Game class is 'BattleTankGameMode_BP_C'
[2019.01.11-11.11.31:221][632]LogWorld: Bringing World /Game/UEDPIE_0_Battleground.Battleground up for play (max tick rate 0) at 2019.01.11-12.11.31
[2019.01.11-11.11.31:222][632]LogWorld: Bringing up level for play took: 0.003837
[2019.01.11-11.11.31:236][632]LogTemp: Warning: AI Controller Begin Play
[2019.01.11-11.11.31:237][632]LogTemp: Warning: Player Controller =  Tank_BP_C_0
[2019.01.11-11.11.31:237][632]LogTemp: Warning: AI Controller Begin Play
[2019.01.11-11.11.31:237][632]LogTemp: Warning: Player Controller =  Tank_BP_C_0
[2019.01.11-11.11.31:238][632]PIE: Play in editor start time for /Game/UEDPIE_0_Battleground 0.317
[2019.01.11-11.11.31:238][632]LogBlueprintUserMessages: Late PlayInEditor Detection: Level '/Game/Battleground.Battleground:PersistentLevel' has LevelScriptBlueprint '/Game/Battleground.Battleground:PersistentLevel.Battleground' with GeneratedClass '/Game/Battleground.Battleground_C' with ClassGeneratedBy '/Game/Battleground.Battleground:PersistentLevel.Battleground'
[2019.01.11-11.11.32:705][805]LogBlueprintUserMessages: Early EndPlayMap Detection: Level '/Game/Battleground.Battleground:PersistentLevel' has LevelScriptBlueprint '/Game/Battleground.Battleground:PersistentLevel.Battleground' with GeneratedClass '/Game/Battleground.Battleground_C' with ClassGeneratedBy '/Game/Battleground.Battleground:PersistentLevel.Battleground'
[2019.01.11-11.11.32:706][805]LogSlate: Updating window title bar state: overlay mode, drag disabled, window buttons hidden, title bar hidden
[2019.01.11-11.11.32:746][805]LogPlayLevel: Display: Shutting down PIE online subsystems
[2019.01.11-11.11.32:746][805]LogBlueprintUserMessages: Late EndPlayMap Detection: Level '/Game/Battleground.Battleground:PersistentLevel' has LevelScriptBlueprint '/Game/Battleground.Battleground:PersistentLevel.Battleground' with GeneratedClass '/Game/Battleground.Battleground_C' with ClassGeneratedBy '/Game/Battleground.Battleground:PersistentLevel.Battleground'
[2019.01.11-11.11.32:774][805]LogSlate: Updating window title bar state: overlay mode, drag disabled, window buttons hidden, title bar hidden
[2019.01.11-11.11.32:813][807]LogPlayLevel: Display: Destroying online subsystem :Context_7
[2019.01.11-11.14.25:203][799]Candidate modules for hot reload:
[2019.01.11-11.14.25:204][799]  Tank_CPP
[2019.01.11-11.14.25:204][799]Launching UnrealBuildTool... [G:/Unreal Editor Versions/UE_4.21/Engine/Binaries/DotNET/UnrealBuildTool.exe  -ModuleWithSuffix=Tank_CPP,7894 Win64 Development -TargetType=Editor -Project="E:/Unreal Projects/CPP_Tank/Tank_CPP/Tank_CPP.uproject" -canskiplink "E:/Unreal Projects/CPP_Tank/Tank_CPP/Tank_CPP.uproject" ]
[2019.01.11-11.14.25:208][799]Warning: Starting HotReload took  0.0s.
[2019.01.11-11.14.32:945][728]CompilerResultsLog: New page: Compilation - Jan 11, 2019, 1:14:32 PM
[2019.01.11-11.14.32:946][728]CompilerResultsLog: Using 'git status' to determine working set for adaptive non-unity build (E:\Unreal Projects\CPP_Tank).
[2019.01.11-11.14.32:946][728]CompilerResultsLog: Creating makefile for hot reloading Tank_CPPEditor (source directory changed)
[2019.01.11-11.14.32:946][728]CompilerResultsLog: Compiling game modules for hot reload
[2019.01.11-11.14.32:946][728]CompilerResultsLog: Using Visual Studio 2017 14.16.27023 toolchain (C:\Program Files (x86)\Microsoft Visual Studio\2017\Community\VC\Tools\MSVC\14.16.27023) and Windows 10.0.17763.0 SDK (C:\Program Files (x86)\Windows Kits\10).
[2019.01.11-11.14.32:947][728]CompilerResultsLog: Building 3 actions with 12 processes...
[2019.01.11-11.14.32:947][728]CompilerResultsLog:   [1/3] TankPlayerController.cpp
[2019.01.11-11.14.32:947][728]CompilerResultsLog:   [2/3] UE4Editor-Tank_CPP-7894.lib
[2019.01.11-11.14.32:948][728]CompilerResultsLog:      Creating library E:\Unreal Projects\CPP_Tank\Tank_CPP\Intermediate\Build\Win64\UE4Editor\Development\Tank_CPP\UE4Editor-Tank_CPP-7894.lib and object E:\Unreal Projects\CPP_Tank\Tank_CPP\Intermediate\Build\Win64\UE4Editor\Development\Tank_CPP\UE4Editor-Tank_CPP-7894.exp
[2019.01.11-11.14.32:948][728]CompilerResultsLog:   [3/3] UE4Editor-Tank_CPP-7894.dll
[2019.01.11-11.14.32:948][728]CompilerResultsLog:      Creating library E:\Unreal Projects\CPP_Tank\Tank_CPP\Intermediate\Build\Win64\UE4Editor\Development\Tank_CPP\UE4Editor-Tank_CPP-7894.suppressed.lib and object E:\Unreal Projects\CPP_Tank\Tank_CPP\Intermediate\Build\Win64\UE4Editor\Development\Tank_CPP\UE4Editor-Tank_CPP-7894.suppressed.exp
[2019.01.11-11.14.32:949][728]CompilerResultsLog: Total build time: 7.47 seconds (Parallel executor: 1.69 seconds)
[2019.01.11-11.14.32:949][728]LogMainFrame: MainFrame: Module compiling took 7.748 seconds
[2019.01.11-11.14.33:006][728]LogContentBrowser: Native class hierarchy updated for 'Tank_CPP' in 0.0005 seconds. Added 3 classes and 3 folders.
[2019.01.11-11.14.33:009][728]Display: HotReload successful (0 functions remapped  0 scriptstructs remapped)
[2019.01.11-11.14.33:073][728]LogContentBrowser: Native class hierarchy populated in 0.0108 seconds. Added 2655 classes and 625 folders.
[2019.01.11-11.14.33:073][728]Display: HotReload took  7.9s.
[2019.01.11-11.14.35:232][987]LogTemp: Repeating last play command: Selected Viewport
[2019.01.11-11.14.35:249][987]LogBlueprintUserMessages: Early PlayInEditor Detection: Level '/Game/Battleground.Battleground:PersistentLevel' has LevelScriptBlueprint '/Game/Battleground.Battleground:PersistentLevel.Battleground' with GeneratedClass '/Game/Battleground.Battleground_C' with ClassGeneratedBy '/Game/Battleground.Battleground:PersistentLevel.Battleground'
[2019.01.11-11.14.35:250][987]LogPlayLevel: PlayLevel: No blueprints needed recompiling
[2019.01.11-11.14.35:250][987]PIE: New page: PIE session: Battleground (Jan 11, 2019, 1:14:35 PM)
[2019.01.11-11.14.35:251][987]LogPlayLevel: Creating play world package: /Game/UEDPIE_0_Battleground
[2019.01.11-11.14.35:341][987]LogPlayLevel: PIE: StaticDuplicateObject took: (0.090156s)
[2019.01.11-11.14.35:342][987]LogAIModule: Creating AISystem for world Battleground
[2019.01.11-11.14.35:342][987]LogPlayLevel: PIE: World Init took: (0.000749s)
[2019.01.11-11.14.35:343][987]LogPlayLevel: PIE: Created PIE world by copying editor world from /Game/Battleground.Battleground to /Game/UEDPIE_0_Battleground.Battleground (0.091636s)
[2019.01.11-11.14.35:391][987]LogInit: XAudio2 using 'Headphones (High Definition Audio Device)' : 2 channels at 48 kHz using 16 bits per sample (channel mask 0x3)
[2019.01.11-11.14.35:405][987]LogInit: FAudioDevice initialized.
[2019.01.11-11.14.35:439][987]LogLoad: Game class is 'BattleTankGameMode_BP_C'
[2019.01.11-11.14.35:443][987]LogWorld: Bringing World /Game/UEDPIE_0_Battleground.Battleground up for play (max tick rate 0) at 2019.01.11-12.14.35
[2019.01.11-11.14.35:444][987]LogWorld: Bringing up level for play took: 0.003556
[2019.01.11-11.14.35:459][987]LogTemp: Warning: AI Controller Begin Play
[2019.01.11-11.14.35:459][987]LogTemp: Warning: Player Controller =  Tank_BP_C_0
[2019.01.11-11.14.35:459][987]LogTemp: Warning: AI Controller Begin Play
[2019.01.11-11.14.35:459][987]LogTemp: Warning: Player Controller =  Tank_BP_C_0
[2019.01.11-11.14.35:460][987]PIE: Play in editor start time for /Game/UEDPIE_0_Battleground 0.541
[2019.01.11-11.14.35:461][987]LogBlueprintUserMessages: Late PlayInEditor Detection: Level '/Game/Battleground.Battleground:PersistentLevel' has LevelScriptBlueprint '/Game/Battleground.Battleground:PersistentLevel.Battleground' with GeneratedClass '/Game/Battleground.Battleground_C' with ClassGeneratedBy '/Game/Battleground.Battleground:PersistentLevel.Battleground'
[2019.01.11-11.14.37:138][185]LogBlueprintUserMessages: Early EndPlayMap Detection: Level '/Game/Battleground.Battleground:PersistentLevel' has LevelScriptBlueprint '/Game/Battleground.Battleground:PersistentLevel.Battleground' with GeneratedClass '/Game/Battleground.Battleground_C' with ClassGeneratedBy '/Game/Battleground.Battleground:PersistentLevel.Battleground'
[2019.01.11-11.14.37:139][185]LogSlate: Updating window title bar state: overlay mode, drag disabled, window buttons hidden, title bar hidden
[2019.01.11-11.14.37:179][185]LogPlayLevel: Display: Shutting down PIE online subsystems
[2019.01.11-11.14.37:180][185]LogBlueprintUserMessages: Late EndPlayMap Detection: Level '/Game/Battleground.Battleground:PersistentLevel' has LevelScriptBlueprint '/Game/Battleground.Battleground:PersistentLevel.Battleground' with GeneratedClass '/Game/Battleground.Battleground_C' with ClassGeneratedBy '/Game/Battleground.Battleground:PersistentLevel.Battleground'
[2019.01.11-11.14.37:207][185]LogSlate: Updating window title bar state: overlay mode, drag disabled, window buttons hidden, title bar hidden
[2019.01.11-11.14.37:242][187]LogPlayLevel: Display: Destroying online subsystem :Context_8
